<?xml version="1.0" encoding="utf-8"?><testsuites name="pytest tests"><testsuite name="pytest" errors="0" failures="0" skipped="0" tests="26" time="7.194" timestamp="2026-04-30T19:51:16.883104+00:00" hostname="agent-env-2dbda4c7-4193-49f4-8159-269cbfde478f"><testcase classname="tests.test_riverbend_demo_sanitation.TestClinicProfile" name="test_single_riverbend_profile" time="0.443" /><testcase classname="tests.test_riverbend_demo_sanitation.TestAppointmentTypes" name="test_appointment_types_riverbend" time="0.065" /><testcase classname="tests.test_riverbend_demo_sanitation.TestRooms" name="test_rooms_exact_seven" time="0.335" /><testcase classname="tests.test_riverbend_demo_sanitation.TestTenancyContext" name="test_single_riverbend_location" time="0.056" /><testcase classname="tests.test_riverbend_demo_sanitation.TestAuthMe" name="test_admin_profile" time="0.054" /><testcase classname="tests.test_riverbend_demo_sanitation.TestAuthMe" name="test_doctor_profile" time="0.416" /><testcase classname="tests.test_riverbend_demo_sanitation.TestPatients" name="test_eight_personas_present" time="0.064" /><testcase classname="tests.test_riverbend_demo_sanitation.TestPatients" name="test_every_patient_has_sex" time="0.003" /><testcase classname="tests.test_riverbend_demo_sanitation.TestPatientPatchRoundTrip" name="test_patch_round_trip[Hannah Whitaker]" time="0.114" /><testcase classname="tests.test_riverbend_demo_sanitation.TestPatientPatchRoundTrip" name="test_patch_round_trip[Marcus Reid]" time="0.118" /><testcase classname="tests.test_riverbend_demo_sanitation.TestClaimDisplayVsStorage" name="test_detail_refs_resolve_all_foreign_keys" time="0.133" /><testcase classname="tests.test_riverbend_demo_sanitation.TestClaimDisplayVsStorage" name="test_billing_provider_has_real_npi" time="0.118" /><testcase classname="tests.test_riverbend_demo_sanitation.TestClaimDisplayVsStorage" name="test_claims_queue_rows_use_readable_names" time="0.077" /><testcase classname="tests.test_riverbend_demo_sanitation.TestClaimDisplayVsStorage" name="test_assignable_users_endpoint" time="0.055" /><testcase classname="tests.test_riverbend_demo_sanitation.TestClaimDisplayVsStorage" name="test_x12_builder_refuses_uuid_as_npi" time="0.006" /><testcase classname="tests.test_riverbend_demo_sanitation.TestClinicalChartCompleteness" name="test_every_persona_has_episode" time="0.490" /><testcase classname="tests.test_riverbend_demo_sanitation.TestClinicalChartCompleteness" name="test_every_persona_has_treatment_plan" time="0.460" /><testcase classname="tests.test_riverbend_demo_sanitation.TestClinicalChartCompleteness" name="test_every_persona_has_diagnoses" time="0.449" /><testcase classname="tests.test_riverbend_demo_sanitation.TestClinicalChartCompleteness" name="test_every_persona_has_history_snapshot" time="0.432" /><testcase classname="tests.test_riverbend_demo_sanitation.TestClinicalChartCompleteness" name="test_every_persona_has_intake_form" time="0.469" /><testcase classname="tests.test_riverbend_demo_sanitation.TestRiverbendIntegrity" name="test_no_cross_domain_violations" time="2.671" /><testcase classname="tests.test_riverbend_demo_sanitation.TestRiverbendIntegrity" name="test_canonical_entity_counts" time="0.042" /><testcase classname="tests.test_riverbend_demo_sanitation.TestRiverbendClinicalWorkflowChain" name="test_every_persona_with_plan_has_encounter" time="0.010" /><testcase classname="tests.test_riverbend_demo_sanitation.TestRiverbendClinicalWorkflowChain" name="test_encounters_anchor_to_appointments" time="0.010" /><testcase classname="tests.test_riverbend_demo_sanitation.TestRiverbendClinicalWorkflowChain" name="test_initial_exam_precedes_follow_ups" time="0.015" /><testcase classname="tests.test_riverbend_demo_sanitation.TestRiverbendClinicalWorkflowChain" name="test_riverbend_workflow_chain_counts" time="0.053" /></testsuite></testsuites>