<?xml version="1.0" encoding="utf-8"?><testsuites name="pytest tests"><testsuite name="pytest" errors="0" failures="0" skipped="0" tests="9" time="5.570" timestamp="2026-04-21T12:24:23.371532+00:00" hostname="agent-env-97773997-dafa-4a0c-9413-e199a5cc15c1"><testcase classname="backend.tests.test_profile_self_service.TestProfileSelfService" name="test_me_includes_profile_fields" time="0.440" /><testcase classname="backend.tests.test_profile_self_service.TestProfileSelfService" name="test_patch_profile_persists_and_syncs_name" time="0.467" /><testcase classname="backend.tests.test_profile_self_service.TestProfileSelfService" name="test_name_falls_back_to_first_last_when_display_cleared" time="0.433" /><testcase classname="backend.tests.test_profile_self_service.TestProfileSelfService" name="test_empty_clears_field" time="0.499" /><testcase classname="backend.tests.test_profile_self_service.TestProfileSelfService" name="test_patch_empty_payload_rejected" time="0.382" /><testcase classname="backend.tests.test_profile_self_service.TestProfileSelfService" name="test_unauthenticated_patch_rejected" time="0.103" /><testcase classname="backend.tests.test_profile_self_service.TestProfileSelfService" name="test_email_change_without_reauth_rejected" time="0.383" /><testcase classname="backend.tests.test_profile_self_service.TestProfileSelfService" name="test_email_change_with_reauth_succeeds_and_rotates_session" time="1.800" /><testcase classname="backend.tests.test_profile_self_service.TestProfileSelfService" name="test_email_collision_returns_409" time="0.994" /></testsuite></testsuites>