<?xml version="1.0" encoding="utf-8"?><testsuites name="pytest tests"><testsuite name="pytest" errors="0" failures="0" skipped="0" tests="15" time="9.465" timestamp="2026-04-20T01:34:27.566189+00:00" hostname="agent-env-e9e0b22c-c7c0-463a-9839-8c9025625def"><testcase classname="backend.tests.test_iteration12_authz" name="test_matrix_shape" time="0.438" /><testcase classname="backend.tests.test_iteration12_authz" name="test_roles_catalogue" time="0.406" /><testcase classname="backend.tests.test_iteration12_authz" name="test_permissions_catalogue" time="0.415" /><testcase classname="backend.tests.test_iteration12_authz" name="test_me_permissions_for_legacy_roles[creds0-super_admin]" time="0.406" /><testcase classname="backend.tests.test_iteration12_authz" name="test_me_permissions_for_legacy_roles[creds1-provider]" time="0.423" /><testcase classname="backend.tests.test_iteration12_authz" name="test_me_permissions_for_legacy_roles[creds2-clinical_staff]" time="0.392" /><testcase classname="backend.tests.test_iteration12_authz" name="test_me_permissions_for_legacy_roles[creds3-patient_portal]" time="0.389" /><testcase classname="backend.tests.test_iteration12_authz" name="test_patient_cannot_list_roles" time="0.417" /><testcase classname="backend.tests.test_iteration12_authz" name="test_doctor_cannot_read_privileged_report" time="0.402" /><testcase classname="backend.tests.test_iteration12_authz" name="test_admin_audit_report_requires_mfa" time="0.393" /><testcase classname="backend.tests.test_iteration12_authz" name="test_admin_audit_report_ok_with_reauth" time="0.694" /><testcase classname="backend.tests.test_iteration12_authz" name="test_elevation_flow_and_separation_of_duties" time="1.245" /><testcase classname="backend.tests.test_iteration12_authz" name="test_role_assign_and_revoke" time="1.006" /><testcase classname="backend.tests.test_iteration12_authz" name="test_reports_smoke" time="1.308" /><testcase classname="backend.tests.test_iteration12_authz" name="test_denied_is_audited" time="1.068" /></testsuite></testsuites>