<?xml version="1.0" encoding="utf-8"?><testsuites name="pytest tests"><testsuite name="pytest" errors="0" failures="0" skipped="0" tests="47" time="19.604" timestamp="2026-04-21T15:54:24.777365+00:00" hostname="agent-env-6c035615-c11a-4f81-b545-3c63b8324508"><testcase classname="tests.test_dea_validation.TestComputeDeaCheckDigit" name="test_cms_example" time="0.245" /><testcase classname="tests.test_dea_validation.TestComputeDeaCheckDigit" name="test_zero_body" time="0.118" /><testcase classname="tests.test_dea_validation.TestComputeDeaCheckDigit" name="test_rejects_wrong_length" time="0.149" /><testcase classname="tests.test_dea_validation.TestComputeDeaCheckDigit" name="test_rejects_non_digit" time="0.109" /><testcase classname="tests.test_dea_validation.TestIsValidDea" name="test_known_valid[AB1234563]" time="0.123" /><testcase classname="tests.test_dea_validation.TestIsValidDea" name="test_known_valid[AB9876547]" time="0.116" /><testcase classname="tests.test_dea_validation.TestIsValidDea" name="test_known_valid[BM9999991]" time="0.119" /><testcase classname="tests.test_dea_validation.TestIsValidDea" name="test_known_valid[CF1000001]" time="0.119" /><testcase classname="tests.test_dea_validation.TestIsValidDea" name="test_wrong_checksum[AB1234567]" time="0.134" /><testcase classname="tests.test_dea_validation.TestIsValidDea" name="test_wrong_checksum[AB1234560]" time="0.117" /><testcase classname="tests.test_dea_validation.TestIsValidDea" name="test_invalid_registrant_letter[IB1234563]" time="0.115" /><testcase classname="tests.test_dea_validation.TestIsValidDea" name="test_invalid_registrant_letter[NA1234563]" time="0.124" /><testcase classname="tests.test_dea_validation.TestIsValidDea" name="test_invalid_registrant_letter[QA1234563]" time="0.151" /><testcase classname="tests.test_dea_validation.TestIsValidDea" name="test_lowercase_is_normalised" time="0.123" /><testcase classname="tests.test_dea_validation.TestIsValidDea" name="test_mixed_case_is_normalised" time="0.102" /><testcase classname="tests.test_dea_validation.TestIsValidDea" name="test_surrounding_whitespace_is_trimmed" time="0.119" /><testcase classname="tests.test_dea_validation.TestIsValidDea" name="test_structurally_garbage[]" time="0.120" /><testcase classname="tests.test_dea_validation.TestIsValidDea" name="test_structurally_garbage[None]" time="0.194" /><testcase classname="tests.test_dea_validation.TestIsValidDea" name="test_structurally_garbage[A1234563]" time="0.117" /><testcase classname="tests.test_dea_validation.TestIsValidDea" name="test_structurally_garbage[AB12345631]" time="0.111" /><testcase classname="tests.test_dea_validation.TestIsValidDea" name="test_structurally_garbage[AB-1234563]" time="0.120" /><testcase classname="tests.test_dea_validation.TestIsValidDea" name="test_structurally_garbage[AB 1234563]" time="0.132" /><testcase classname="tests.test_dea_validation.TestIsValidDea" name="test_structurally_garbage[AB123456X]" time="0.117" /><testcase classname="tests.test_dea_validation.TestIsValidDea" name="test_structurally_garbage[3B1234563]" time="0.108" /><testcase classname="tests.test_dea_validation.TestIsValidDea" name="test_structurally_garbage[A$1234563]" time="0.127" /><testcase classname="tests.test_dea_validation.TestValidateDeaOrRaise" name="test_happy_path_returns_normalised" time="0.110" /><testcase classname="tests.test_dea_validation.TestValidateDeaOrRaise" name="test_empty_raises" time="0.140" /><testcase classname="tests.test_dea_validation.TestValidateDeaOrRaise" name="test_length_mismatch_message" time="0.108" /><testcase classname="tests.test_dea_validation.TestValidateDeaOrRaise" name="test_leading_digit_message" time="0.116" /><testcase classname="tests.test_dea_validation.TestValidateDeaOrRaise" name="test_invalid_registrant_message" time="0.117" /><testcase classname="tests.test_dea_validation.TestValidateDeaOrRaise" name="test_non_digit_body_message" time="0.143" /><testcase classname="tests.test_dea_validation.TestValidateDeaOrRaise" name="test_checksum_mismatch_message" time="0.426" /><testcase classname="tests.test_dea_validation.TestMatchesLastNameInitial" name="test_match" time="0.130" /><testcase classname="tests.test_dea_validation.TestMatchesLastNameInitial" name="test_mismatch" time="0.116" /><testcase classname="tests.test_dea_validation.TestMatchesLastNameInitial" name="test_empty_inputs_are_false" time="0.108" /><testcase classname="tests.test_dea_validation" name="test_registrant_code_set_is_expected" time="0.103" /><testcase classname="tests.test_dea_validation.TestBackendDeaEnforcement" name="test_accepts_valid_dea" time="1.297" /><testcase classname="tests.test_dea_validation.TestBackendDeaEnforcement" name="test_accepts_lowercase_and_normalises_upper" time="1.131" /><testcase classname="tests.test_dea_validation.TestBackendDeaEnforcement" name="test_rejects_checksum_failure" time="1.198" /><testcase classname="tests.test_dea_validation.TestBackendDeaEnforcement" name="test_rejects_invalid_registrant" time="1.161" /><testcase classname="tests.test_dea_validation.TestBackendDeaEnforcement" name="test_rejects_wrong_length" time="1.195" /><testcase classname="tests.test_dea_validation.TestBackendDeaEnforcement" name="test_rejects_non_alphanumeric" time="1.136" /><testcase classname="tests.test_dea_validation.TestBackendDeaEnforcement" name="test_empty_string_clears_value" time="1.304" /><testcase classname="tests.test_dea_validation.TestBackendDeaEnforcement" name="test_optional_expiry_accepted" time="1.239" /><testcase classname="tests.test_dea_validation.TestBackendDeaEnforcement" name="test_bad_expiry_format_rejected" time="1.158" /><testcase classname="tests.test_dea_validation.TestDeaAudit" name="test_dea_write_is_audited" time="1.965" /><testcase classname="tests.test_dea_validation.TestDeaAudit" name="test_dea_clear_is_audited" time="1.929" /></testsuite></testsuites>