<?xml version="1.0" encoding="utf-8"?><testsuites name="pytest tests"><testsuite name="pytest" errors="0" failures="0" skipped="0" tests="13" time="10.190" timestamp="2026-04-20T20:46:46.471274+00:00" hostname="agent-env-fbd485ae-1d68-47ae-b26f-c7747d1a2e80"><testcase classname="backend.tests.test_billing_phase2.TestFeeSchedules" name="test_create_self_pay_unique" time="0.598" /><testcase classname="backend.tests.test_billing_phase2.TestFeeSchedules" name="test_create_payer_schedule_requires_payer_id" time="0.545" /><testcase classname="backend.tests.test_billing_phase2.TestFeeSchedules" name="test_upsert_lines_is_idempotent" time="0.695" /><testcase classname="backend.tests.test_billing_phase2.TestInsurancePolicies" name="test_update_and_deactivate" time="0.751" /><testcase classname="backend.tests.test_billing_phase2.TestRecordCodingAndSign" name="test_coding_requires_unsigned_record" time="0.704" /><testcase classname="backend.tests.test_billing_phase2.TestRecordCodingAndSign" name="test_sign_is_idempotent" time="0.710" /><testcase classname="backend.tests.test_billing_phase2.TestChargeCapture" name="test_preview_self_pay_uses_self_pay_schedule" time="0.756" /><testcase classname="backend.tests.test_billing_phase2.TestChargeCapture" name="test_preview_warns_when_insurance_missing_policy" time="0.800" /><testcase classname="backend.tests.test_billing_phase2.TestChargeCapture" name="test_capture_requires_signed_record" time="0.702" /><testcase classname="backend.tests.test_billing_phase2.TestChargeCapture" name="test_capture_self_pay_happy_path" time="0.868" /><testcase classname="backend.tests.test_billing_phase2.TestChargeCapture" name="test_capture_insurance_uses_payer_schedule" time="0.965" /><testcase classname="backend.tests.test_billing_phase2.TestTenantIsolationPhase2" name="test_sunrise_cannot_preview_default_encounter" time="1.135" /><testcase classname="backend.tests.test_billing_phase2.TestPhase2Audit" name="test_capture_emits_audit_and_previewed" time="0.884" /></testsuite></testsuites>