<?xml version="1.0" encoding="utf-8"?><testsuites name="pytest tests"><testsuite name="pytest" errors="0" failures="0" skipped="0" tests="3" time="1.762" timestamp="2026-04-22T00:47:04.927398+00:00" hostname="agent-env-abba4eba-5e10-4a3b-8f86-64a260e6123d"><testcase classname="backend.tests.test_statements_bulk_send" name="test_bulk_send_dry_run_returns_pending_candidates" time="0.571" /><testcase classname="backend.tests.test_statements_bulk_send" name="test_bulk_send_is_idempotent_on_unchanged_balances" time="0.627" /><testcase classname="backend.tests.test_statements_bulk_send" name="test_bulk_send_rejects_doctor_role" time="0.543" /></testsuite></testsuites>