<?xml version="1.0" encoding="utf-8"?><testsuites name="pytest tests"><testsuite name="pytest" errors="0" failures="0" skipped="0" tests="17" time="11.467" timestamp="2026-04-20T00:03:18.993840+00:00" hostname="agent-env-a3108878-c232-4d0d-b887-df4b4632a33f"><testcase classname="backend.tests.test_iteration9_operational_security.TestSecurityLoggerScrub" name="test_banned_keys_redacted" time="0.063" /><testcase classname="backend.tests.test_iteration9_operational_security.TestSecurityLoggerScrub" name="test_banned_meta_keys_contains_expected" time="0.000" /><testcase classname="backend.tests.test_iteration9_operational_security.TestMonitoringHooksRBAC" name="test_anon_is_401" time="0.177" /><testcase classname="backend.tests.test_iteration9_operational_security.TestMonitoringHooksRBAC" name="test_patient_is_403" time="0.416" /><testcase classname="backend.tests.test_iteration9_operational_security.TestMonitoringHooksRBAC" name="test_doctor_is_403" time="0.384" /><testcase classname="backend.tests.test_iteration9_operational_security.TestMonitoringHooksRBAC" name="test_staff_is_403" time="0.424" /><testcase classname="backend.tests.test_iteration9_operational_security.TestMonitoringHooksRBAC" name="test_admin_200_shape" time="0.389" /><testcase classname="backend.tests.test_iteration9_operational_security.TestMetricsCountersIncrement" name="test_auth_failure_increments" time="0.869" /><testcase classname="backend.tests.test_iteration9_operational_security.TestMetricsCountersIncrement" name="test_phi_list_viewed_increments" time="0.799" /><testcase classname="backend.tests.test_iteration9_operational_security.TestMetricsCountersIncrement" name="test_audit_csv_export_increments" time="0.824" /><testcase classname="backend.tests.test_iteration9_operational_security.TestMetricsCountersIncrement" name="test_privileged_user_disabled_increments" time="1.108" /><testcase classname="backend.tests.test_iteration9_operational_security.TestMetricsCountersIncrement" name="test_breakglass_increments" time="0.838" /><testcase classname="backend.tests.test_iteration9_operational_security.TestMetricsCountersIncrement" name="test_privacy_request_create_increments" time="0.785" /><testcase classname="backend.tests.test_iteration9_operational_security.TestRateLimitBlock" name="test_rate_limit_block_emits_and_counts" time="2.820" /><testcase classname="backend.tests.test_iteration9_operational_security.TestSecurityJsonLogLines" name="test_auth_login_json_line_present" time="1.134" /><testcase classname="backend.tests.test_iteration9_operational_security.TestSecureEndpointErrorsCounter" name="test_counter_is_registered" time="0.161" /><testcase classname="backend.tests.test_iteration9_operational_security.TestSecureEndpointErrorsCounter" name="test_error_handler_installed" time="0.186" /></testsuite></testsuites>