<?xml version="1.0" encoding="utf-8"?><testsuites name="pytest tests"><testsuite name="pytest" errors="0" failures="0" skipped="0" tests="15" time="3.614" timestamp="2026-04-19T23:44:44.247651+00:00" hostname="agent-env-a3108878-c232-4d0d-b887-df4b4632a33f"><testcase classname="tests.test_iteration8_security_config.TestSecurityConfigRBAC" name="test_anon_is_401" time="0.174" /><testcase classname="tests.test_iteration8_security_config.TestSecurityConfigRBAC" name="test_patient_is_403" time="0.424" /><testcase classname="tests.test_iteration8_security_config.TestSecurityConfigRBAC" name="test_doctor_is_403" time="0.386" /><testcase classname="tests.test_iteration8_security_config.TestSecurityConfigRBAC" name="test_staff_is_403" time="0.406" /><testcase classname="tests.test_iteration8_security_config.TestSecurityConfigRBAC" name="test_admin_200_and_payload_shape" time="0.422" /><testcase classname="tests.test_iteration8_security_config.TestSecurityConfigRBAC" name="test_no_full_secrets_in_response" time="0.061" /><testcase classname="tests.test_iteration8_security_config.TestComplianceOverviewRegression" name="test_anon_401" time="0.108" /><testcase classname="tests.test_iteration8_security_config.TestComplianceOverviewRegression" name="test_patient_403" time="0.062" /><testcase classname="tests.test_iteration8_security_config.TestComplianceOverviewRegression" name="test_doctor_403" time="0.048" /><testcase classname="tests.test_iteration8_security_config.TestComplianceOverviewRegression" name="test_admin_200" time="0.090" /><testcase classname="tests.test_iteration8_security_config.TestDOBEncryption" name="test_create_unmask_get_and_dob_roundtrip" time="0.478" /><testcase classname="tests.test_iteration8_security_config.TestDOBEncryption" name="test_raw_db_dob_is_ciphertext" time="0.743" /><testcase classname="tests.test_iteration8_security_config.TestLegacyPlaintextPassthrough" name="test_decrypt_text_passes_plaintext_through" time="0.050" /><testcase classname="tests.test_iteration8_security_config.TestEnsureRequiredFailFast" name="test_missing_dek_raises" time="0.037" /><testcase classname="tests.test_iteration8_security_config.TestEnsureRequiredFailFast" name="test_all_present_does_not_raise" time="0.041" /></testsuite></testsuites>