<?xml version="1.0" encoding="utf-8"?><testsuites name="pytest tests"><testsuite name="pytest" errors="0" failures="0" skipped="0" tests="12" time="10.639" timestamp="2026-04-21T03:31:48.937756+00:00" hostname="agent-env-7f6e3a88-8cdc-4a0f-839c-360f25090c99"><testcase classname="tests.test_clinical_phase5" name="test_create_note_from_encounter_happy_path" time="1.247" /><testcase classname="tests.test_clinical_phase5" name="test_one_note_per_encounter_idempotent" time="0.439" /><testcase classname="tests.test_clinical_phase5" name="test_cancelled_encounter_rejects_note_create" time="0.497" /><testcase classname="tests.test_clinical_phase5" name="test_patch_structured_round_trip_and_completeness" time="0.451" /><testcase classname="tests.test_clinical_phase5" name="test_completeness_missing_fields" time="0.432" /><testcase classname="tests.test_clinical_phase5" name="test_sign_lifecycle_and_visit_number" time="1.601" /><testcase classname="tests.test_clinical_phase5" name="test_copy_forward_non_destructive_and_force" time="1.148" /><testcase classname="tests.test_clinical_phase5" name="test_copy_forward_rejects_unsigned_source" time="0.892" /><testcase classname="tests.test_clinical_phase5" name="test_copy_forward_inline_during_create" time="0.871" /><testcase classname="tests.test_clinical_phase5" name="test_narrative_renders_soap_sections" time="0.519" /><testcase classname="tests.test_clinical_phase5" name="test_care_timeline_merges_and_sorts" time="0.442" /><testcase classname="tests.test_clinical_phase5" name="test_tenant_isolation_and_reauth" time="2.035" /></testsuite></testsuites>