<?xml version="1.0" encoding="utf-8"?><testsuites name="pytest tests"><testsuite name="pytest" errors="0" failures="0" skipped="0" tests="7" time="7.022" timestamp="2026-05-02T04:36:16.166951+00:00" hostname="agent-env-b6dcb768-b696-49ae-a5a4-f8ca77bd6095"><testcase classname="tests.test_helcim_scheduler_extra" name="test_doctor_blocked_on_list_cards" time="3.917" /><testcase classname="tests.test_helcim_scheduler_extra" name="test_doctor_blocked_on_save_card" time="0.411" /><testcase classname="tests.test_helcim_scheduler_extra" name="test_doctor_blocked_on_schedule_create" time="0.391" /><testcase classname="tests.test_helcim_scheduler_extra" name="test_doctor_blocked_on_scheduler_tick" time="0.425" /><testcase classname="tests.test_helcim_scheduler_extra" name="test_run_now_returns_clean_error_not_500" time="0.754" /><testcase classname="tests.test_helcim_scheduler_extra" name="test_scheduler_tick_returns_clean_outcomes_not_500" time="0.434" /><testcase classname="tests.test_helcim_scheduler_extra" name="test_schedule_split_99_cents_3_charges" time="0.662" /></testsuite></testsuites>