<?xml version="1.0" encoding="utf-8"?><testsuites name="pytest tests"><testsuite name="pytest" errors="0" failures="0" skipped="0" tests="15" time="3.426" timestamp="2026-04-20T00:17:17.153252+00:00" hostname="agent-env-a3108878-c232-4d0d-b887-df4b4632a33f"><testcase classname="backend.tests.test_iteration8_security_config.TestSecurityConfigRBAC" name="test_anon_is_401" time="0.192" /><testcase classname="backend.tests.test_iteration8_security_config.TestSecurityConfigRBAC" name="test_patient_is_403" time="0.380" /><testcase classname="backend.tests.test_iteration8_security_config.TestSecurityConfigRBAC" name="test_doctor_is_403" time="0.398" /><testcase classname="backend.tests.test_iteration8_security_config.TestSecurityConfigRBAC" name="test_staff_is_403" time="0.393" /><testcase classname="backend.tests.test_iteration8_security_config.TestSecurityConfigRBAC" name="test_admin_200_and_payload_shape" time="0.409" /><testcase classname="backend.tests.test_iteration8_security_config.TestSecurityConfigRBAC" name="test_no_full_secrets_in_response" time="0.049" /><testcase classname="backend.tests.test_iteration8_security_config.TestComplianceOverviewRegression" name="test_anon_401" time="0.105" /><testcase classname="backend.tests.test_iteration8_security_config.TestComplianceOverviewRegression" name="test_patient_403" time="0.054" /><testcase classname="backend.tests.test_iteration8_security_config.TestComplianceOverviewRegression" name="test_doctor_403" time="0.050" /><testcase classname="backend.tests.test_iteration8_security_config.TestComplianceOverviewRegression" name="test_admin_200" time="0.067" /><testcase classname="backend.tests.test_iteration8_security_config.TestDOBEncryption" name="test_create_unmask_get_and_dob_roundtrip" time="0.394" /><testcase classname="backend.tests.test_iteration8_security_config.TestDOBEncryption" name="test_raw_db_dob_is_ciphertext" time="0.741" /><testcase classname="backend.tests.test_iteration8_security_config.TestLegacyPlaintextPassthrough" name="test_decrypt_text_passes_plaintext_through" time="0.051" /><testcase classname="backend.tests.test_iteration8_security_config.TestEnsureRequiredFailFast" name="test_missing_dek_raises" time="0.039" /><testcase classname="backend.tests.test_iteration8_security_config.TestEnsureRequiredFailFast" name="test_all_present_does_not_raise" time="0.041" /></testsuite></testsuites>