<?xml version="1.0" encoding="utf-8"?><testsuites name="pytest tests"><testsuite name="pytest" errors="0" failures="0" skipped="0" tests="2" time="19.426" timestamp="2026-05-04T15:37:52.179233+00:00" hostname="agent-env-75799395-da16-4b76-af01-86fa2a493a57"><testcase classname="tests.test_scribe_iter82.TestScribeAudioHappyPath" name="test_upload_list_delete" time="12.093" /><testcase classname="tests.test_scribe_iter82.TestScribeAutoDeleteOnSign" name="test_chunks_cleared_after_sign" time="7.306" /></testsuite></testsuites>