<?xml version="1.0" encoding="utf-8"?><testsuites name="pytest tests"><testsuite name="pytest" errors="0" failures="0" skipped="0" tests="25" time="47.412" timestamp="2026-04-21T13:10:52.470713+00:00" hostname="agent-env-97773997-dafa-4a0c-9413-e199a5cc15c1"><testcase classname="backend.tests.test_pin_security.TestStatusAndCreate" name="test_default_status_not_configured" time="1.093" /><testcase classname="backend.tests.test_pin_security.TestStatusAndCreate" name="test_auth_me_exposes_pin_configured" time="1.082" /><testcase classname="backend.tests.test_pin_security.TestStatusAndCreate" name="test_create_pin_happy_path" time="1.536" /><testcase classname="backend.tests.test_pin_security.TestStatusAndCreate" name="test_create_rejects_non_digit" time="1.035" /><testcase classname="backend.tests.test_pin_security.TestStatusAndCreate" name="test_create_rejects_wrong_length" time="1.131" /><testcase classname="backend.tests.test_pin_security.TestStatusAndCreate" name="test_create_rejects_wrong_password" time="1.278" /><testcase classname="backend.tests.test_pin_security.TestStatusAndCreate" name="test_create_twice_returns_409" time="1.612" /><testcase classname="backend.tests.test_pin_security.TestChange" name="test_change_happy_path" time="2.757" /><testcase classname="backend.tests.test_pin_security.TestChange" name="test_change_wrong_password" time="1.831" /><testcase classname="backend.tests.test_pin_security.TestChange" name="test_change_wrong_current_pin" time="2.007" /><testcase classname="backend.tests.test_pin_security.TestChange" name="test_change_same_as_current_rejected" time="1.975" /><testcase classname="backend.tests.test_pin_security.TestChange" name="test_change_when_none_configured_returns_404" time="1.110" /><testcase classname="backend.tests.test_pin_security.TestReset" name="test_reset_without_reauth_rejected" time="1.549" /><testcase classname="backend.tests.test_pin_security.TestReset" name="test_reset_with_reauth_succeeds" time="2.622" /><testcase classname="backend.tests.test_pin_security.TestReset" name="test_reset_when_not_configured_creates_new_pin" time="1.637" /><testcase classname="backend.tests.test_pin_security.TestVerifyAndLockout" name="test_verify_happy_path" time="1.814" /><testcase classname="backend.tests.test_pin_security.TestVerifyAndLockout" name="test_verify_wrong_pin_increments_counter" time="2.644" /><testcase classname="backend.tests.test_pin_security.TestVerifyAndLockout" name="test_five_wrong_locks_pin" time="3.050" /><testcase classname="backend.tests.test_pin_security.TestVerifyAndLockout" name="test_successful_verify_clears_counter" time="2.614" /><testcase classname="backend.tests.test_pin_security.TestVerifyAndLockout" name="test_reset_clears_lockout" time="3.807" /><testcase classname="backend.tests.test_pin_security.TestRemove" name="test_remove_happy_path" time="1.796" /><testcase classname="backend.tests.test_pin_security.TestRemove" name="test_remove_wrong_password" time="1.860" /><testcase classname="backend.tests.test_pin_security.TestRemove" name="test_remove_when_not_configured_returns_404" time="1.147" /><testcase classname="backend.tests.test_pin_security" name="test_pin_never_echoed_in_responses" time="3.546" /><testcase classname="backend.tests.test_pin_security" name="test_pin_endpoints_require_auth" time="0.805" /></testsuite></testsuites>