<?xml version="1.0" encoding="utf-8"?><testsuites name="pytest tests"><testsuite name="pytest" errors="0" failures="1" skipped="0" tests="10" time="4.380" timestamp="2026-04-22T19:05:57.080142+00:00" hostname="agent-env-c999ca08-80ed-487d-b12e-0c8cfe2491ad"><testcase classname="backend.tests.test_riverbend_demo_sanitation.TestClinicProfile" name="test_single_riverbend_profile" time="3.009" /><testcase classname="backend.tests.test_riverbend_demo_sanitation.TestAppointmentTypes" name="test_appointment_types_riverbend" time="0.069" /><testcase classname="backend.tests.test_riverbend_demo_sanitation.TestRooms" name="test_rooms_exact_seven" time="0.344" /><testcase classname="backend.tests.test_riverbend_demo_sanitation.TestTenancyContext" name="test_single_riverbend_location" time="0.074" /><testcase classname="backend.tests.test_riverbend_demo_sanitation.TestAuthMe" name="test_admin_profile" time="0.063" /><testcase classname="backend.tests.test_riverbend_demo_sanitation.TestAuthMe" name="test_doctor_profile" time="0.410" /><testcase classname="backend.tests.test_riverbend_demo_sanitation.TestPatients" name="test_eight_personas_present" time="0.065"><failure message="AssertionError: Expected 8 Riverbend personas, got 10&#10;assert 10 == 8&#10; +  where 10 = len([{'address': '1124 SE Ankeny St, Portland, OR, 97214', 'address_details': {'city': 'Portland', 'country': 'USA', 'line1': '1124 SE Ankeny St', 'line2': None, ...}, 'admin': {'internal_flags': None, 'mrn': None, 'primary_provider_id': '29da6566-a752-4c36-b524-3291dd698cb9', 'referral_source': 'Google search', ...}, 'case_details': None, ...}, {'address': '2208 NE Alberta St, Portland, OR, 97211', 'address_details': {'city': 'Portland', 'country': 'USA', 'line1': '2208 NE Alberta St', 'line2': None, ...}, 'admin': {'internal_flags': None, 'mrn': None, 'primary_provider_id': '29da6566-a752-4c36-b524-3291dd698cb9', 'referral_source': 'Referred by PCP (Dr. Amin)', ...}, 'case_details': None, ...}, {'address': '842 NW Lovejoy St, Apt 4B, Portland, OR 97209', 'address_details': {'city': 'Portland', 'country': 'USA', 'line1': '842 NW Lovejoy St', 'line2': 'Apt 4B', ...}, 'admin': {'internal_flags': None, 'mrn': None, 'primary_provider_id': '29da6566-a752-4c36-b524-3291dd698cb9', 'referral_source': 'Employee demo account', ...}, 'case_details': None, ...}, {'address': '1124 SE Ankeny St, Portland, OR, 97214', 'address_details': {'city': 'Portland', 'country': 'USA', 'line1': '1124 SE Ankeny St', 'line2': None, ...}, 'admin': {'internal_flags': None, 'mrn': None, 'primary_provider_id': '29da6566-a752-4c36-b524-3291dd698cb9', 'referral_source': 'Google search', ...}, 'case_details': None, ...}, {'address': '2208 NE Alberta St, Portland, OR, 97211', 'address_details': {'city': 'Portland', 'country': 'USA', 'line1': '2208 NE Alberta St', 'line2': None, ...}, 'admin': {'internal_flags': None, 'mrn': None, 'primary_provider_id': '29da6566-a752-4c36-b524-3291dd698cb9', 'referral_source': 'Referred by PCP (Dr. Amin)', ...}, 'case_details': None, ...}, {'address': '3418 SE Division St, Unit 2, Portland, OR, 97202', 'address_details': {'city': 'Portland', 'country': 'USA', 'line1': '3418 SE Division St', 'line2': 'Unit 2', ...}, 'admin': {'internal_flags': None, 'mrn': None, 'primary_provider_id': '29da6566-a752-4c36-b524-3291dd698cb9', 'referral_source': 'Attorney referral — Parker &amp; Associates', ...}, 'case_details': None, ...}, ...])">backend/tests/test_riverbend_demo_sanitation.py:244: in test_eight_personas_present
    assert len(rb_personas) == 8, f"Expected 8 Riverbend personas, got {len(rb_personas)}"
E   AssertionError: Expected 8 Riverbend personas, got 10
E   assert 10 == 8
E    +  where 10 = len([{'address': '1124 SE Ankeny St, Portland, OR, 97214', 'address_details': {'city': 'Portland', 'country': 'USA', 'line1': '1124 SE Ankeny St', 'line2': None, ...}, 'admin': {'internal_flags': None, 'mrn': None, 'primary_provider_id': '29da6566-a752-4c36-b524-3291dd698cb9', 'referral_source': 'Google search', ...}, 'case_details': None, ...}, {'address': '2208 NE Alberta St, Portland, OR, 97211', 'address_details': {'city': 'Portland', 'country': 'USA', 'line1': '2208 NE Alberta St', 'line2': None, ...}, 'admin': {'internal_flags': None, 'mrn': None, 'primary_provider_id': '29da6566-a752-4c36-b524-3291dd698cb9', 'referral_source': 'Referred by PCP (Dr. Amin)', ...}, 'case_details': None, ...}, {'address': '842 NW Lovejoy St, Apt 4B, Portland, OR 97209', 'address_details': {'city': 'Portland', 'country': 'USA', 'line1': '842 NW Lovejoy St', 'line2': 'Apt 4B', ...}, 'admin': {'internal_flags': None, 'mrn': None, 'primary_provider_id': '29da6566-a752-4c36-b524-3291dd698cb9', 'referral_source': 'Employee demo account', ...}, 'case_details': None, ...}, {'address': '1124 SE Ankeny St, Portland, OR, 97214', 'address_details': {'city': 'Portland', 'country': 'USA', 'line1': '1124 SE Ankeny St', 'line2': None, ...}, 'admin': {'internal_flags': None, 'mrn': None, 'primary_provider_id': '29da6566-a752-4c36-b524-3291dd698cb9', 'referral_source': 'Google search', ...}, 'case_details': None, ...}, {'address': '2208 NE Alberta St, Portland, OR, 97211', 'address_details': {'city': 'Portland', 'country': 'USA', 'line1': '2208 NE Alberta St', 'line2': None, ...}, 'admin': {'internal_flags': None, 'mrn': None, 'primary_provider_id': '29da6566-a752-4c36-b524-3291dd698cb9', 'referral_source': 'Referred by PCP (Dr. Amin)', ...}, 'case_details': None, ...}, {'address': '3418 SE Division St, Unit 2, Portland, OR, 97202', 'address_details': {'city': 'Portland', 'country': 'USA', 'line1': '3418 SE Division St', 'line2': 'Unit 2', ...}, 'admin': {'internal_flags': None, 'mrn': None, 'primary_provider_id': '29da6566-a752-4c36-b524-3291dd698cb9', 'referral_source': 'Attorney referral — Parker &amp; Associates', ...}, 'case_details': None, ...}, ...])</failure></testcase><testcase classname="backend.tests.test_riverbend_demo_sanitation.TestPatients" name="test_every_patient_has_sex" time="0.003" /><testcase classname="backend.tests.test_riverbend_demo_sanitation.TestPatientPatchRoundTrip" name="test_patch_round_trip[Hannah Whitaker]" time="0.129" /><testcase classname="backend.tests.test_riverbend_demo_sanitation.TestPatientPatchRoundTrip" name="test_patch_round_trip[Marcus Reid]" time="0.138" /></testsuite></testsuites>