<?xml version="1.0" encoding="utf-8"?><testsuites name="pytest tests"><testsuite name="pytest" errors="0" failures="0" skipped="1" tests="35" time="11.224" timestamp="2026-04-30T19:50:59.040375+00:00" hostname="agent-env-2dbda4c7-4193-49f4-8159-269cbfde478f"><testcase classname="tests.test_eligibility_phase_p1.Test270Builder" name="test_envelope_segments_present" time="0.006" /><testcase classname="tests.test_eligibility_phase_p1.Test270Builder" name="test_subscriber_identity_present" time="0.004" /><testcase classname="tests.test_eligibility_phase_p1.Test270Builder" name="test_payer_and_provider_hl_levels" time="0.003" /><testcase classname="tests.test_eligibility_phase_p1.Test270Builder" name="test_service_type_codes_expand" time="0.003" /><testcase classname="tests.test_eligibility_phase_p1.TestMockEngineAndParser" name="test_active_commercial_coverage" time="0.003" /><testcase classname="tests.test_eligibility_phase_p1.TestMockEngineAndParser" name="test_inactive_coverage_on_term_marker" time="0.003" /><testcase classname="tests.test_eligibility_phase_p1.TestMockEngineAndParser" name="test_medicare_zero_copay_deductible" time="0.003" /><testcase classname="tests.test_eligibility_phase_p1.TestMockEngineAndParser" name="test_workers_comp_zero_copay_no_deductible" time="0.003" /><testcase classname="tests.test_eligibility_phase_p1.TestMockEngineAndParser" name="test_deterministic_same_member_same_result" time="0.003" /><testcase classname="tests.test_eligibility_phase_p1.TestEligibilityApi" name="test_run_check_returns_201_with_result" time="0.647" /><testcase classname="tests.test_eligibility_phase_p1.TestEligibilityApi" name="test_list_and_fetch_detail" time="0.248" /><testcase classname="tests.test_eligibility_phase_p1.TestEligibilityApi" name="test_unknown_policy_returns_404" time="0.052" /><testcase classname="tests.test_eligibility_phase_p1.TestEligibilityApi" name="test_detail_requires_reauth_without_token" time="0.938" /><testcase classname="tests.test_eligibility_iter68_addl" name="test_270_271_wire_segments" time="0.647" /><testcase classname="tests.test_eligibility_iter68_addl" name="test_tenant_isolation_scoped_listing" time="6.551" /><testcase classname="tests.test_eligibility_p0_expansion.TestStatusModule" name="test_canonical_status_set" time="0.004" /><testcase classname="tests.test_eligibility_p0_expansion.TestStatusModule" name="test_classify_active_vs_inactive" time="0.003" /><testcase classname="tests.test_eligibility_p0_expansion.TestStatusModule" name="test_classify_partial_when_expected_benefit_missing" time="0.003" /><testcase classname="tests.test_eligibility_p0_expansion.TestStatusModule" name="test_classify_rejected_when_flagged" time="0.003" /><testcase classname="tests.test_eligibility_p0_expansion.TestStatusModule" name="test_classify_unknown_for_blank_response" time="0.003" /><testcase classname="tests.test_eligibility_p0_expansion.TestStatusModule" name="test_policy_snapshot_stable" time="0.003" /><testcase classname="tests.test_eligibility_p0_expansion.TestStatusModule" name="test_is_expired_ttl_days" time="0.003" /><testcase classname="tests.test_eligibility_p0_expansion.TestStatusModule" name="test_is_expired_service_date_drift" time="0.003" /><testcase classname="tests.test_eligibility_p0_expansion.TestStatusModule" name="test_is_expired_policy_drift" time="0.003" /><testcase classname="tests.test_eligibility_p0_expansion.TestStatusModule" name="test_overlay_expiration_downgrades" time="0.003" /><testcase classname="tests.test_eligibility_p0_expansion.TestDemoTriggers" name="test_err_marker_raises_engine_error" time="0.003" /><testcase classname="tests.test_eligibility_p0_expansion.TestDemoTriggers" name="test_bad_marker_returns_rejected" time="0.003" /><testcase classname="tests.test_eligibility_p0_expansion.TestDemoTriggers" name="test_term_marker_still_inactive" time="0.003" /><testcase classname="tests.test_eligibility_p0_expansion.TestReferenceEndpoint" name="test_reference_shape" time="0.545" /><testcase classname="tests.test_eligibility_p0_expansion.TestPatientEndpoints" name="test_patient_eligibility_latest_has_seeded_row" time="0.145" /><testcase classname="tests.test_eligibility_p0_expansion.TestPatientEndpoints" name="test_run_patient_check_with_service_date" time="0.055" /><testcase classname="tests.test_eligibility_p0_expansion.TestPatientEndpoints" name="test_run_patient_check_no_policy_400" time="0.053" /><testcase classname="tests.test_eligibility_p0_expansion.TestPatientEndpoints" name="test_patient_eligibility_history" time="0.104" /><testcase classname="tests.test_eligibility_p0_expansion.TestAppointmentEndpoint" name="test_appointment_run_and_latest" time="0.046"><skipped type="pytest.skip" message="no appointments seeded for this patient">/app/backend/tests/test_eligibility_p0_expansion.py:303: no appointments seeded for this patient</skipped></testcase><testcase classname="tests.test_eligibility_p0_expansion.TestRawPayloadRBAC" name="test_doctor_cannot_fetch_raw_payload" time="1.068" /></testsuite></testsuites>