<?xml version="1.0" encoding="utf-8"?><testsuites name="pytest tests"><testsuite name="pytest" errors="0" failures="0" skipped="0" tests="6" time="6.083" timestamp="2026-04-21T19:31:49.344674+00:00" hostname="agent-env-45bfca90-f297-4739-966d-b6d74cbe199b"><testcase classname="backend.tests.test_checkout_workflow" name="test_start_checkout_moves_location_keeps_status" time="0.926" /><testcase classname="backend.tests.test_checkout_workflow" name="test_start_checkout_rejected_from_wrong_state" time="0.867" /><testcase classname="backend.tests.test_checkout_workflow" name="test_complete_checkout_captures_notes_and_summary" time="0.974" /><testcase classname="backend.tests.test_checkout_workflow" name="test_checkout_hook_payload_is_encrypted_at_rest" time="1.031" /><testcase classname="backend.tests.test_checkout_workflow" name="test_depart_after_checkout_sets_location_departed" time="1.025" /><testcase classname="backend.tests.test_checkout_workflow" name="test_patient_portal_cannot_drive_checkout_actions" time="1.238" /></testsuite></testsuites>