<?xml version="1.0" encoding="utf-8"?><testsuites name="pytest tests"><testsuite name="pytest" errors="0" failures="0" skipped="0" tests="14" time="0.622" timestamp="2026-04-21T17:25:27.414321+00:00" hostname="agent-env-54c8d6ec-fa81-45dc-b59a-52716a37407d"><testcase classname="backend.tests.test_reports_framework" name="test_registry_contains_core_reports" time="0.005" /><testcase classname="backend.tests.test_reports_framework" name="test_resolve_columns_falls_back_to_defaults" time="0.003" /><testcase classname="backend.tests.test_reports_framework" name="test_resolve_sort_falls_back_to_default" time="0.003" /><testcase classname="backend.tests.test_reports_framework" name="test_to_public_contract" time="0.002" /><testcase classname="backend.tests.test_reports_framework" name="test_csv_export_is_human_readable" time="0.005" /><testcase classname="backend.tests.test_reports_framework" name="test_xlsx_export_contains_header_and_rows" time="0.011" /><testcase classname="backend.tests.test_reports_framework" name="test_pdf_export_generates_file" time="0.006" /><testcase classname="backend.tests.test_reports_framework" name="test_pdf_export_native_password_encryption" time="0.008" /><testcase classname="backend.tests.test_reports_framework" name="test_xlsx_with_password_produces_aes_zip" time="0.013" /><testcase classname="backend.tests.test_reports_framework" name="test_filename_includes_title_and_date" time="0.004" /><testcase classname="backend.tests.test_reports_framework" name="test_filename_slug_strips_unsafe_characters" time="0.003" /><testcase classname="backend.tests.test_reports_framework" name="test_password_never_serialises_to_artifact" time="0.004" /><testcase classname="backend.tests.test_reports_framework" name="test_password_protected_zip_decrypts_with_given_password" time="0.007" /><testcase classname="backend.tests.test_reports_framework" name="test_generate_password_is_long_and_unique" time="0.003" /></testsuite></testsuites>