<?xml version="1.0" encoding="utf-8"?><testsuites name="pytest tests"><testsuite name="pytest" errors="0" failures="0" skipped="0" tests="68" time="31.473" timestamp="2026-04-20T00:05:01.317176+00:00" hostname="agent-env-a3108878-c232-4d0d-b887-df4b4632a33f"><testcase classname="backend.tests.test_iteration5.TestLoginShape" name="test_login_returns_new_fields_all_roles" time="1.534" /><testcase classname="backend.tests.test_iteration5.TestSessionEpoch" name="test_disable_revokes_sessions" time="1.659" /><testcase classname="backend.tests.test_iteration5.TestSessionEpoch" name="test_patch_role_bumps_target_epoch_not_admin" time="0.768" /><testcase classname="backend.tests.test_iteration5.TestSessionEpoch" name="test_change_password_keeps_current_session_kills_old_token" time="1.588" /><testcase classname="backend.tests.test_iteration5.TestSessionEpoch" name="test_refresh_dies_after_epoch_bump" time="0.809" /><testcase classname="backend.tests.test_iteration5.TestPasswordReset" name="test_unknown_email_still_200_no_enum" time="0.125" /><testcase classname="backend.tests.test_iteration5.TestPasswordReset" name="test_known_email_returns_dev_token_and_confirm_flow" time="1.595" /><testcase classname="backend.tests.test_iteration5.TestPasswordReset" name="test_confirm_rejects_reused_password_history" time="0.742" /><testcase classname="backend.tests.test_iteration5.TestAdminMFA" name="test_admin_mfa_reset_rbac" time="0.723" /><testcase classname="backend.tests.test_iteration5.TestAdminMFA" name="test_admin_mfa_require_toggle" time="0.760" /><testcase classname="backend.tests.test_iteration5.TestSessions" name="test_sessions_returns_current_and_events" time="0.055" /><testcase classname="backend.tests.test_iteration5.TestAuditFilters" name="test_date_from_to_and_actor_email_filters" time="0.049" /><testcase classname="backend.tests.test_iteration5.TestAuditFilters" name="test_csv_export_admin_only_and_shape" time="0.057" /><testcase classname="backend.tests.test_iteration5.TestAuditFilters" name="test_csv_export_writes_exported_meta_row" time="0.607" /><testcase classname="backend.tests.test_iteration5.TestAuditFilters" name="test_csv_export_forbidden_for_non_admin" time="1.248" /><testcase classname="backend.tests.test_iteration5.TestNoPhiInAudit" name="test_patient_create_audit_metadata_has_no_phi" time="0.356" /><testcase classname="backend.tests.test_iteration5.TestRegressions" name="test_compliance_overview_rbac" time="0.592" /><testcase classname="backend.tests.test_iteration5.TestRegressions" name="test_patients_list_masked_default" time="0.060" /><testcase classname="backend.tests.test_iteration5.TestRegressions" name="test_audit_logs_still_admin_only" time="1.222" /><testcase classname="backend.tests.test_iteration5.TestRegressions" name="test_break_glass_reason_required_for_doctor" time="0.501" /><testcase classname="backend.tests.test_iteration6_refresh" name="test_refresh_success_all_roles[admin-admin@ccms.app-Admin@ComplianceClinic1]" time="0.418" /><testcase classname="backend.tests.test_iteration6_refresh" name="test_refresh_success_all_roles[doctor-doctor@ccms.app-Doctor@ComplianceClinic1]" time="0.397" /><testcase classname="backend.tests.test_iteration6_refresh" name="test_refresh_success_all_roles[staff-staff@ccms.app-Staff@ComplianceClinic1]" time="0.386" /><testcase classname="backend.tests.test_iteration6_refresh" name="test_refresh_success_all_roles[patient-patient@ccms.app-Patient@ComplianceClinic1]" time="0.426" /><testcase classname="backend.tests.test_iteration6_refresh" name="test_refresh_rejected_after_epoch_bump_via_disable_enable" time="1.166" /><testcase classname="backend.tests.test_iteration6_refresh" name="test_refresh_rejected_after_role_patch" time="1.190" /><testcase classname="backend.tests.test_iteration7_privacy.TestDataInventory" name="test_admin_sees_8_categories" time="0.419" /><testcase classname="backend.tests.test_iteration7_privacy.TestDataInventory" name="test_non_admin_forbidden[doctor_sess]" time="0.411" /><testcase classname="backend.tests.test_iteration7_privacy.TestDataInventory" name="test_non_admin_forbidden[staff_sess]" time="0.405" /><testcase classname="backend.tests.test_iteration7_privacy.TestDataInventory" name="test_non_admin_forbidden[patient_sess]" time="0.401" /><testcase classname="backend.tests.test_iteration7_privacy.TestDataInventory" name="test_anon_unauthorized" time="0.106" /><testcase classname="backend.tests.test_iteration7_privacy.TestPrivacyRequests" name="test_patient_self_request_ok" time="0.105" /><testcase classname="backend.tests.test_iteration7_privacy.TestPrivacyRequests" name="test_patient_cannot_request_for_other" time="0.117" /><testcase classname="backend.tests.test_iteration7_privacy.TestPrivacyRequests" name="test_doctor_forbidden" time="0.098" /><testcase classname="backend.tests.test_iteration7_privacy.TestPrivacyRequests" name="test_staff_can_create_for_patient" time="0.107" /><testcase classname="backend.tests.test_iteration7_privacy.TestPrivacyRequests" name="test_admin_can_create_for_anyone" time="0.106" /><testcase classname="backend.tests.test_iteration7_privacy.TestPrivacyRequests" name="test_admin_list_with_filters" time="0.052" /><testcase classname="backend.tests.test_iteration7_privacy.TestPrivacyRequests" name="test_non_admin_cannot_list" time="0.047" /><testcase classname="backend.tests.test_iteration7_privacy.TestPrivacyRequests" name="test_my_requests_returns_self" time="0.101" /><testcase classname="backend.tests.test_iteration7_privacy.TestPrivacyRequests" name="test_get_request_admin_and_related" time="0.259" /><testcase classname="backend.tests.test_iteration7_privacy.TestPrivacyRequests" name="test_state_machine_valid_transitions" time="0.367" /><testcase classname="backend.tests.test_iteration7_privacy.TestPrivacyRequests" name="test_state_machine_terminal_rejects" time="0.242" /><testcase classname="backend.tests.test_iteration7_privacy.TestPrivacyRequests" name="test_state_machine_invalid_jump" time="0.162" /><testcase classname="backend.tests.test_iteration7_privacy.TestLegalHoldFulfillDelete" name="test_fulfill_delete_requires_reauth" time="0.949" /><testcase classname="backend.tests.test_iteration7_privacy.TestLegalHoldFulfillDelete" name="test_legal_hold_blocks_fulfill_and_delete" time="1.234" /><testcase classname="backend.tests.test_iteration7_privacy.TestLegalHoldFulfillDelete" name="test_clear_hold_then_fulfill_ok" time="0.948" /><testcase classname="backend.tests.test_iteration7_privacy.TestConsentsAndPrefs" name="test_accept_consent_then_list" time="0.108" /><testcase classname="backend.tests.test_iteration7_privacy.TestConsentsAndPrefs" name="test_comm_prefs_defaults" time="0.719" /><testcase classname="backend.tests.test_iteration7_privacy.TestConsentsAndPrefs" name="test_comm_prefs_partial_update" time="0.107" /><testcase classname="backend.tests.test_iteration7_privacy.TestSelfExport" name="test_export_shape_and_no_secrets" time="0.060" /><testcase classname="backend.tests.test_iteration7_privacy.TestAuditRegression" name="test_patient_created_audit_no_phi" time="0.382" /><testcase classname="backend.tests.test_iteration7_privacy.TestAuditRegression" name="test_compliance_overview_admin_only" time="0.120" /><testcase classname="backend.tests.test_iteration7_privacy.TestRegisterConsent" name="test_register_then_accept_consent_v1" time="0.792" /><testcase classname="backend.tests.test_iteration8_security_config.TestSecurityConfigRBAC" name="test_anon_is_401" time="0.113" /><testcase classname="backend.tests.test_iteration8_security_config.TestSecurityConfigRBAC" name="test_patient_is_403" time="0.403" /><testcase classname="backend.tests.test_iteration8_security_config.TestSecurityConfigRBAC" name="test_doctor_is_403" time="0.407" /><testcase classname="backend.tests.test_iteration8_security_config.TestSecurityConfigRBAC" name="test_staff_is_403" time="0.389" /><testcase classname="backend.tests.test_iteration8_security_config.TestSecurityConfigRBAC" name="test_admin_200_and_payload_shape" time="0.401" /><testcase classname="backend.tests.test_iteration8_security_config.TestSecurityConfigRBAC" name="test_no_full_secrets_in_response" time="0.048" /><testcase classname="backend.tests.test_iteration8_security_config.TestComplianceOverviewRegression" name="test_anon_401" time="0.114" /><testcase classname="backend.tests.test_iteration8_security_config.TestComplianceOverviewRegression" name="test_patient_403" time="0.058" /><testcase classname="backend.tests.test_iteration8_security_config.TestComplianceOverviewRegression" name="test_doctor_403" time="0.050" /><testcase classname="backend.tests.test_iteration8_security_config.TestComplianceOverviewRegression" name="test_admin_200" time="0.062" /><testcase classname="backend.tests.test_iteration8_security_config.TestDOBEncryption" name="test_create_unmask_get_and_dob_roundtrip" time="0.379" /><testcase classname="backend.tests.test_iteration8_security_config.TestDOBEncryption" name="test_raw_db_dob_is_ciphertext" time="0.774" /><testcase classname="backend.tests.test_iteration8_security_config.TestLegacyPlaintextPassthrough" name="test_decrypt_text_passes_plaintext_through" time="0.057" /><testcase classname="backend.tests.test_iteration8_security_config.TestEnsureRequiredFailFast" name="test_missing_dek_raises" time="0.044" /><testcase classname="backend.tests.test_iteration8_security_config.TestEnsureRequiredFailFast" name="test_all_present_does_not_raise" time="0.042" /></testsuite></testsuites>