<?xml version="1.0" encoding="utf-8"?><testsuites name="pytest tests"><testsuite name="pytest" errors="0" failures="0" skipped="1" tests="37" time="69.536" timestamp="2026-05-04T16:16:05.045206+00:00" hostname="agent-env-75799395-da16-4b76-af01-86fa2a493a57"><testcase classname="backend.tests.test_ai_context_documentation.TestAISettings" name="test_default_values_when_unconfigured" time="0.561" /><testcase classname="backend.tests.test_ai_context_documentation.TestAISettings" name="test_round_trip" time="0.459" /><testcase classname="backend.tests.test_ai_context_documentation.TestContextLoader" name="test_context_hash_is_stable" time="0.733" /><testcase classname="backend.tests.test_ai_context_documentation.TestContextLoader" name="test_exclude_note_produces_different_hash" time="0.475"><skipped type="pytest.skip" message="Patient has no notes to exclude">/app/backend/tests/test_ai_context_documentation.py:104: Patient has no notes to exclude</skipped></testcase><testcase classname="backend.tests.test_ai_context_documentation.TestCache" name="test_upsert_and_invalidate" time="0.444" /><testcase classname="backend.tests.test_ai_context_documentation.TestRoutersStubbed" name="test_chart_brief_round_trip_via_http" time="13.197" /><testcase classname="backend.tests.test_ai_context_documentation.TestRoutersStubbed" name="test_cache_hit_on_second_call" time="0.804" /><testcase classname="backend.tests.test_ai_context_documentation.TestRoutersStubbed" name="test_encounter_scoped_routes_404_for_unknown_note" time="0.479" /><testcase classname="backend.tests.test_ai_context_documentation.TestRoutersStubbed" name="test_encounter_scoped_routes_200_for_real_signed_note" time="0.623" /><testcase classname="backend.tests.test_ai_context_documentation.TestRoutersStubbed" name="test_draft_sections_404_unknown_note" time="0.445" /><testcase classname="backend.tests.test_ai_context_documentation.TestPromptParser" name="test_parse_json_with_markdown_fence" time="0.004" /><testcase classname="backend.tests.test_ai_context_documentation.TestPromptParser" name="test_parse_json_with_bare_object" time="0.003" /><testcase classname="backend.tests.test_ai_context_documentation.TestPromptParser" name="test_parse_json_returns_none_on_garbage" time="0.002" /><testcase classname="backend.tests.test_ai_context_documentation.TestUsageAudit" name="test_usage_row_exists_after_generation" time="0.021" /><testcase classname="backend.tests.test_portal_visit_brief.TestVisitBriefAuth" name="test_admin_role_rejected" time="0.443" /><testcase classname="backend.tests.test_portal_visit_brief.TestVisitBriefAuth" name="test_unauthenticated_rejected" time="0.183" /><testcase classname="backend.tests.test_portal_visit_brief.TestVisitBriefHappyPath" name="test_brief_shape_and_caching" time="0.465" /><testcase classname="backend.tests.test_portal_visit_brief.TestVisitBriefHappyPath" name="test_regenerate_breaks_cache" time="8.912" /><testcase classname="backend.tests.test_portal_visit_brief.TestVisitBriefPHIHygiene" name="test_brief_text_strips_clinical_codes" time="0.491" /><testcase classname="backend.tests.test_scribe.TestScribeAuth" name="test_admin_role_rejected_on_audio" time="0.563" /><testcase classname="backend.tests.test_scribe.TestScribeAuth" name="test_staff_role_rejected_on_soap_draft" time="0.396" /><testcase classname="backend.tests.test_scribe.TestScribeAuth" name="test_unauthenticated_rejected" time="0.126" /><testcase classname="backend.tests.test_scribe.TestScribeSoapDraft" name="test_soap_draft_from_transcript" time="9.101" /><testcase classname="backend.tests.test_scribe.TestScribeSoapDraft" name="test_soap_draft_requires_input" time="0.497" /><testcase classname="backend.tests.test_scribe.TestScribeSoapDraft" name="test_soap_draft_404_for_unknown_note" time="0.449" /><testcase classname="backend.tests.test_scribe.TestScribeAudioListAndDelete" name="test_list_audio_empty_for_fresh_note" time="0.422" /><testcase classname="backend.tests.test_post_scribe_ai.TestCodingSuggest" name="test_doctor_role_required" time="0.471" /><testcase classname="backend.tests.test_post_scribe_ai.TestCodingSuggest" name="test_404_for_unknown_note" time="0.441" /><testcase classname="backend.tests.test_post_scribe_ai.TestCodingSuggest" name="test_422_when_no_inputs" time="0.491" /><testcase classname="backend.tests.test_post_scribe_ai.TestCodingSuggest" name="test_happy_path_returns_cpt_and_icd" time="11.507" /><testcase classname="backend.tests.test_post_scribe_ai.TestTemplateOverrides" name="test_admin_only" time="0.550" /><testcase classname="backend.tests.test_post_scribe_ai.TestTemplateOverrides" name="test_upsert_list_delete_round_trip" time="0.779" /><testcase classname="backend.tests.test_post_scribe_ai.TestTemplateOverrides" name="test_delete_404_for_missing" time="0.397" /><testcase classname="backend.tests.test_post_scribe_ai.TestSemanticSearch" name="test_patient_role_rejected" time="0.433" /><testcase classname="backend.tests.test_post_scribe_ai.TestSemanticSearch" name="test_short_query_validated" time="0.445" /><testcase classname="backend.tests.test_post_scribe_ai.TestSemanticSearch" name="test_happy_path_returns_answer_and_results" time="10.540" /><testcase classname="backend.tests.test_post_scribe_ai.TestSemanticSearch" name="test_cache_hit_on_repeat_query" time="3.120" /></testsuite></testsuites>