<?xml version="1.0" encoding="utf-8"?><testsuites name="pytest tests"><testsuite name="pytest" errors="0" failures="0" skipped="0" tests="13" time="11.811" timestamp="2026-07-10T23:09:59.367552+00:00" hostname="agent-env-c02ea351-ee29-4673-8462-e2be485ed9f5"><testcase classname="backend.tests.test_next_action_telemetry.TestNextActionHappyPath" name="test_every_allow_listed_action_id_returns_204" time="2.824" /><testcase classname="backend.tests.test_next_action_telemetry.TestNextActionRejectsUnknownVocabulary" name="test_unknown_action_id_rejected" time="0.696" /><testcase classname="backend.tests.test_next_action_telemetry.TestNextActionRejectsUnknownVocabulary" name="test_unknown_interaction_rejected" time="0.645" /><testcase classname="backend.tests.test_next_action_telemetry.TestNextActionRejectsUnknownVocabulary" name="test_section_slug_must_be_next_actions" time="0.657" /><testcase classname="backend.tests.test_next_action_telemetry.TestNextActionShapeIsolation" name="test_next_action_event_rejects_action_slug" time="0.634" /><testcase classname="backend.tests.test_next_action_telemetry.TestNextActionShapeIsolation" name="test_care_status_event_rejects_next_action_fields" time="0.633" /><testcase classname="backend.tests.test_next_action_telemetry.TestNextActionShapeIsolation" name="test_next_action_event_requires_action_id_and_interaction" time="0.754" /><testcase classname="backend.tests.test_next_action_telemetry.TestNextActionRejectsPhiLeakAttempts" name="test_extra_fields_are_forbidden[patient_id-b99e7285-6efa-47b4-b552-2ad2920657dc]" time="0.669" /><testcase classname="backend.tests.test_next_action_telemetry.TestNextActionRejectsPhiLeakAttempts" name="test_extra_fields_are_forbidden[encounter_id-some-encounter-uuid]" time="0.715" /><testcase classname="backend.tests.test_next_action_telemetry.TestNextActionRejectsPhiLeakAttempts" name="test_extra_fields_are_forbidden[diagnosis_code-M54.2]" time="0.698" /><testcase classname="backend.tests.test_next_action_telemetry.TestNextActionRejectsPhiLeakAttempts" name="test_extra_fields_are_forbidden[free_text-positive fever]" time="0.642" /><testcase classname="backend.tests.test_next_action_telemetry.TestNextActionRejectsPhiLeakAttempts" name="test_extra_fields_are_forbidden[url-/patients/abc/clinical#history]" time="0.634" /><testcase classname="backend.tests.test_next_action_telemetry.TestNextActionRequiresAuth" name="test_anonymous_request_rejected" time="1.578" /></testsuite></testsuites>