<?xml version="1.0" encoding="utf-8"?><testsuites name="pytest tests"><testsuite name="pytest" errors="0" failures="0" skipped="0" tests="11" time="9.174" timestamp="2026-04-21T19:14:55.712482+00:00" hostname="agent-env-45bfca90-f297-4739-966d-b6d74cbe199b"><testcase classname="backend.tests.test_rooms" name="test_room_crud_happy_path" time="0.694" /><testcase classname="backend.tests.test_rooms" name="test_room_name_uniqueness_case_insensitive" time="0.642" /><testcase classname="backend.tests.test_rooms" name="test_room_delete_blocked_when_history_exists" time="0.913" /><testcase classname="backend.tests.test_rooms" name="test_assign_room_sets_stamps_and_history" time="0.857" /><testcase classname="backend.tests.test_rooms" name="test_change_room_writes_from_and_to_in_history" time="0.960" /><testcase classname="backend.tests.test_rooms" name="test_clear_room_with_return_to_waiting" time="0.864" /><testcase classname="backend.tests.test_rooms" name="test_single_occupancy_conflict_blocks_without_force" time="1.035" /><testcase classname="backend.tests.test_rooms" name="test_force_override_requires_reason_and_audits_forced_true" time="1.140" /><testcase classname="backend.tests.test_rooms" name="test_inactive_room_cannot_be_assigned" time="0.895" /><testcase classname="backend.tests.test_rooms" name="test_terminal_appointment_cannot_take_a_room" time="0.815" /><testcase classname="backend.tests.test_rooms" name="test_patient_portal_cannot_touch_rooms" time="0.328" /></testsuite></testsuites>