<?xml version="1.0" encoding="utf-8"?><testsuites name="pytest tests"><testsuite name="pytest" errors="0" failures="1" skipped="0" tests="13" time="33.010" timestamp="2026-05-04T19:31:56.734049+00:00" hostname="agent-env-80664a0b-9030-4c08-8ccf-fb08e78e385e"><testcase classname="tests.test_demo_pin_seed" name="test_pin_verify_succeeds[admin@ccms.app-Admin@ComplianceClinic1-100001]" time="4.535" /><testcase classname="tests.test_demo_pin_seed" name="test_pin_verify_succeeds[doctor@ccms.app-Doctor@ComplianceClinic1-200002]" time="0.661" /><testcase classname="tests.test_demo_pin_seed" name="test_pin_verify_succeeds[staff@ccms.app-Staff@ComplianceClinic1-300003]" time="0.735" /><testcase classname="tests.test_demo_pin_seed" name="test_pin_verify_succeeds[patient@ccms.app-Patient@ComplianceClinic1-400004]" time="0.789" /><testcase classname="tests.test_demo_pin_seed" name="test_pin_verify_wrong_pin_fails[admin@ccms.app-Admin@ComplianceClinic1-100001]" time="0.707" /><testcase classname="tests.test_demo_pin_seed" name="test_pin_verify_wrong_pin_fails[doctor@ccms.app-Doctor@ComplianceClinic1-200002]" time="0.678" /><testcase classname="tests.test_demo_pin_seed" name="test_pin_verify_wrong_pin_fails[staff@ccms.app-Staff@ComplianceClinic1-300003]" time="0.704" /><testcase classname="tests.test_demo_pin_seed" name="test_pin_verify_wrong_pin_fails[patient@ccms.app-Patient@ComplianceClinic1-400004]" time="0.791" /><testcase classname="tests.test_demo_pin_seed" name="test_pin_status_reports_set" time="0.573"><failure message="AssertionError: assert (None is True or None is True or None is True)&#10; +  where None = &lt;built-in method get of dict object at 0xfe56647843c0&gt;('has_pin')&#10; +    where &lt;built-in method get of dict object at 0xfe56647843c0&gt; = {'configured': True, 'created_at': '2026-05-04T19:31:36.191591+00:00', 'failed_attempts': 1, 'locked_until': None, ...}.get&#10; +  and   None = &lt;built-in method get of dict object at 0xfe56647843c0&gt;('pin_set')&#10; +    where &lt;built-in method get of dict object at 0xfe56647843c0&gt; = {'configured': True, 'created_at': '2026-05-04T19:31:36.191591+00:00', 'failed_attempts': 1, 'locked_until': None, ...}.get&#10; +  and   None = &lt;built-in method get of dict object at 0xfe56647843c0&gt;('set')&#10; +    where &lt;built-in method get of dict object at 0xfe56647843c0&gt; = {'configured': True, 'created_at': '2026-05-04T19:31:36.191591+00:00', 'failed_attempts': 1, 'locked_until': None, ...}.get">tests/test_demo_pin_seed.py:56: in test_pin_status_reports_set
    assert body.get("has_pin") is True or body.get("pin_set") is True or body.get("set") is True
E   AssertionError: assert (None is True or None is True or None is True)
E    +  where None = &lt;built-in method get of dict object at 0xfe56647843c0&gt;('has_pin')
E    +    where &lt;built-in method get of dict object at 0xfe56647843c0&gt; = {'configured': True, 'created_at': '2026-05-04T19:31:36.191591+00:00', 'failed_attempts': 1, 'locked_until': None, ...}.get
E    +  and   None = &lt;built-in method get of dict object at 0xfe56647843c0&gt;('pin_set')
E    +    where &lt;built-in method get of dict object at 0xfe56647843c0&gt; = {'configured': True, 'created_at': '2026-05-04T19:31:36.191591+00:00', 'failed_attempts': 1, 'locked_until': None, ...}.get
E    +  and   None = &lt;built-in method get of dict object at 0xfe56647843c0&gt;('set')
E    +    where &lt;built-in method get of dict object at 0xfe56647843c0&gt; = {'configured': True, 'created_at': '2026-05-04T19:31:36.191591+00:00', 'failed_attempts': 1, 'locked_until': None, ...}.get</failure></testcase><testcase classname="tests.test_claim_timeline.TestTimelinePubSub" name="test_publish_to_no_subscriber_is_noop" time="0.004" /><testcase classname="tests.test_claim_timeline.TestTimelinePubSub" name="test_subscribe_and_publish" time="0.003" /><testcase classname="tests.test_claim_timeline.TestTimelinePubSub" name="test_bounded_queue_drops_oldest" time="0.003" /><testcase classname="tests.test_claim_timeline.TestTimelineHTTP" name="test_sandbox_simulator_emits_full_chain" time="22.768" /></testsuite></testsuites>