<?xml version="1.0" encoding="utf-8"?><testsuites name="pytest tests"><testsuite name="pytest" errors="0" failures="0" skipped="0" tests="48" time="16.452" timestamp="2026-04-20T00:33:36.010007+00:00" hostname="agent-env-e9e0b22c-c7c0-463a-9839-8c9025625def"><testcase classname="backend.tests.test_iteration6_refresh" name="test_refresh_success_all_roles[admin-admin@ccms.app-Admin@ComplianceClinic1]" time="0.502" /><testcase classname="backend.tests.test_iteration6_refresh" name="test_refresh_success_all_roles[doctor-doctor@ccms.app-Doctor@ComplianceClinic1]" time="0.394" /><testcase classname="backend.tests.test_iteration6_refresh" name="test_refresh_success_all_roles[staff-staff@ccms.app-Staff@ComplianceClinic1]" time="0.406" /><testcase classname="backend.tests.test_iteration6_refresh" name="test_refresh_success_all_roles[patient-patient@ccms.app-Patient@ComplianceClinic1]" time="0.390" /><testcase classname="backend.tests.test_iteration6_refresh" name="test_refresh_rejected_after_epoch_bump_via_disable_enable" time="1.183" /><testcase classname="backend.tests.test_iteration6_refresh" name="test_refresh_rejected_after_role_patch" time="1.145" /><testcase classname="backend.tests.test_iteration7_privacy.TestDataInventory" name="test_admin_sees_8_categories" time="0.388" /><testcase classname="backend.tests.test_iteration7_privacy.TestDataInventory" name="test_non_admin_forbidden[doctor_sess]" time="0.403" /><testcase classname="backend.tests.test_iteration7_privacy.TestDataInventory" name="test_non_admin_forbidden[staff_sess]" time="0.394" /><testcase classname="backend.tests.test_iteration7_privacy.TestDataInventory" name="test_non_admin_forbidden[patient_sess]" time="0.420" /><testcase classname="backend.tests.test_iteration7_privacy.TestDataInventory" name="test_anon_unauthorized" time="0.115" /><testcase classname="backend.tests.test_iteration7_privacy.TestPrivacyRequests" name="test_patient_self_request_ok" time="0.117" /><testcase classname="backend.tests.test_iteration7_privacy.TestPrivacyRequests" name="test_patient_cannot_request_for_other" time="0.115" /><testcase classname="backend.tests.test_iteration7_privacy.TestPrivacyRequests" name="test_doctor_forbidden" time="0.114" /><testcase classname="backend.tests.test_iteration7_privacy.TestPrivacyRequests" name="test_staff_can_create_for_patient" time="0.110" /><testcase classname="backend.tests.test_iteration7_privacy.TestPrivacyRequests" name="test_admin_can_create_for_anyone" time="0.142" /><testcase classname="backend.tests.test_iteration7_privacy.TestPrivacyRequests" name="test_admin_list_with_filters" time="0.050" /><testcase classname="backend.tests.test_iteration7_privacy.TestPrivacyRequests" name="test_non_admin_cannot_list" time="0.052" /><testcase classname="backend.tests.test_iteration7_privacy.TestPrivacyRequests" name="test_my_requests_returns_self" time="0.115" /><testcase classname="backend.tests.test_iteration7_privacy.TestPrivacyRequests" name="test_get_request_admin_and_related" time="0.270" /><testcase classname="backend.tests.test_iteration7_privacy.TestPrivacyRequests" name="test_state_machine_valid_transitions" time="0.314" /><testcase classname="backend.tests.test_iteration7_privacy.TestPrivacyRequests" name="test_state_machine_terminal_rejects" time="0.219" /><testcase classname="backend.tests.test_iteration7_privacy.TestPrivacyRequests" name="test_state_machine_invalid_jump" time="0.143" /><testcase classname="backend.tests.test_iteration7_privacy.TestLegalHoldFulfillDelete" name="test_fulfill_delete_requires_reauth" time="0.937" /><testcase classname="backend.tests.test_iteration7_privacy.TestLegalHoldFulfillDelete" name="test_legal_hold_blocks_fulfill_and_delete" time="1.222" /><testcase classname="backend.tests.test_iteration7_privacy.TestLegalHoldFulfillDelete" name="test_clear_hold_then_fulfill_ok" time="0.961" /><testcase classname="backend.tests.test_iteration7_privacy.TestConsentsAndPrefs" name="test_accept_consent_then_list" time="0.126" /><testcase classname="backend.tests.test_iteration7_privacy.TestConsentsAndPrefs" name="test_comm_prefs_defaults" time="0.744" /><testcase classname="backend.tests.test_iteration7_privacy.TestConsentsAndPrefs" name="test_comm_prefs_partial_update" time="0.114" /><testcase classname="backend.tests.test_iteration7_privacy.TestSelfExport" name="test_export_shape_and_no_secrets" time="0.065" /><testcase classname="backend.tests.test_iteration7_privacy.TestAuditRegression" name="test_patient_created_audit_no_phi" time="0.377" /><testcase classname="backend.tests.test_iteration7_privacy.TestAuditRegression" name="test_compliance_overview_admin_only" time="0.112" /><testcase classname="backend.tests.test_iteration7_privacy.TestRegisterConsent" name="test_register_then_accept_consent_v1" time="0.810" /><testcase classname="backend.tests.test_iteration8_security_config.TestSecurityConfigRBAC" name="test_anon_is_401" time="0.106" /><testcase classname="backend.tests.test_iteration8_security_config.TestSecurityConfigRBAC" name="test_patient_is_403" time="0.398" /><testcase classname="backend.tests.test_iteration8_security_config.TestSecurityConfigRBAC" name="test_doctor_is_403" time="0.373" /><testcase classname="backend.tests.test_iteration8_security_config.TestSecurityConfigRBAC" name="test_staff_is_403" time="0.424" /><testcase classname="backend.tests.test_iteration8_security_config.TestSecurityConfigRBAC" name="test_admin_200_and_payload_shape" time="0.415" /><testcase classname="backend.tests.test_iteration8_security_config.TestSecurityConfigRBAC" name="test_no_full_secrets_in_response" time="0.061" /><testcase classname="backend.tests.test_iteration8_security_config.TestComplianceOverviewRegression" name="test_anon_401" time="0.122" /><testcase classname="backend.tests.test_iteration8_security_config.TestComplianceOverviewRegression" name="test_patient_403" time="0.046" /><testcase classname="backend.tests.test_iteration8_security_config.TestComplianceOverviewRegression" name="test_doctor_403" time="0.054" /><testcase classname="backend.tests.test_iteration8_security_config.TestComplianceOverviewRegression" name="test_admin_200" time="0.079" /><testcase classname="backend.tests.test_iteration8_security_config.TestDOBEncryption" name="test_create_unmask_get_and_dob_roundtrip" time="0.444" /><testcase classname="backend.tests.test_iteration8_security_config.TestDOBEncryption" name="test_raw_db_dob_is_ciphertext" time="0.747" /><testcase classname="backend.tests.test_iteration8_security_config.TestLegacyPlaintextPassthrough" name="test_decrypt_text_passes_plaintext_through" time="0.051" /><testcase classname="backend.tests.test_iteration8_security_config.TestEnsureRequiredFailFast" name="test_missing_dek_raises" time="0.038" /><testcase classname="backend.tests.test_iteration8_security_config.TestEnsureRequiredFailFast" name="test_all_present_does_not_raise" time="0.041" /></testsuite></testsuites>