<?xml version="1.0" encoding="utf-8"?><testsuites name="pytest tests"><testsuite name="pytest" errors="0" failures="3" skipped="0" tests="14" time="11.326" timestamp="2026-04-20T05:07:02.539410+00:00" hostname="agent-env-ecd0f061-642e-4ef1-a89a-0ffc1adcee88"><testcase classname="backend.tests.test_iteration19_workforce" name="test_invitation_create_accept_and_login_flow" time="1.062" /><testcase classname="backend.tests.test_iteration19_workforce" name="test_invitation_rejected_for_duplicate_email" time="0.560" /><testcase classname="backend.tests.test_iteration19_workforce" name="test_invitation_revoke_burns_token" time="0.600" /><testcase classname="backend.tests.test_iteration19_workforce" name="test_invitation_tenant_isolation_for_listing" time="0.831" /><testcase classname="backend.tests.test_iteration19_workforce" name="test_proxy_grant_and_revoke_lifecycle" time="0.758" /><testcase classname="backend.tests.test_iteration19_workforce" name="test_proxy_grant_rejects_cross_tenant_user" time="0.561" /><testcase classname="backend.tests.test_iteration19_workforce" name="test_admin_revoke_target_user_sessions_kills_old_tokens" time="1.065"><failure message="assert 401 == 200&#10; +  where 401 = &lt;Response [401]&gt;.status_code">backend/tests/test_iteration19_workforce.py:251: in test_admin_revoke_target_user_sessions_kills_old_tokens
    assert me_before.status_code == 200
E   assert 401 == 200
E    +  where 401 = &lt;Response [401]&gt;.status_code</failure></testcase><testcase classname="backend.tests.test_iteration19_workforce" name="test_self_revoke_all_sessions" time="0.588" /><testcase classname="backend.tests.test_iteration19_workforce" name="test_deprovision_is_atomic_and_revokes_assignments" time="1.063" /><testcase classname="backend.tests.test_iteration19_workforce" name="test_deprovision_rejects_self" time="0.599" /><testcase classname="backend.tests.test_iteration19_workforce" name="test_deprovision_flags_future_appointments_when_no_reassign" time="0.927" /><testcase classname="backend.tests.test_iteration19_workforce" name="test_break_glass_start_end_and_self_attest" time="0.913" /><testcase classname="backend.tests.test_iteration19_workforce" name="test_break_glass_sweep_marks_overdue_and_sets_step_up" time="0.626"><failure message="AssertionError: [{&quot;id&quot;:&quot;01cf9d31-0e15-4400-8e42-496d67846701&quot;,&quot;email&quot;:&quot;invite-5e8666e0@sunrise.ccms.app&quot;,&quot;name&quot;:&quot;Temp Doc&quot;,&quot;role&quot;:&quot;doctor&quot;,&quot;phone&quot;:null,&quot;location_ids&quot;:[&quot;b3d2a4cd-41c7-4570-806a-5897d52a742f&quot;],&quot;status&quot;:&quot;accepted&quot;,&quot;invited_by_id&quot;:&quot;542a2bbd-8cf4-438e-8717-5f929016ca4e&quot;,&quot;invited_by_email&quot;:&quot;group-admin@sunrise.ccms.app&quot;,&quot;created_at&quot;:&quot;2026-04-20T05:07:10.869239+00:00&quot;,&quot;expires_at&quot;:&quot;2026-04-23T05:07:10.869239+00:00&quot;,&quot;accepted_at&quot;:&quot;2026-04-20T05:07:10.915120+00:00&quot;,&quot;accepted_user_id&quot;:&quot;52bc2d90-1d7f-4095-aad3-cbeafa6f352d&quot;,&quot;revoked_at&quot;:null,&quot;revoked_by_id&quot;:null,&quot;tenant_id&quot;:&quot;b081c211-7a8b-4991-89d3-f5496e927624&quot;,&quot;updated_at&quot;:&quot;2026-04-20T05:07:10.915120+00:00&quot;},{&quot;id&quot;:&quot;e5311002-85de-4983-9095-893738abc2fb&quot;,&quot;email&quot;:&quot;invite-c1bb16d7@sunrise.ccms.app&quot;,&quot;name&quot;:&quot;Termination target&quot;,&quot;role&quot;:&quot;staff&quot;,&quot;phone&quot;:null,&quot;location_ids&quot;:[&quot;b3d2a4cd-41c7-4570-806a-5897d52a742f&quot;],&quot;status&quot;:&quot;accepted&quot;,&quot;invited_by_id&quot;:&quot;542a2bbd-8cf4-438e-8717-5f929016ca4e&quot;,&quot;invited_by_email&quot;:&quot;group-admin@sunrise.ccms.app&quot;,&quot;created_at&quot;:&quot;2026-04-20T05:07:09.206435+00:00&quot;,&quot;expires_at&quot;:&quot;2026-04-23T05:07:09.206435+00:00&quot;,&quot;accepted_at&quot;:&quot;2026-04-20T05:07:09.252076+00:00&quot;,&quot;accepted_user_id&quot;:&quot;bd74614d-cdad-4ca3-98cc-e032c84dc0f0&quot;,&quot;revoked_at&quot;:null,&quot;revoked_by_id&quot;:null,&quot;tenant_id&quot;:&quot;b081c211-7a8b-4991-89d3-f5496e927624&quot;,&quot;updated_at&quot;:&quot;2026-04-20T05:07:09.252076+00:00&quot;},{&quot;id&quot;:&quot;b3044dcb-a4be-43ff-b4b9-0ec5bad1e2ac&quot;,&quot;email&quot;:&quot;invite-21e22f59@sunrise.ccms.app&quot;,&quot;name&quot;:&quot;Revocation target&quot;,&quot;role&quot;:&quot;staff&quot;,&quot;phone&quot;:null,&quot;location_ids&quot;:[],&quot;status&quot;:&quot;accepted&quot;,&quot;invited_by_id&quot;:&quot;542a2bbd-8cf4-438e-8717-5f929016ca4e&quot;,&quot;invited_by_email&quot;:&quot;group-admin@sunrise.ccms.app&quot;,&quot;created_at&quot;:&quot;2026-04-20T05:07:07.494035+00:00&quot;,&quot;expires_at&quot;:&quot;2026-04-23T05:07:07.494035+00:00&quot;,&quot;accepted_at&quot;:&quot;2026-04-20T05:07:07.540344+00:00&quot;,&quot;accepted_user_id&quot;:&quot;b55733c1-d38b-4761-b09b-0df1a73de41b&quot;,&quot;revoked_at&quot;:null,&quot;revoked_by_id&quot;:null,&quot;tenant_id&quot;:&quot;b081c211-7a8b-4991-89d3-f5496e927624&quot;,&quot;updated_at&quot;:&quot;2026-04-20T05:07:07.540344+00:00&quot;},{&quot;id&quot;:&quot;a7fa99f1-d630-46da-8f52-6a0761d487ea&quot;,&quot;email&quot;:&quot;invite-3e1eb6c0@sunrise.ccms.app&quot;,&quot;name&quot;:&quot;Iso&quot;,&quot;role&quot;:&quot;staff&quot;,&quot;phone&quot;:null,&quot;location_ids&quot;:[],&quot;status&quot;:&quot;pending&quot;,&quot;invited_by_id&quot;:&quot;542a2bbd-8cf4-438e-8717-5f929016ca4e&quot;,&quot;invited_by_email&quot;:&quot;group-admin@sunrise.ccms.app&quot;,&quot;created_at&quot;:&quot;2026-04-20T05:07:05.338148+00:00&quot;,&quot;expires_at&quot;:&quot;2026-04-23T05:07:05.338148+00:00&quot;,&quot;accepted_at&quot;:null,&quot;accepted_user_id&quot;:null,&quot;revoked_at&quot;:null,&quot;revoked_by_id&quot;:null,&quot;tenant_id&quot;:&quot;b081c211-7a8b-4991-89d3-f5496e927624&quot;},{&quot;id&quot;:&quot;a0f24c11-59ef-4ed7-8c13-af02c0f85543&quot;,&quot;email&quot;:&quot;invite-722c91ba@sunrise.ccms.app&quot;,&quot;name&quot;:&quot;To be revoked&quot;,&quot;role&quot;:&quot;staff&quot;,&quot;phone&quot;:null,&quot;location_ids&quot;:[],&quot;status&quot;:&quot;revoked&quot;,&quot;invited_by_id&quot;:&quot;542a2bbd-8cf4-438e-8717-5f929016ca4e&quot;,&quot;invited_by_email&quot;:&quot;group-admin@sunrise.ccms.app&quot;,&quot;created_at&quot;:&quot;2026-04-20T05:07:04.732303+00:00&quot;,&quot;expires_at&quot;:&quot;2026-04-23T05:07:04.732303+00:00&quot;,&quot;accepted_at&quot;:null,&quot;accepted_user_id&quot;:null,&quot;revoked_at&quot;:&quot;2026-04-20T05:07:04.779208+00:00&quot;,&quot;revoked_by_id&quot;:&quot;542a2bbd-8cf4-438e-8717-5f929016ca4e&quot;,&quot;tenant_id&quot;:&quot;b081c211-7a8b-4991-89d3-f5496e927624&quot;,&quot;revoke_reason&quot;:&quot;changed my mind&quot;,&quot;updated_at&quot;:&quot;2026-04-20T05:07:04.779208+00:00&quot;},{&quot;id&quot;:&quot;993a7268-ca54-48c0-8a22-589ee4c4d068&quot;,&quot;email&quot;:&quot;invite-db3fafb0@sunrise.ccms.app&quot;,&quot;name&quot;:&quot;Test Invitee&quot;,&quot;role&quot;:&quot;staff&quot;,&quot;phone&quot;:null,&quot;location_ids&quot;:[&quot;b3d2a4cd-41c7-4570-806a-5897d52a742f&quot;],&quot;status&quot;:&quot;accepted&quot;,&quot;invited_by_id&quot;:&quot;542a2bbd-8cf4-438e-8717-5f929016ca4e&quot;,&quot;invited_by_email&quot;:&quot;group-admin@sunrise.ccms.app&quot;,&quot;created_at&quot;:&quot;2026-04-20T05:07:03.154394+00:00&quot;,&quot;expires_at&quot;:&quot;2026-04-23T05:07:03.154394+00:00&quot;,&quot;accepted_at&quot;:&quot;2026-04-20T05:07:03.200315+00:00&quot;,&quot;accepted_user_id&quot;:&quot;b956d71d-80f9-4bff-a251-109b837a855e&quot;,&quot;revoked_at&quot;:null,&quot;revoked_by_id&quot;:null,&quot;tenant_id&quot;:&quot;b081c211-7a8b-4991-89d3-f5496e927624&quot;,&quot;updated_at&quot;:&quot;2026-04-20T05:07:03.200315+00:00&quot;},{&quot;id&quot;:&quot;d0c31d35-896a-4675-866f-108c45f67066&quot;,&quot;email&quot;:&quot;invite-7e181f88@sunrise.ccms.app&quot;,&quot;name&quot;:&quot;Termination target&quot;,&quot;role&quot;:&quot;staff&quot;,&quot;phone&quot;:null,&quot;location_ids&quot;:[&quot;b3d2a4cd-41c7-4570-806a-5897d52a742f&quot;],&quot;status&quot;:&quot;accepted&quot;,&quot;invited_by_id&quot;:&quot;542a2bbd-8cf4-438e-8717-5f929016ca4e&quot;,&quot;invited_by_email&quot;:&quot;group-admin@sunrise.ccms.app&quot;,&quot;created_at&quot;:&quot;2026-04-20T05:05:44.868400+00:00&quot;,&quot;expires_at&quot;:&quot;2026-04-23T05:05:44.868400+00:00&quot;,&quot;accepted_at&quot;:&quot;2026-04-20T05:05:44.914248+00:00&quot;,&quot;accepted_user_id&quot;:&quot;a1bb8de3-2481-429a-9718-6dbe70156c55&quot;,&quot;revoked_at&quot;:null,&quot;revoked_by_id&quot;:null,&quot;tenant_id&quot;:&quot;b081c211-7a8b-4991-89d3-f5496e927624&quot;,&quot;updated_at&quot;:&quot;2026-04-20T05:05:44.914248+00:00&quot;},{&quot;id&quot;:&quot;fac7cb3a-4fd9-4525-a444-430827498889&quot;,&quot;email&quot;:&quot;invite-bcac2828@sunrise.ccms.app&quot;,&quot;name&quot;:&quot;Revocation target&quot;,&quot;role&quot;:&quot;staff&quot;,&quot;phone&quot;:null,&quot;location_ids&quot;:[],&quot;status&quot;:&quot;accepted&quot;,&quot;invited_by_id&quot;:&quot;542a2bbd-8cf4-438e-8717-5f929016ca4e&quot;,&quot;invited_by_email&quot;:&quot;group-admin@sunrise.ccms.app&quot;,&quot;created_at&quot;:&quot;2026-04-20T05:05:43.149496+00:00&quot;,&quot;expires_at&quot;:&quot;2026-04-23T05:05:43.149496+00:00&quot;,&quot;accepted_at&quot;:&quot;2026-04-20T05:05:43.195185+00:00&quot;,&quot;accepted_user_id&quot;:&quot;d530e32d-30e8-441d-aa74-c6e96db93941&quot;,&quot;revoked_at&quot;:null,&quot;revoked_by_id&quot;:null,&quot;tenant_id&quot;:&quot;b081c211-7a8b-4991-89d3-f5496e927624&quot;,&quot;updated_at&quot;:&quot;2026-04-20T05:05:43.195185+00:00&quot;},{&quot;id&quot;:&quot;e2480892-0562-49e5-a270-d2bb0dbfc04d&quot;,&quot;email&quot;:&quot;invite-dcc52236@sunrise.ccms.app&quot;,&quot;name&quot;:&quot;Iso&quot;,&quot;role&quot;:&quot;staff&quot;,&quot;phone&quot;:null,&quot;location_ids&quot;:[],&quot;status&quot;:&quot;pending&quot;,&quot;invited_by_id&quot;:&quot;542a2bbd-8cf4-438e-8717-5f929016ca4e&quot;,&quot;invited_by_email&quot;:&quot;group-admin@sunrise.ccms.app&quot;,&quot;created_at&quot;:&quot;2026-04-20T05:05:41.004637+00:00&quot;,&quot;expires_at&quot;:&quot;2026-04-23T05:05:41.004637+00:00&quot;,&quot;accepted_at&quot;:null,&quot;accepted_user_id&quot;:null,&quot;revoked_at&quot;:null,&quot;revoked_by_id&quot;:null,&quot;tenant_id&quot;:&quot;b081c211-7a8b-4991-89d3-f5496e927624&quot;},{&quot;id&quot;:&quot;771bf640-b14c-4b3e-94eb-dfc7a2bb6fa7&quot;,&quot;email&quot;:&quot;invite-abb108b1@sunrise.ccms.app&quot;,&quot;name&quot;:&quot;To be revoked&quot;,&quot;role&quot;:&quot;staff&quot;,&quot;phone&quot;:null,&quot;location_ids&quot;:[],&quot;status&quot;:&quot;revoked&quot;,&quot;invited_by_id&quot;:&quot;542a2bbd-8cf4-438e-8717-5f929016ca4e&quot;,&quot;invited_by_email&quot;:&quot;group-admin@sunrise.ccms.app&quot;,&quot;created_at&quot;:&quot;2026-04-20T05:05:40.401250+00:00&quot;,&quot;expires_at&quot;:&quot;2026-04-23T05:05:40.401250+00:00&quot;,&quot;accepted_at&quot;:null,&quot;accepted_user_id&quot;:null,&quot;revoked_at&quot;:&quot;2026-04-20T05:05:40.448047+00:00&quot;,&quot;revoked_by_id&quot;:&quot;542a2bbd-8cf4-438e-8717-5f929016ca4e&quot;,&quot;tenant_id&quot;:&quot;b081c211-7a8b-4991-89d3-f5496e927624&quot;,&quot;revoke_reason&quot;:&quot;changed my mind&quot;,&quot;updated_at&quot;:&quot;2026-04-20T05:05:40.448047+00:00&quot;},{&quot;id&quot;:&quot;d8f7eaa1-a067-44b3-87e0-686dc0ad6fed&quot;,&quot;email&quot;:&quot;invite-26dfbb66@sunrise.ccms.app&quot;,&quot;name&quot;:&quot;Test Invitee&quot;,&quot;role&quot;:&quot;staff&quot;,&quot;phone&quot;:null,&quot;location_ids&quot;:[&quot;b3d2a4cd-41c7-4570-806a-5897d52a742f&quot;],&quot;status&quot;:&quot;accepted&quot;,&quot;invited_by_id&quot;:&quot;542a2bbd-8cf4-438e-8717-5f929016ca4e&quot;,&quot;invited_by_email&quot;:&quot;group-admin@sunrise.ccms.app&quot;,&quot;created_at&quot;:&quot;2026-04-20T05:05:38.829209+00:00&quot;,&quot;expires_at&quot;:&quot;2026-04-23T05:05:38.829209+00:00&quot;,&quot;accepted_at&quot;:&quot;2026-04-20T05:05:38.874101+00:00&quot;,&quot;accepted_user_id&quot;:&quot;bfff549c-00fe-49d2-bd66-e49e3758d970&quot;,&quot;revoked_at&quot;:null,&quot;revoked_by_id&quot;:null,&quot;tenant_id&quot;:&quot;b081c211-7a8b-4991-89d3-f5496e927624&quot;,&quot;updated_at&quot;:&quot;2026-04-20T05:05:38.874101+00:00&quot;},{&quot;id&quot;:&quot;a7b3e539-0428-4e93-a21c-94cd56a1f952&quot;,&quot;email&quot;:&quot;invite-c65357cf@sunrise.ccms.app&quot;,&quot;name&quot;:&quot;Suspicious test&quot;,&quot;role&quot;:&quot;staff&quot;,&quot;phone&quot;:null,&quot;location_ids&quot;:[],&quot;status&quot;:&quot;accepted&quot;,&quot;invited_by_id&quot;:&quot;542a2bbd-8cf4-438e-8717-5f929016ca4e&quot;,&quot;invited_by_email&quot;:&quot;group-admin@sunrise.ccms.app&quot;,&quot;created_at&quot;:&quot;2026-04-20T05:05:20.233376+00:00&quot;,&quot;expires_at&quot;:&quot;2026-04-23T05:05:20.233376+00:00&quot;,&quot;accepted_at&quot;:&quot;2026-04-20T05:05:20.278157+00:00&quot;,&quot;accepted_user_id&quot;:&quot;b1918ff3-0f8f-4dbb-8488-7f3e4475ae63&quot;,&quot;revoked_at&quot;:null,&quot;revoked_by_id&quot;:null,&quot;tenant_id&quot;:&quot;b081c211-7a8b-4991-89d3-f5496e927624&quot;,&quot;updated_at&quot;:&quot;2026-04-20T05:05:20.278157+00:00&quot;},{&quot;id&quot;:&quot;14225b42-c3bd-4632-89b2-8d0f6863d6b2&quot;,&quot;email&quot;:&quot;invite-9a3cf555@sunrise.ccms.app&quot;,&quot;name&quot;:&quot;Temp Doc&quot;,&quot;role&quot;:&quot;doctor&quot;,&quot;phone&quot;:null,&quot;location_ids&quot;:[&quot;b3d2a4cd-41c7-4570-806a-5897d52a742f&quot;],&quot;status&quot;:&quot;accepted&quot;,&quot;invited_by_id&quot;:&quot;542a2bbd-8cf4-438e-8717-5f929016ca4e&quot;,&quot;invited_by_email&quot;:&quot;group-admin@sunrise.ccms.app&quot;,&quot;created_at&quot;:&quot;2026-04-20T05:05:17.932676+00:00&quot;,&quot;expires_at&quot;:&quot;2026-04-23T05:05:17.932676+00:00&quot;,&quot;accepted_at&quot;:&quot;2026-04-20T05:05:17.978077+00:00&quot;,&quot;accepted_user_id&quot;:&quot;b3eda23e-1644-4aa6-93a1-9ec882904f03&quot;,&quot;revoked_at&quot;:null,&quot;revoked_by_id&quot;:null,&quot;tenant_id&quot;:&quot;b081c211-7a8b-4991-89d3-f5496e927624&quot;,&quot;updated_at&quot;:&quot;2026-04-20T05:05:17.978077+00:00&quot;},{&quot;id&quot;:&quot;47cc1baf-0e6b-4fc8-9567-f57fd3faab8a&quot;,&quot;email&quot;:&quot;invite-d1ca1c7a@sunrise.ccms.app&quot;,&quot;name&quot;:&quot;Termination target&quot;,&quot;role&quot;:&quot;staff&quot;,&quot;phone&quot;:null,&quot;location_ids&quot;:[&quot;b3d2a4cd-41c7-4570-806a-5897d52a742f&quot;],&quot;status&quot;:&quot;accepted&quot;,&quot;invited_by_id&quot;:&quot;542a2bbd-8cf4-438e-8717-5f929016ca4e&quot;,&quot;invited_by_email&quot;:&quot;group-admin@sunrise.ccms.app&quot;,&quot;created_at&quot;:&quot;2026-04-20T05:05:16.268443+00:00&quot;,&quot;expires_at&quot;:&quot;2026-04-23T05:05:16.268443+00:00&quot;,&quot;accepted_at&quot;:&quot;2026-04-20T05:05:16.314024+00:00&quot;,&quot;accepted_user_id&quot;:&quot;79722fb0-4338-42e1-919c-ff0b5e4a0edf&quot;,&quot;revoked_at&quot;:null,&quot;revoked_by_id&quot;:null,&quot;tenant_id&quot;:&quot;b081c211-7a8b-4991-89d3-f5496e927624&quot;,&quot;updated_at&quot;:&quot;2026-04-20T05:05:16.314024+00:00&quot;},{&quot;id&quot;:&quot;17230ff2-1429-45f0-aa6e-eaf28ce3fb7b&quot;,&quot;email&quot;:&quot;invite-1db21482@sunrise.ccms.app&quot;,&quot;name&quot;:&quot;Revocation target&quot;,&quot;role&quot;:&quot;staff&quot;,&quot;phone&quot;:null,&quot;location_ids&quot;:[],&quot;status&quot;:&quot;accepted&quot;,&quot;invited_by_id&quot;:&quot;542a2bbd-8cf4-438e-8717-5f929016ca4e&quot;,&quot;invited_by_email&quot;:&quot;group-admin@sunrise.ccms.app&quot;,&quot;created_at&quot;:&quot;2026-04-20T05:05:14.560222+00:00&quot;,&quot;expires_at&quot;:&quot;2026-04-23T05:05:14.560222+00:00&quot;,&quot;accepted_at&quot;:&quot;2026-04-20T05:05:14.605077+00:00&quot;,&quot;accepted_user_id&quot;:&quot;1f67508d-1263-446c-b51d-33c5e31b4241&quot;,&quot;revoked_at&quot;:null,&quot;revoked_by_id&quot;:null,&quot;tenant_id&quot;:&quot;b081c211-7a8b-4991-89d3-f5496e927624&quot;,&quot;updated_at&quot;:&quot;2026-04-20T05:05:14.605077+00:00&quot;},{&quot;id&quot;:&quot;0b6e9196-1f3f-42b7-8cd5-14e9c08a5f8a&quot;,&quot;email&quot;:&quot;invite-dafdea74@sunrise.ccms.app&quot;,&quot;name&quot;:&quot;Iso&quot;,&quot;role&quot;:&quot;staff&quot;,&quot;phone&quot;:null,&quot;location_ids&quot;:[],&quot;status&quot;:&quot;pending&quot;,&quot;invited_by_id&quot;:&quot;542a2bbd-8cf4-438e-8717-5f929016ca4e&quot;,&quot;invited_by_email&quot;:&quot;group-admin@sunrise.ccms.app&quot;,&quot;created_at&quot;:&quot;2026-04-20T05:05:12.406313+00:00&quot;,&quot;expires_at&quot;:&quot;2026-04-23T05:05:12.406313+00:00&quot;,&quot;accepted_at&quot;:null,&quot;accepted_user_id&quot;:null,&quot;revoked_at&quot;:null,&quot;revoked_by_id&quot;:null,&quot;tenant_id&quot;:&quot;b081c211-7a8b-4991-89d3-f5496e927624&quot;},{&quot;id&quot;:&quot;bbe05814-6229-4dd8-968d-a412fab05f2b&quot;,&quot;email&quot;:&quot;invite-a6459899@sunrise.ccms.app&quot;,&quot;name&quot;:&quot;To be revoked&quot;,&quot;role&quot;:&quot;staff&quot;,&quot;phone&quot;:null,&quot;location_ids&quot;:[],&quot;status&quot;:&quot;revoked&quot;,&quot;invited_by_id&quot;:&quot;542a2bbd-8cf4-438e-8717-5f929016ca4e&quot;,&quot;invited_by_email&quot;:&quot;group-admin@sunrise.ccms.app&quot;,&quot;created_at&quot;:&quot;2026-04-20T05:05:11.800857+00:00&quot;,&quot;expires_at&quot;:&quot;2026-04-23T05:05:11.800857+00:00&quot;,&quot;accepted_at&quot;:null,&quot;accepted_user_id&quot;:null,&quot;revoked_at&quot;:&quot;2026-04-20T05:05:11.849527+00:00&quot;,&quot;revoked_by_id&quot;:&quot;542a2bbd-8cf4-438e-8717-5f929016ca4e&quot;,&quot;tenant_id&quot;:&quot;b081c211-7a8b-4991-89d3-f5496e927624&quot;,&quot;revoke_reason&quot;:&quot;changed my mind&quot;,&quot;updated_at&quot;:&quot;2026-04-20T05:05:11.849527+00:00&quot;},{&quot;id&quot;:&quot;8174523f-bd3b-4032-bb85-d5a778f1f229&quot;,&quot;email&quot;:&quot;invite-0f97131d@sunrise.ccms.app&quot;,&quot;name&quot;:&quot;Test Invitee&quot;,&quot;role&quot;:&quot;staff&quot;,&quot;phone&quot;:null,&quot;location_ids&quot;:[&quot;b3d2a4cd-41c7-4570-806a-5897d52a742f&quot;],&quot;status&quot;:&quot;accepted&quot;,&quot;invited_by_id&quot;:&quot;542a2bbd-8cf4-438e-8717-5f929016ca4e&quot;,&quot;invited_by_email&quot;:&quot;group-admin@sunrise.ccms.app&quot;,&quot;created_at&quot;:&quot;2026-04-20T05:05:10.181695+00:00&quot;,&quot;expires_at&quot;:&quot;2026-04-23T05:05:10.181695+00:00&quot;,&quot;accepted_at&quot;:&quot;2026-04-20T05:05:10.266466+00:00&quot;,&quot;accepted_user_id&quot;:&quot;504acc05-a0e5-4c0a-a8cb-873c2432daf1&quot;,&quot;revoked_at&quot;:null,&quot;revoked_by_id&quot;:null,&quot;tenant_id&quot;:&quot;b081c211-7a8b-4991-89d3-f5496e927624&quot;,&quot;updated_at&quot;:&quot;2026-04-20T05:05:10.266466+00:00&quot;},{&quot;id&quot;:&quot;fd5c063f-0685-4d72-b2de-106fa3d04bcb&quot;,&quot;email&quot;:&quot;invite-eca8697c@sunrise.ccms.app&quot;,&quot;name&quot;:&quot;Suspicious test&quot;,&quot;role&quot;:&quot;staff&quot;,&quot;phone&quot;:null,&quot;location_ids&quot;:[],&quot;status&quot;:&quot;accepted&quot;,&quot;invited_by_id&quot;:&quot;542a2bbd-8cf4-438e-8717-5f929016ca4e&quot;,&quot;invited_by_email&quot;:&quot;group-admin@sunrise.ccms.app&quot;,&quot;created_at&quot;:&quot;2026-04-20T03:50:34.371552+00:00&quot;,&quot;expires_at&quot;:&quot;2026-04-23T03:50:34.371552+00:00&quot;,&quot;accepted_at&quot;:&quot;2026-04-20T03:50:34.484113+00:00&quot;,&quot;accepted_user_id&quot;:&quot;38d4a9f6-54ce-4415-bc02-54cb3cd3c482&quot;,&quot;revoked_at&quot;:null,&quot;revoked_by_id&quot;:null,&quot;tenant_id&quot;:&quot;b081c211-7a8b-4991-89d3-f5496e927624&quot;,&quot;updated_at&quot;:&quot;2026-04-20T03:50:34.484113+00:00&quot;},{&quot;id&quot;:&quot;284e1875-073f-4cdd-836e-c80ceda73d99&quot;,&quot;email&quot;:&quot;invite-fa569662@sunrise.ccms.app&quot;,&quot;name&quot;:&quot;Temp Doc&quot;,&quot;role&quot;:&quot;doctor&quot;,&quot;phone&quot;:null,&quot;location_ids&quot;:[&quot;b3d2a4cd-41c7-4570-806a-5897d52a742f&quot;],&quot;status&quot;:&quot;accepted&quot;,&quot;invited_by_id&quot;:&quot;542a2bbd-8cf4-438e-8717-5f929016ca4e&quot;,&quot;invited_by_email&quot;:&quot;group-admin@sunrise.ccms.app&quot;,&quot;created_at&quot;:&quot;2026-04-20T03:50:31.057721+00:00&quot;,&quot;expires_at&quot;:&quot;2026-04-23T03:50:31.057721+00:00&quot;,&quot;accepted_at&quot;:&quot;2026-04-20T03:50:31.167885+00:00&quot;,&quot;accepted_user_id&quot;:&quot;0ac7e4e6-3345-42db-9190-bb9098458507&quot;,&quot;revoked_at&quot;:null,&quot;revoked_by_id&quot;:null,&quot;tenant_id&quot;:&quot;b081c211-7a8b-4991-89d3-f5496e927624&quot;,&quot;updated_at&quot;:&quot;2026-04-20T03:50:31.167885+00:00&quot;},{&quot;id&quot;:&quot;03fe3361-9026-4f9f-97e8-b2a21ed7aa86&quot;,&quot;email&quot;:&quot;invite-78492ada@sunrise.ccms.app&quot;,&quot;name&quot;:&quot;Termination target&quot;,&quot;role&quot;:&quot;staff&quot;,&quot;phone&quot;:null,&quot;location_ids&quot;:[&quot;b3d2a4cd-41c7-4570-806a-5897d52a742f&quot;],&quot;status&quot;:&quot;accepted&quot;,&quot;invited_by_id&quot;:&quot;542a2bbd-8cf4-438e-8717-5f929016ca4e&quot;,&quot;invited_by_email&quot;:&quot;group-admin@sunrise.ccms.app&quot;,&quot;created_at&quot;:&quot;2026-04-20T03:50:28.813505+00:00&quot;,&quot;expires_at&quot;:&quot;2026-04-23T03:50:28.813505+00:00&quot;,&quot;accepted_at&quot;:&quot;2026-04-20T03:50:28.925106+00:00&quot;,&quot;accepted_user_id&quot;:&quot;9af4bf40-4bdd-4c8e-94f6-d88c6b9dd18e&quot;,&quot;revoked_at&quot;:null,&quot;revoked_by_id&quot;:null,&quot;tenant_id&quot;:&quot;b081c211-7a8b-4991-89d3-f5496e927624&quot;,&quot;updated_at&quot;:&quot;2026-04-20T03:50:28.925106+00:00&quot;},{&quot;id&quot;:&quot;c4784d9d-3157-4721-a3b9-68d23e6d19a7&quot;,&quot;email&quot;:&quot;invite-7c80bddd@sunrise.ccms.app&quot;,&quot;name&quot;:&quot;Revocation target&quot;,&quot;role&quot;:&quot;staff&quot;,&quot;phone&quot;:null,&quot;location_ids&quot;:[],&quot;status&quot;:&quot;accepted&quot;,&quot;invited_by_id&quot;:&quot;542a2bbd-8cf4-438e-8717-5f929016ca4e&quot;,&quot;invited_by_email&quot;:&quot;group-admin@sunrise.ccms.app&quot;,&quot;created_at&quot;:&quot;2026-04-20T03:50:26.507450+00:00&quot;,&quot;expires_at&quot;:&quot;2026-04-23T03:50:26.507450+00:00&quot;,&quot;accepted_at&quot;:&quot;2026-04-20T03:50:26.621100+00:00&quot;,&quot;accepted_user_id&quot;:&quot;a711fa8d-5efa-4c73-a5de-5b50050f79c1&quot;,&quot;revoked_at&quot;:null,&quot;revoked_by_id&quot;:null,&quot;tenant_id&quot;:&quot;b081c211-7a8b-4991-89d3-f5496e927624&quot;,&quot;updated_at&quot;:&quot;2026-04-20T03:50:26.621100+00:00&quot;},{&quot;id&quot;:&quot;4eee0750-eb28-4848-8f2c-8c2db5ab9417&quot;,&quot;email&quot;:&quot;invite-f206afbd@sunrise.ccms.app&quot;,&quot;name&quot;:&quot;Iso&quot;,&quot;role&quot;:&quot;staff&quot;,&quot;phone&quot;:null,&quot;location_ids&quot;:[],&quot;status&quot;:&quot;pending&quot;,&quot;invited_by_id&quot;:&quot;542a2bbd-8cf4-438e-8717-5f929016ca4e&quot;,&quot;invited_by_email&quot;:&quot;group-admin@sunrise.ccms.app&quot;,&quot;created_at&quot;:&quot;2026-04-20T03:50:23.708075+00:00&quot;,&quot;expires_at&quot;:&quot;2026-04-23T03:50:23.708075+00:00&quot;,&quot;accepted_at&quot;:null,&quot;accepted_user_id&quot;:null,&quot;revoked_at&quot;:null,&quot;revoked_by_id&quot;:null,&quot;tenant_id&quot;:&quot;b081c211-7a8b-4991-89d3-f5496e927624&quot;},{&quot;id&quot;:&quot;d7b8f4f0-ea38-40d7-90c9-23d8d8c5687c&quot;,&quot;email&quot;:&quot;invite-439ffba6@sunrise.ccms.app&quot;,&quot;name&quot;:&quot;To be revoked&quot;,&quot;role&quot;:&quot;staff&quot;,&quot;phone&quot;:null,&quot;location_ids&quot;:[],&quot;status&quot;:&quot;revoked&quot;,&quot;invited_by_id&quot;:&quot;542a2bbd-8cf4-438e-8717-5f929016ca4e&quot;,&quot;invited_by_email&quot;:&quot;group-admin@sunrise.ccms.app&quot;,&quot;created_at&quot;:&quot;2026-04-20T03:50:22.861561+00:00&quot;,&quot;expires_at&quot;:&quot;2026-04-23T03:50:22.861561+00:00&quot;,&quot;accepted_at&quot;:null,&quot;accepted_user_id&quot;:null,&quot;revoked_at&quot;:&quot;2026-04-20T03:50:22.925768+00:00&quot;,&quot;revoked_by_id&quot;:&quot;542a2bbd-8cf4-438e-8717-5f929016ca4e&quot;,&quot;tenant_id&quot;:&quot;b081c211-7a8b-4991-89d3-f5496e927624&quot;,&quot;revoke_reason&quot;:&quot;changed my mind&quot;,&quot;updated_at&quot;:&quot;2026-04-20T03:50:22.925768+00:00&quot;},{&quot;id&quot;:&quot;0fd64604-30e5-41f3-a67c-83fca0ea3c5b&quot;,&quot;email&quot;:&quot;invite-b50e7414@sunrise.ccms.app&quot;,&quot;name&quot;:&quot;Test Invitee&quot;,&quot;role&quot;:&quot;staff&quot;,&quot;phone&quot;:null,&quot;location_ids&quot;:[&quot;b3d2a4cd-41c7-4570-806a-5897d52a742f&quot;],&quot;status&quot;:&quot;accepted&quot;,&quot;invited_by_id&quot;:&quot;542a2bbd-8cf4-438e-8717-5f929016ca4e&quot;,&quot;invited_by_email&quot;:&quot;group-admin@sunrise.ccms.app&quot;,&quot;created_at&quot;:&quot;2026-04-20T03:50:20.743776+00:00&quot;,&quot;expires_at&quot;:&quot;2026-04-23T03:50:20.743776+00:00&quot;,&quot;accepted_at&quot;:&quot;2026-04-20T03:50:20.863810+00:00&quot;,&quot;accepted_user_id&quot;:&quot;579a6836-1056-407b-af45-111606dd4bb4&quot;,&quot;revoked_at&quot;:null,&quot;revoked_by_id&quot;:null,&quot;tenant_id&quot;:&quot;b081c211-7a8b-4991-89d3-f5496e927624&quot;,&quot;updated_at&quot;:&quot;2026-04-20T03:50:20.863810+00:00&quot;},{&quot;id&quot;:&quot;85e95443-d025-42ca-ace7-36f8af9c05e3&quot;,&quot;email&quot;:&quot;invite-d0dd4341@sunrise.ccms.app&quot;,&quot;name&quot;:&quot;Suspicious test&quot;,&quot;role&quot;:&quot;staff&quot;,&quot;phone&quot;:null,&quot;location_ids&quot;:[],&quot;status&quot;:&quot;accepted&quot;,&quot;invited_by_id&quot;:&quot;542a2bbd-8cf4-438e-8717-5f929016ca4e&quot;,&quot;invited_by_email&quot;:&quot;group-admin@sunrise.ccms.app&quot;,&quot;created_at&quot;:&quot;2026-04-20T03:45:35.182185+00:00&quot;,&quot;expires_at&quot;:&quot;2026-04-23T03:45:35.182185+00:00&quot;,&quot;accepted_at&quot;:&quot;2026-04-20T03:45:35.310114+00:00&quot;,&quot;accepted_user_id&quot;:&quot;6ac2c30f-1921-4040-8b9f-fed63c458f54&quot;,&quot;revoked_at&quot;:null,&quot;revoked_by_id&quot;:null,&quot;tenant_id&quot;:&quot;b081c211-7a8b-4991-89d3-f5496e927624&quot;,&quot;updated_at&quot;:&quot;2026-04-20T03:45:35.310114+00:00&quot;},{&quot;id&quot;:&quot;2a862eb7-a69d-4a57-bc66-04a88ea3b469&quot;,&quot;email&quot;:&quot;invite-e3e826ed@sunrise.ccms.app&quot;,&quot;name&quot;:&quot;Termination target&quot;,&quot;role&quot;:&quot;staff&quot;,&quot;phone&quot;:null,&quot;location_ids&quot;:[&quot;b3d2a4cd-41c7-4570-806a-5897d52a742f&quot;],&quot;status&quot;:&quot;accepted&quot;,&quot;invited_by_id&quot;:&quot;542a2bbd-8cf4-438e-8717-5f929016ca4e&quot;,&quot;invited_by_email&quot;:&quot;group-admin@sunrise.ccms.app&quot;,&quot;created_at&quot;:&quot;2026-04-20T03:45:29.937614+00:00&quot;,&quot;expires_at&quot;:&quot;2026-04-23T03:45:29.937614+00:00&quot;,&quot;accepted_at&quot;:&quot;2026-04-20T03:45:30.052328+00:00&quot;,&quot;accepted_user_id&quot;:&quot;f8c1eea5-da9c-4056-91cf-348bc2329095&quot;,&quot;revoked_at&quot;:null,&quot;revoked_by_id&quot;:null,&quot;tenant_id&quot;:&quot;b081c211-7a8b-4991-89d3-f5496e927624&quot;,&quot;updated_at&quot;:&quot;2026-04-20T03:45:30.052328+00:00&quot;},{&quot;id&quot;:&quot;2e3cd710-a2d4-488f-a3e6-1602204471a7&quot;,&quot;email&quot;:&quot;invite-c7802b36@sunrise.ccms.app&quot;,&quot;name&quot;:&quot;Revocation target&quot;,&quot;role&quot;:&quot;staff&quot;,&quot;phone&quot;:null,&quot;location_ids&quot;:[],&quot;status&quot;:&quot;accepted&quot;,&quot;invited_by_id&quot;:&quot;542a2bbd-8cf4-438e-8717-5f929016ca4e&quot;,&quot;invited_by_email&quot;:&quot;group-admin@sunrise.ccms.app&quot;,&quot;created_at&quot;:&quot;2026-04-20T03:45:27.478417+00:00&quot;,&quot;expires_at&quot;:&quot;2026-04-23T03:45:27.478417+00:00&quot;,&quot;accepted_at&quot;:&quot;2026-04-20T03:45:27.591890+00:00&quot;,&quot;accepted_user_id&quot;:&quot;610f174f-46d3-4039-bec3-423297cc7bb3&quot;,&quot;revoked_at&quot;:null,&quot;revoked_by_id&quot;:null,&quot;tenant_id&quot;:&quot;b081c211-7a8b-4991-89d3-f5496e927624&quot;,&quot;updated_at&quot;:&quot;2026-04-20T03:45:27.591890+00:00&quot;},{&quot;id&quot;:&quot;5e530b89-c793-4108-8845-92ea2a0e0ab4&quot;,&quot;email&quot;:&quot;invite-59bb50b2@sunrise.ccms.app&quot;,&quot;name&quot;:&quot;Iso&quot;,&quot;role&quot;:&quot;staff&quot;,&quot;phone&quot;:null,&quot;location_ids&quot;:[],&quot;status&quot;:&quot;pending&quot;,&quot;invited_by_id&quot;:&quot;542a2bbd-8cf4-438e-8717-5f929016ca4e&quot;,&quot;invited_by_email&quot;:&quot;group-admin@sunrise.ccms.app&quot;,&quot;created_at&quot;:&quot;2026-04-20T03:45:24.673736+00:00&quot;,&quot;expires_at&quot;:&quot;2026-04-23T03:45:24.673736+00:00&quot;,&quot;accepted_at&quot;:null,&quot;accepted_user_id&quot;:null,&quot;revoked_at&quot;:null,&quot;revoked_by_id&quot;:null,&quot;tenant_id&quot;:&quot;b081c211-7a8b-4991-89d3-f5496e927624&quot;},{&quot;id&quot;:&quot;8b0c9599-d6b2-4cf6-84c6-fa1f63ce16ee&quot;,&quot;email&quot;:&quot;invite-2806bde8@sunrise.ccms.app&quot;,&quot;name&quot;:&quot;To be revoked&quot;,&quot;role&quot;:&quot;staff&quot;,&quot;phone&quot;:null,&quot;location_ids&quot;:[],&quot;status&quot;:&quot;revoked&quot;,&quot;invited_by_id&quot;:&quot;542a2bbd-8cf4-438e-8717-5f929016ca4e&quot;,&quot;invited_by_email&quot;:&quot;group-admin@sunrise.ccms.app&quot;,&quot;created_at&quot;:&quot;2026-04-20T03:45:23.829817+00:00&quot;,&quot;expires_at&quot;:&quot;2026-04-23T03:45:23.829817+00:00&quot;,&quot;accepted_at&quot;:null,&quot;accepted_user_id&quot;:null,&quot;revoked_at&quot;:&quot;2026-04-20T03:45:23.881701+00:00&quot;,&quot;revoked_by_id&quot;:&quot;542a2bbd-8cf4-438e-8717-5f929016ca4e&quot;,&quot;tenant_id&quot;:&quot;b081c211-7a8b-4991-89d3-f5496e927624&quot;,&quot;revoke_reason&quot;:&quot;changed my mind&quot;,&quot;updated_at&quot;:&quot;2026-04-20T03:45:23.881701+00:00&quot;},{&quot;id&quot;:&quot;9e88c466-6d64-4fea-b53d-e40e85b15166&quot;,&quot;email&quot;:&quot;invite-75f08e7a@sunrise.ccms.app&quot;,&quot;name&quot;:&quot;Test Invitee&quot;,&quot;role&quot;:&quot;staff&quot;,&quot;phone&quot;:null,&quot;location_ids&quot;:[&quot;b3d2a4cd-41c7-4570-806a-5897d52a742f&quot;],&quot;status&quot;:&quot;accepted&quot;,&quot;invited_by_id&quot;:&quot;542a2bbd-8cf4-438e-8717-5f929016ca4e&quot;,&quot;invited_by_email&quot;:&quot;group-admin@sunrise.ccms.app&quot;,&quot;created_at&quot;:&quot;2026-04-20T03:45:21.705746+00:00&quot;,&quot;expires_at&quot;:&quot;2026-04-23T03:45:21.705746+00:00&quot;,&quot;accepted_at&quot;:&quot;2026-04-20T03:45:21.832096+00:00&quot;,&quot;accepted_user_id&quot;:&quot;176ec091-f54f-4335-a7b8-0dbf138a0d53&quot;,&quot;revoked_at&quot;:null,&quot;revoked_by_id&quot;:null,&quot;tenant_id&quot;:&quot;b081c211-7a8b-4991-89d3-f5496e927624&quot;,&quot;updated_at&quot;:&quot;2026-04-20T03:45:21.832096+00:00&quot;},{&quot;id&quot;:&quot;c1860830-47a5-45a3-86bb-1dfe4819e0f9&quot;,&quot;email&quot;:&quot;invite-c081ae58@sunrise.ccms.app&quot;,&quot;name&quot;:&quot;Suspicious test&quot;,&quot;role&quot;:&quot;staff&quot;,&quot;phone&quot;:null,&quot;location_ids&quot;:[],&quot;status&quot;:&quot;accepted&quot;,&quot;invited_by_id&quot;:&quot;542a2bbd-8cf4-438e-8717-5f929016ca4e&quot;,&quot;invited_by_email&quot;:&quot;group-admin@sunrise.ccms.app&quot;,&quot;created_at&quot;:&quot;2026-04-20T03:43:23.955593+00:00&quot;,&quot;expires_at&quot;:&quot;2026-04-23T03:43:23.955593+00:00&quot;,&quot;accepted_at&quot;:&quot;2026-04-20T03:43:24.068167+00:00&quot;,&quot;accepted_user_id&quot;:&quot;0898d458-6cd5-4c61-bb29-2eafd4f5c98b&quot;,&quot;revoked_at&quot;:null,&quot;revoked_by_id&quot;:null,&quot;tenant_id&quot;:&quot;b081c211-7a8b-4991-89d3-f5496e927624&quot;,&quot;updated_at&quot;:&quot;2026-04-20T03:43:24.068167+00:00&quot;},{&quot;id&quot;:&quot;642a826c-8ca7-45e8-b470-d2df363a59d1&quot;,&quot;email&quot;:&quot;invite-05a5bc6a@sunrise.ccms.app&quot;,&quot;name&quot;:&quot;Termination target&quot;,&quot;role&quot;:&quot;staff&quot;,&quot;phone&quot;:null,&quot;location_ids&quot;:[&quot;b3d2a4cd-41c7-4570-806a-5897d52a742f&quot;],&quot;status&quot;:&quot;accepted&quot;,&quot;invited_by_id&quot;:&quot;542a2bbd-8cf4-438e-8717-5f929016ca4e&quot;,&quot;invited_by_email&quot;:&quot;group-admin@sunrise.ccms.app&quot;,&quot;created_at&quot;:&quot;2026-04-20T03:43:18.798969+00:00&quot;,&quot;expires_at&quot;:&quot;2026-04-23T03:43:18.798969+00:00&quot;,&quot;accepted_at&quot;:&quot;2026-04-20T03:43:18.903920+00:00&quot;,&quot;accepted_user_id&quot;:&quot;1ac32681-f7a4-4490-946e-cf24bfa94df4&quot;,&quot;revoked_at&quot;:null,&quot;revoked_by_id&quot;:null,&quot;tenant_id&quot;:&quot;b081c211-7a8b-4991-89d3-f5496e927624&quot;,&quot;updated_at&quot;:&quot;2026-04-20T03:43:18.903920+00:00&quot;},{&quot;id&quot;:&quot;01ffce30-c13c-4dad-8b0a-58ae13ef4119&quot;,&quot;email&quot;:&quot;invite-6d64b113@sunrise.ccms.app&quot;,&quot;name&quot;:&quot;Revocation target&quot;,&quot;role&quot;:&quot;staff&quot;,&quot;phone&quot;:null,&quot;location_ids&quot;:[],&quot;status&quot;:&quot;accepted&quot;,&quot;invited_by_id&quot;:&quot;542a2bbd-8cf4-438e-8717-5f929016ca4e&quot;,&quot;invited_by_email&quot;:&quot;group-admin@sunrise.ccms.app&quot;,&quot;created_at&quot;:&quot;2026-04-20T03:43:16.482552+00:00&quot;,&quot;expires_at&quot;:&quot;2026-04-23T03:43:16.482552+00:00&quot;,&quot;accepted_at&quot;:&quot;2026-04-20T03:43:16.598240+00:00&quot;,&quot;accepted_user_id&quot;:&quot;4025d459-bb70-401f-be95-94be4fcbc7d1&quot;,&quot;revoked_at&quot;:null,&quot;revoked_by_id&quot;:null,&quot;tenant_id&quot;:&quot;b081c211-7a8b-4991-89d3-f5496e927624&quot;,&quot;updated_at&quot;:&quot;2026-04-20T03:43:16.598240+00:00&quot;},{&quot;id&quot;:&quot;120cc308-cc59-4323-8e16-09e223145af2&quot;,&quot;email&quot;:&quot;invite-f4c4bde0@sunrise.ccms.app&quot;,&quot;name&quot;:&quot;Iso&quot;,&quot;role&quot;:&quot;staff&quot;,&quot;phone&quot;:null,&quot;location_ids&quot;:[],&quot;status&quot;:&quot;pending&quot;,&quot;invited_by_id&quot;:&quot;542a2bbd-8cf4-438e-8717-5f929016ca4e&quot;,&quot;invited_by_email&quot;:&quot;group-admin@sunrise.ccms.app&quot;,&quot;created_at&quot;:&quot;2026-04-20T03:43:13.919984+00:00&quot;,&quot;expires_at&quot;:&quot;2026-04-23T03:43:13.919984+00:00&quot;,&quot;accepted_at&quot;:null,&quot;accepted_user_id&quot;:null,&quot;revoked_at&quot;:null,&quot;revoked_by_id&quot;:null,&quot;tenant_id&quot;:&quot;b081c211-7a8b-4991-89d3-f5496e927624&quot;},{&quot;id&quot;:&quot;10e7d9a2-136d-40ad-8a78-7d9bca4670b2&quot;,&quot;email&quot;:&quot;invite-28a524e1@sunrise.ccms.app&quot;,&quot;name&quot;:&quot;To be revoked&quot;,&quot;role&quot;:&quot;staff&quot;,&quot;phone&quot;:null,&quot;location_ids&quot;:[],&quot;status&quot;:&quot;revoked&quot;,&quot;invited_by_id&quot;:&quot;542a2bbd-8cf4-438e-8717-5f929016ca4e&quot;,&quot;invited_by_email&quot;:&quot;group-admin@sunrise.ccms.app&quot;,&quot;created_at&quot;:&quot;2026-04-20T03:43:13.065907+00:00&quot;,&quot;expires_at&quot;:&quot;2026-04-23T03:43:13.065907+00:00&quot;,&quot;accepted_at&quot;:null,&quot;accepted_user_id&quot;:null,&quot;revoked_at&quot;:&quot;2026-04-20T03:43:13.122401+00:00&quot;,&quot;revoked_by_id&quot;:&quot;542a2bbd-8cf4-438e-8717-5f929016ca4e&quot;,&quot;tenant_id&quot;:&quot;b081c211-7a8b-4991-89d3-f5496e927624&quot;,&quot;revoke_reason&quot;:&quot;changed my mind&quot;,&quot;updated_at&quot;:&quot;2026-04-20T03:43:13.122401+00:00&quot;},{&quot;id&quot;:&quot;8bd98074-ded0-4598-b2ca-d9d299f1bbfb&quot;,&quot;email&quot;:&quot;invite-de30fd86@sunrise.ccms.app&quot;,&quot;name&quot;:&quot;Test Invitee&quot;,&quot;role&quot;:&quot;staff&quot;,&quot;phone&quot;:null,&quot;location_ids&quot;:[&quot;b3d2a4cd-41c7-4570-806a-5897d52a742f&quot;],&quot;status&quot;:&quot;accepted&quot;,&quot;invited_by_id&quot;:&quot;542a2bbd-8cf4-438e-8717-5f929016ca4e&quot;,&quot;invited_by_email&quot;:&quot;group-admin@sunrise.ccms.app&quot;,&quot;created_at&quot;:&quot;2026-04-20T03:43:10.939475+00:00&quot;,&quot;expires_at&quot;:&quot;2026-04-23T03:43:10.939475+00:00&quot;,&quot;accepted_at&quot;:&quot;2026-04-20T03:43:11.049870+00:00&quot;,&quot;accepted_user_id&quot;:&quot;096d2b31-dcc3-4c54-bbc2-7f76f7d589ec&quot;,&quot;revoked_at&quot;:null,&quot;revoked_by_id&quot;:null,&quot;tenant_id&quot;:&quot;b081c211-7a8b-4991-89d3-f5496e927624&quot;,&quot;updated_at&quot;:&quot;2026-04-20T03:43:11.049870+00:00&quot;},{&quot;id&quot;:&quot;b0e95c67-4537-4ea5-98cd-611629cbf489&quot;,&quot;email&quot;:&quot;invite-ea1824da@sunrise.ccms.app&quot;,&quot;name&quot;:&quot;Termination target&quot;,&quot;role&quot;:&quot;staff&quot;,&quot;phone&quot;:null,&quot;location_ids&quot;:[&quot;b3d2a4cd-41c7-4570-806a-5897d52a742f&quot;],&quot;status&quot;:&quot;accepted&quot;,&quot;invited_by_id&quot;:&quot;542a2bbd-8cf4-438e-8717-5f929016ca4e&quot;,&quot;invited_by_email&quot;:&quot;group-admin@sunrise.ccms.app&quot;,&quot;created_at&quot;:&quot;2026-04-20T03:41:52.532037+00:00&quot;,&quot;expires_at&quot;:&quot;2026-04-23T03:41:52.532037+00:00&quot;,&quot;accepted_at&quot;:&quot;2026-04-20T03:41:52.637613+00:00&quot;,&quot;accepted_user_id&quot;:&quot;6cf1a808-dc87-404c-ac15-37ae889ae2ee&quot;,&quot;revoked_at&quot;:null,&quot;revoked_by_id&quot;:null,&quot;tenant_id&quot;:&quot;b081c211-7a8b-4991-89d3-f5496e927624&quot;,&quot;updated_at&quot;:&quot;2026-04-20T03:41:52.637613+00:00&quot;},{&quot;id&quot;:&quot;d729aaab-b72f-4f92-b3a7-7771869e91ea&quot;,&quot;email&quot;:&quot;invite-97b8d763@sunrise.ccms.app&quot;,&quot;name&quot;:&quot;Revocation target&quot;,&quot;role&quot;:&quot;staff&quot;,&quot;phone&quot;:null,&quot;location_ids&quot;:[],&quot;status&quot;:&quot;accepted&quot;,&quot;invited_by_id&quot;:&quot;542a2bbd-8cf4-438e-8717-5f929016ca4e&quot;,&quot;invited_by_email&quot;:&quot;group-admin@sunrise.ccms.app&quot;,&quot;created_at&quot;:&quot;2026-04-20T03:41:50.170663+00:00&quot;,&quot;expires_at&quot;:&quot;2026-04-23T03:41:50.170663+00:00&quot;,&quot;accepted_at&quot;:&quot;2026-04-20T03:41:50.284440+00:00&quot;,&quot;accepted_user_id&quot;:&quot;9c21dda9-2ac3-4775-8ace-5a59b795cc91&quot;,&quot;revoked_at&quot;:null,&quot;revoked_by_id&quot;:null,&quot;tenant_id&quot;:&quot;b081c211-7a8b-4991-89d3-f5496e927624&quot;,&quot;updated_at&quot;:&quot;2026-04-20T03:41:50.284440+00:00&quot;},{&quot;id&quot;:&quot;22056b1b-9326-41b0-ad79-7ba742fb74f3&quot;,&quot;email&quot;:&quot;invite-d07049d1@sunrise.ccms.app&quot;,&quot;name&quot;:&quot;Iso&quot;,&quot;role&quot;:&quot;staff&quot;,&quot;phone&quot;:null,&quot;location_ids&quot;:[],&quot;status&quot;:&quot;pending&quot;,&quot;invited_by_id&quot;:&quot;542a2bbd-8cf4-438e-8717-5f929016ca4e&quot;,&quot;invited_by_email&quot;:&quot;group-admin@sunrise.ccms.app&quot;,&quot;created_at&quot;:&quot;2026-04-20T03:41:47.589884+00:00&quot;,&quot;expires_at&quot;:&quot;2026-04-23T03:41:47.589884+00:00&quot;,&quot;accepted_at&quot;:null,&quot;accepted_user_id&quot;:null,&quot;revoked_at&quot;:null,&quot;revoked_by_id&quot;:null,&quot;tenant_id&quot;:&quot;b081c211-7a8b-4991-89d3-f5496e927624&quot;},{&quot;id&quot;:&quot;fc86bf25-97ba-49f5-bbd6-3b57d2c415b9&quot;,&quot;email&quot;:&quot;invite-8f1d0685@sunrise.ccms.app&quot;,&quot;name&quot;:&quot;To be revoked&quot;,&quot;role&quot;:&quot;staff&quot;,&quot;phone&quot;:null,&quot;location_ids&quot;:[],&quot;status&quot;:&quot;revoked&quot;,&quot;invited_by_id&quot;:&quot;542a2bbd-8cf4-438e-8717-5f929016ca4e&quot;,&quot;invited_by_email&quot;:&quot;group-admin@sunrise.ccms.app&quot;,&quot;created_at&quot;:&quot;2026-04-20T03:41:46.721183+00:00&quot;,&quot;expires_at&quot;:&quot;2026-04-23T03:41:46.721183+00:00&quot;,&quot;accepted_at&quot;:null,&quot;accepted_user_id&quot;:null,&quot;revoked_at&quot;:&quot;2026-04-20T03:41:46.787803+00:00&quot;,&quot;revoked_by_id&quot;:&quot;542a2bbd-8cf4-438e-8717-5f929016ca4e&quot;,&quot;tenant_id&quot;:&quot;b081c211-7a8b-4991-89d3-f5496e927624&quot;,&quot;revoke_reason&quot;:&quot;changed my mind&quot;,&quot;updated_at&quot;:&quot;2026-04-20T03:41:46.787803+00:00&quot;},{&quot;id&quot;:&quot;e0eaad1f-038b-46c1-be10-6c3944bd8569&quot;,&quot;email&quot;:&quot;invite-770dfbb6@sunrise.ccms.app&quot;,&quot;name&quot;:&quot;Test Invitee&quot;,&quot;role&quot;:&quot;staff&quot;,&quot;phone&quot;:null,&quot;location_ids&quot;:[&quot;b3d2a4cd-41c7-4570-806a-5897d52a742f&quot;],&quot;status&quot;:&quot;accepted&quot;,&quot;invited_by_id&quot;:&quot;542a2bbd-8cf4-438e-8717-5f929016ca4e&quot;,&quot;invited_by_email&quot;:&quot;group-admin@sunrise.ccms.app&quot;,&quot;created_at&quot;:&quot;2026-04-20T03:41:44.660468+00:00&quot;,&quot;expires_at&quot;:&quot;2026-04-23T03:41:44.660468+00:00&quot;,&quot;accepted_at&quot;:&quot;2026-04-20T03:41:44.771135+00:00&quot;,&quot;accepted_user_id&quot;:&quot;7a6dd2f6-db4f-4c6c-99a6-c1c30ebefdbb&quot;,&quot;revoked_at&quot;:null,&quot;revoked_by_id&quot;:null,&quot;tenant_id&quot;:&quot;b081c211-7a8b-4991-89d3-f5496e927624&quot;,&quot;updated_at&quot;:&quot;2026-04-20T03:41:44.771135+00:00&quot;},{&quot;id&quot;:&quot;24641eb9-2393-489a-8667-ad46b636aa16&quot;,&quot;email&quot;:&quot;invite-b786fa10@sunrise.ccms.app&quot;,&quot;name&quot;:&quot;Suspicious test&quot;,&quot;role&quot;:&quot;staff&quot;,&quot;phone&quot;:null,&quot;location_ids&quot;:[],&quot;status&quot;:&quot;accepted&quot;,&quot;invited_by_id&quot;:&quot;542a2bbd-8cf4-438e-8717-5f929016ca4e&quot;,&quot;invited_by_email&quot;:&quot;group-admin@sunrise.ccms.app&quot;,&quot;created_at&quot;:&quot;2026-04-20T03:41:34.567736+00:00&quot;,&quot;expires_at&quot;:&quot;2026-04-23T03:41:34.567736+00:00&quot;,&quot;accepted_at&quot;:&quot;2026-04-20T03:41:34.673606+00:00&quot;,&quot;accepted_user_id&quot;:&quot;0f4ebc54-caf8-4bf8-881a-cc1626efc3d3&quot;,&quot;revoked_at&quot;:null,&quot;revoked_by_id&quot;:null,&quot;tenant_id&quot;:&quot;b081c211-7a8b-4991-89d3-f5496e927624&quot;,&quot;updated_at&quot;:&quot;2026-04-20T03:41:34.673606+00:00&quot;},{&quot;id&quot;:&quot;eb9bc5ee-f7b1-421f-b684-130ee23c6c2c&quot;,&quot;email&quot;:&quot;invite-d90e4a8d@sunrise.ccms.app&quot;,&quot;name&quot;:&quot;Termination target&quot;,&quot;role&quot;:&quot;staff&quot;,&quot;phone&quot;:null,&quot;location_ids&quot;:[&quot;b3d2a4cd-41c7-4570-806a-5897d52a742f&quot;],&quot;status&quot;:&quot;accepted&quot;,&quot;invited_by_id&quot;:&quot;542a2bbd-8cf4-438e-8717-5f929016ca4e&quot;,&quot;invited_by_email&quot;:&quot;group-admin@sunrise.ccms.app&quot;,&quot;created_at&quot;:&quot;2026-04-20T03:41:29.880576+00:00&quot;,&quot;expires_at&quot;:&quot;2026-04-23T03:41:29.880576+00:00&quot;,&quot;accepted_at&quot;:&quot;2026-04-20T03:41:30.003208+00:00&quot;,&quot;accepted_user_id&quot;:&quot;fb42dd70-53b4-4149-9a95-f1098aac131c&quot;,&quot;revoked_at&quot;:null,&quot;revoked_by_id&quot;:null,&quot;tenant_id&quot;:&quot;b081c211-7a8b-4991-89d3-f5496e927624&quot;,&quot;updated_at&quot;:&quot;2026-04-20T03:41:30.003208+00:00&quot;},{&quot;id&quot;:&quot;585b6236-ece3-40d1-9929-e31032cef28e&quot;,&quot;email&quot;:&quot;invite-904ec9f7@sunrise.ccms.app&quot;,&quot;name&quot;:&quot;Revocation target&quot;,&quot;role&quot;:&quot;staff&quot;,&quot;phone&quot;:null,&quot;location_ids&quot;:[],&quot;status&quot;:&quot;accepted&quot;,&quot;invited_by_id&quot;:&quot;542a2bbd-8cf4-438e-8717-5f929016ca4e&quot;,&quot;invited_by_email&quot;:&quot;group-admin@sunrise.ccms.app&quot;,&quot;created_at&quot;:&quot;2026-04-20T03:41:27.549503+00:00&quot;,&quot;expires_at&quot;:&quot;2026-04-23T03:41:27.549503+00:00&quot;,&quot;accepted_at&quot;:&quot;2026-04-20T03:41:27.670729+00:00&quot;,&quot;accepted_user_id&quot;:&quot;1f157d3f-a039-4da0-83dd-ee6f1eb0d6bd&quot;,&quot;revoked_at&quot;:null,&quot;revoked_by_id&quot;:null,&quot;tenant_id&quot;:&quot;b081c211-7a8b-4991-89d3-f5496e927624&quot;,&quot;updated_at&quot;:&quot;2026-04-20T03:41:27.670729+00:00&quot;},{&quot;id&quot;:&quot;8eb025b5-d55f-480b-8c88-6be0c754692f&quot;,&quot;email&quot;:&quot;invite-58248b49@sunrise.ccms.app&quot;,&quot;name&quot;:&quot;Iso&quot;,&quot;role&quot;:&quot;staff&quot;,&quot;phone&quot;:null,&quot;location_ids&quot;:[],&quot;status&quot;:&quot;pending&quot;,&quot;invited_by_id&quot;:&quot;542a2bbd-8cf4-438e-8717-5f929016ca4e&quot;,&quot;invited_by_email&quot;:&quot;group-admin@sunrise.ccms.app&quot;,&quot;created_at&quot;:&quot;2026-04-20T03:41:24.934998+00:00&quot;,&quot;expires_at&quot;:&quot;2026-04-23T03:41:24.934998+00:00&quot;,&quot;accepted_at&quot;:null,&quot;accepted_user_id&quot;:null,&quot;revoked_at&quot;:null,&quot;revoked_by_id&quot;:null,&quot;tenant_id&quot;:&quot;b081c211-7a8b-4991-89d3-f5496e927624&quot;},{&quot;id&quot;:&quot;4a0d5ec9-acbe-4b1c-9116-7da581c5d2d8&quot;,&quot;email&quot;:&quot;invite-da70b35f@sunrise.ccms.app&quot;,&quot;name&quot;:&quot;To be revoked&quot;,&quot;role&quot;:&quot;staff&quot;,&quot;phone&quot;:null,&quot;location_ids&quot;:[],&quot;status&quot;:&quot;revoked&quot;,&quot;invited_by_id&quot;:&quot;542a2bbd-8cf4-438e-8717-5f929016ca4e&quot;,&quot;invited_by_email&quot;:&quot;group-admin@sunrise.ccms.app&quot;,&quot;created_at&quot;:&quot;2026-04-20T03:41:24.048502+00:00&quot;,&quot;expires_at&quot;:&quot;2026-04-23T03:41:24.048502+00:00&quot;,&quot;accepted_at&quot;:null,&quot;accepted_user_id&quot;:null,&quot;revoked_at&quot;:&quot;2026-04-20T03:41:24.104323+00:00&quot;,&quot;revoked_by_id&quot;:&quot;542a2bbd-8cf4-438e-8717-5f929016ca4e&quot;,&quot;tenant_id&quot;:&quot;b081c211-7a8b-4991-89d3-f5496e927624&quot;,&quot;revoke_reason&quot;:&quot;changed my mind&quot;,&quot;updated_at&quot;:&quot;2026-04-20T03:41:24.104323+00:00&quot;},{&quot;id&quot;:&quot;26d225de-97ac-4fa4-a72a-ea79d435948b&quot;,&quot;email&quot;:&quot;invite-dfb9c16b@sunrise.ccms.app&quot;,&quot;name&quot;:&quot;Test Invitee&quot;,&quot;role&quot;:&quot;staff&quot;,&quot;phone&quot;:null,&quot;location_ids&quot;:[&quot;b3d2a4cd-41c7-4570-806a-5897d52a742f&quot;],&quot;status&quot;:&quot;accepted&quot;,&quot;invited_by_id&quot;:&quot;542a2bbd-8cf4-438e-8717-5f929016ca4e&quot;,&quot;invited_by_email&quot;:&quot;group-admin@sunrise.ccms.app&quot;,&quot;created_at&quot;:&quot;2026-04-20T03:41:21.959221+00:00&quot;,&quot;expires_at&quot;:&quot;2026-04-23T03:41:21.959221+00:00&quot;,&quot;accepted_at&quot;:&quot;2026-04-20T03:41:22.072600+00:00&quot;,&quot;accepted_user_id&quot;:&quot;bb1d6216-4ad3-42ea-b426-270b73abc362&quot;,&quot;revoked_at&quot;:null,&quot;revoked_by_id&quot;:null,&quot;tenant_id&quot;:&quot;b081c211-7a8b-4991-89d3-f5496e927624&quot;,&quot;updated_at&quot;:&quot;2026-04-20T03:41:22.072600+00:00&quot;},{&quot;id&quot;:&quot;8ee29dac-f8ff-4492-8251-9de61ff3de11&quot;,&quot;email&quot;:&quot;invite-7a0a0b69@sunrise.ccms.app&quot;,&quot;name&quot;:&quot;Termination target&quot;,&quot;role&quot;:&quot;staff&quot;,&quot;phone&quot;:null,&quot;location_ids&quot;:[&quot;b3d2a4cd-41c7-4570-806a-5897d52a742f&quot;],&quot;status&quot;:&quot;accepted&quot;,&quot;invited_by_id&quot;:&quot;542a2bbd-8cf4-438e-8717-5f929016ca4e&quot;,&quot;invited_by_email&quot;:&quot;group-admin@sunrise.ccms.app&quot;,&quot;created_at&quot;:&quot;2026-04-20T03:40:11.619425+00:00&quot;,&quot;expires_at&quot;:&quot;2026-04-23T03:40:11.619425+00:00&quot;,&quot;accepted_at&quot;:&quot;2026-04-20T03:40:11.728962+00:00&quot;,&quot;accepted_user_id&quot;:&quot;4cd97c31-2354-4c1b-b227-fe29c7600ce5&quot;,&quot;revoked_at&quot;:null,&quot;revoked_by_id&quot;:null,&quot;tenant_id&quot;:&quot;b081c211-7a8b-4991-89d3-f5496e927624&quot;,&quot;updated_at&quot;:&quot;2026-04-20T03:40:11.728962+00:00&quot;},{&quot;id&quot;:&quot;9d6655fe-53a8-42da-88ea-09b4d90f96fa&quot;,&quot;email&quot;:&quot;invite-39c919ed@sunrise.ccms.app&quot;,&quot;name&quot;:&quot;Suspicious test&quot;,&quot;role&quot;:&quot;staff&quot;,&quot;phone&quot;:null,&quot;location_ids&quot;:[],&quot;status&quot;:&quot;accepted&quot;,&quot;invited_by_id&quot;:&quot;542a2bbd-8cf4-438e-8717-5f929016ca4e&quot;,&quot;invited_by_email&quot;:&quot;group-admin@sunrise.ccms.app&quot;,&quot;created_at&quot;:&quot;2026-04-20T03:39:53.819888+00:00&quot;,&quot;expires_at&quot;:&quot;2026-04-23T03:39:53.819888+00:00&quot;,&quot;accepted_at&quot;:&quot;2026-04-20T03:39:53.959706+00:00&quot;,&quot;accepted_user_id&quot;:&quot;07a2e9f8-519b-4b63-b0cc-03cfe64c2457&quot;,&quot;revoked_at&quot;:null,&quot;revoked_by_id&quot;:null,&quot;tenant_id&quot;:&quot;b081c211-7a8b-4991-89d3-f5496e927624&quot;,&quot;updated_at&quot;:&quot;2026-04-20T03:39:53.959706+00:00&quot;},{&quot;id&quot;:&quot;49805bc8-d834-47d9-88ba-fdd2b36ed2b6&quot;,&quot;email&quot;:&quot;invite-6c718d56@sunrise.ccms.app&quot;,&quot;name&quot;:&quot;Termination target&quot;,&quot;role&quot;:&quot;staff&quot;,&quot;phone&quot;:null,&quot;location_ids&quot;:[&quot;b3d2a4cd-41c7-4570-806a-5897d52a742f&quot;],&quot;status&quot;:&quot;accepted&quot;,&quot;invited_by_id&quot;:&quot;542a2bbd-8cf4-438e-8717-5f929016ca4e&quot;,&quot;invited_by_email&quot;:&quot;group-admin@sunrise.ccms.app&quot;,&quot;created_at&quot;:&quot;2026-04-20T03:39:49.062007+00:00&quot;,&quot;expires_at&quot;:&quot;2026-04-23T03:39:49.062007+00:00&quot;,&quot;accepted_at&quot;:&quot;2026-04-20T03:39:49.195655+00:00&quot;,&quot;accepted_user_id&quot;:&quot;058bf534-3692-438e-8dea-4a00b20ebbd6&quot;,&quot;revoked_at&quot;:null,&quot;revoked_by_id&quot;:null,&quot;tenant_id&quot;:&quot;b081c211-7a8b-4991-89d3-f5496e927624&quot;,&quot;updated_at&quot;:&quot;2026-04-20T03:39:49.195655+00:00&quot;},{&quot;id&quot;:&quot;416f62ea-2ce0-4e2e-99e4-dd0fa1758250&quot;,&quot;email&quot;:&quot;invite-41dd973e@sunrise.ccms.app&quot;,&quot;name&quot;:&quot;Revocation target&quot;,&quot;role&quot;:&quot;staff&quot;,&quot;phone&quot;:null,&quot;location_ids&quot;:[],&quot;status&quot;:&quot;accepted&quot;,&quot;invited_by_id&quot;:&quot;542a2bbd-8cf4-438e-8717-5f929016ca4e&quot;,&quot;invited_by_email&quot;:&quot;group-admin@sunrise.ccms.app&quot;,&quot;created_at&quot;:&quot;2026-04-20T03:39:46.641739+00:00&quot;,&quot;expires_at&quot;:&quot;2026-04-23T03:39:46.641739+00:00&quot;,&quot;accepted_at&quot;:&quot;2026-04-20T03:39:46.831373+00:00&quot;,&quot;accepted_user_id&quot;:&quot;aa6204e8-ce30-402f-8c87-2bf61cd808ff&quot;,&quot;revoked_at&quot;:null,&quot;revoked_by_id&quot;:null,&quot;tenant_id&quot;:&quot;b081c211-7a8b-4991-89d3-f5496e927624&quot;,&quot;updated_at&quot;:&quot;2026-04-20T03:39:46.831373+00:00&quot;},{&quot;id&quot;:&quot;508a6f63-474f-431d-97e7-9f96486e08d0&quot;,&quot;email&quot;:&quot;invite-064d2e1b@sunrise.ccms.app&quot;,&quot;name&quot;:&quot;Iso&quot;,&quot;role&quot;:&quot;staff&quot;,&quot;phone&quot;:null,&quot;location_ids&quot;:[],&quot;status&quot;:&quot;pending&quot;,&quot;invited_by_id&quot;:&quot;542a2bbd-8cf4-438e-8717-5f929016ca4e&quot;,&quot;invited_by_email&quot;:&quot;group-admin@sunrise.ccms.app&quot;,&quot;created_at&quot;:&quot;2026-04-20T03:39:43.760169+00:00&quot;,&quot;expires_at&quot;:&quot;2026-04-23T03:39:43.760169+00:00&quot;,&quot;accepted_at&quot;:null,&quot;accepted_user_id&quot;:null,&quot;revoked_at&quot;:null,&quot;revoked_by_id&quot;:null,&quot;tenant_id&quot;:&quot;b081c211-7a8b-4991-89d3-f5496e927624&quot;},{&quot;id&quot;:&quot;3466d05c-05b6-4488-bb3a-73675e7dc3c2&quot;,&quot;email&quot;:&quot;invite-badfc5ad@sunrise.ccms.app&quot;,&quot;name&quot;:&quot;To be revoked&quot;,&quot;role&quot;:&quot;staff&quot;,&quot;phone&quot;:null,&quot;location_ids&quot;:[],&quot;status&quot;:&quot;revoked&quot;,&quot;invited_by_id&quot;:&quot;542a2bbd-8cf4-438e-8717-5f929016ca4e&quot;,&quot;invited_by_email&quot;:&quot;group-admin@sunrise.ccms.app&quot;,&quot;created_at&quot;:&quot;2026-04-20T03:39:42.833558+00:00&quot;,&quot;expires_at&quot;:&quot;2026-04-23T03:39:42.833558+00:00&quot;,&quot;accepted_at&quot;:null,&quot;accepted_user_id&quot;:null,&quot;revoked_at&quot;:&quot;2026-04-20T03:39:42.897635+00:00&quot;,&quot;revoked_by_id&quot;:&quot;542a2bbd-8cf4-438e-8717-5f929016ca4e&quot;,&quot;tenant_id&quot;:&quot;b081c211-7a8b-4991-89d3-f5496e927624&quot;,&quot;revoke_reason&quot;:&quot;changed my mind&quot;,&quot;updated_at&quot;:&quot;2026-04-20T03:39:42.897635+00:00&quot;},{&quot;id&quot;:&quot;d3b749f5-cdd0-4ba4-a18f-8867d0236336&quot;,&quot;email&quot;:&quot;invite-87fb8fa3@sunrise.ccms.app&quot;,&quot;name&quot;:&quot;Test Invitee&quot;,&quot;role&quot;:&quot;staff&quot;,&quot;phone&quot;:null,&quot;location_ids&quot;:[&quot;b3d2a4cd-41c7-4570-806a-5897d52a742f&quot;],&quot;status&quot;:&quot;accepted&quot;,&quot;invited_by_id&quot;:&quot;542a2bbd-8cf4-438e-8717-5f929016ca4e&quot;,&quot;invited_by_email&quot;:&quot;group-admin@sunrise.ccms.app&quot;,&quot;created_at&quot;:&quot;2026-04-20T03:39:40.695148+00:00&quot;,&quot;expires_at&quot;:&quot;2026-04-23T03:39:40.695148+00:00&quot;,&quot;accepted_at&quot;:&quot;2026-04-20T03:39:40.820786+00:00&quot;,&quot;accepted_user_id&quot;:&quot;a19111bd-61d0-4aaf-b92b-22f872aa59e9&quot;,&quot;revoked_at&quot;:null,&quot;revoked_by_id&quot;:null,&quot;tenant_id&quot;:&quot;b081c211-7a8b-4991-89d3-f5496e927624&quot;,&quot;updated_at&quot;:&quot;2026-04-20T03:39:40.820786+00:00&quot;},{&quot;id&quot;:&quot;6ebfa05e-35e7-4e72-81ce-5da793d4b6fa&quot;,&quot;email&quot;:&quot;invite-e363cea3@sunrise.ccms.app&quot;,&quot;name&quot;:&quot;Test Invitee&quot;,&quot;role&quot;:&quot;staff&quot;,&quot;phone&quot;:null,&quot;location_ids&quot;:[&quot;b3d2a4cd-41c7-4570-806a-5897d52a742f&quot;],&quot;status&quot;:&quot;pending&quot;,&quot;invited_by_id&quot;:&quot;542a2bbd-8cf4-438e-8717-5f929016ca4e&quot;,&quot;invited_by_email&quot;:&quot;group-admin@sunrise.ccms.app&quot;,&quot;created_at&quot;:&quot;2026-04-20T03:39:13.529563+00:00&quot;,&quot;expires_at&quot;:&quot;2026-04-23T03:39:13.529563+00:00&quot;,&quot;accepted_at&quot;:null,&quot;accepted_user_id&quot;:null,&quot;revoked_at&quot;:null,&quot;revoked_by_id&quot;:null,&quot;tenant_id&quot;:&quot;b081c211-7a8b-4991-89d3-f5496e927624&quot;}]&#10;assert 200 == 401&#10; +  where 200 = &lt;Response [200]&gt;.status_code">backend/tests/test_iteration19_workforce.py:478: in test_break_glass_sweep_marks_overdue_and_sets_step_up
    assert r3.status_code == 401, r3.text
E   AssertionError: [{"id":"01cf9d31-0e15-4400-8e42-496d67846701","email":"invite-5e8666e0@sunrise.ccms.app","name":"Temp Doc","role":"doctor","phone":null,"location_ids":["b3d2a4cd-41c7-4570-806a-5897d52a742f"],"status":"accepted","invited_by_id":"542a2bbd-8cf4-438e-8717-5f929016ca4e","invited_by_email":"group-admin@sunrise.ccms.app","created_at":"2026-04-20T05:07:10.869239+00:00","expires_at":"2026-04-23T05:07:10.869239+00:00","accepted_at":"2026-04-20T05:07:10.915120+00:00","accepted_user_id":"52bc2d90-1d7f-4095-aad3-cbeafa6f352d","revoked_at":null,"revoked_by_id":null,"tenant_id":"b081c211-7a8b-4991-89d3-f5496e927624","updated_at":"2026-04-20T05:07:10.915120+00:00"},{"id":"e5311002-85de-4983-9095-893738abc2fb","email":"invite-c1bb16d7@sunrise.ccms.app","name":"Termination target","role":"staff","phone":null,"location_ids":["b3d2a4cd-41c7-4570-806a-5897d52a742f"],"status":"accepted","invited_by_id":"542a2bbd-8cf4-438e-8717-5f929016ca4e","invited_by_email":"group-admin@sunrise.ccms.app","created_at":"2026-04-20T05:07:09.206435+00:00","expires_at":"2026-04-23T05:07:09.206435+00:00","accepted_at":"2026-04-20T05:07:09.252076+00:00","accepted_user_id":"bd74614d-cdad-4ca3-98cc-e032c84dc0f0","revoked_at":null,"revoked_by_id":null,"tenant_id":"b081c211-7a8b-4991-89d3-f5496e927624","updated_at":"2026-04-20T05:07:09.252076+00:00"},{"id":"b3044dcb-a4be-43ff-b4b9-0ec5bad1e2ac","email":"invite-21e22f59@sunrise.ccms.app","name":"Revocation target","role":"staff","phone":null,"location_ids":[],"status":"accepted","invited_by_id":"542a2bbd-8cf4-438e-8717-5f929016ca4e","invited_by_email":"group-admin@sunrise.ccms.app","created_at":"2026-04-20T05:07:07.494035+00:00","expires_at":"2026-04-23T05:07:07.494035+00:00","accepted_at":"2026-04-20T05:07:07.540344+00:00","accepted_user_id":"b55733c1-d38b-4761-b09b-0df1a73de41b","revoked_at":null,"revoked_by_id":null,"tenant_id":"b081c211-7a8b-4991-89d3-f5496e927624","updated_at":"2026-04-20T05:07:07.540344+00:00"},{"id":"a7fa99f1-d630-46da-8f52-6a0761d487ea","email":"invite-3e1eb6c0@sunrise.ccms.app","name":"Iso","role":"staff","phone":null,"location_ids":[],"status":"pending","invited_by_id":"542a2bbd-8cf4-438e-8717-5f929016ca4e","invited_by_email":"group-admin@sunrise.ccms.app","created_at":"2026-04-20T05:07:05.338148+00:00","expires_at":"2026-04-23T05:07:05.338148+00:00","accepted_at":null,"accepted_user_id":null,"revoked_at":null,"revoked_by_id":null,"tenant_id":"b081c211-7a8b-4991-89d3-f5496e927624"},{"id":"a0f24c11-59ef-4ed7-8c13-af02c0f85543","email":"invite-722c91ba@sunrise.ccms.app","name":"To be revoked","role":"staff","phone":null,"location_ids":[],"status":"revoked","invited_by_id":"542a2bbd-8cf4-438e-8717-5f929016ca4e","invited_by_email":"group-admin@sunrise.ccms.app","created_at":"2026-04-20T05:07:04.732303+00:00","expires_at":"2026-04-23T05:07:04.732303+00:00","accepted_at":null,"accepted_user_id":null,"revoked_at":"2026-04-20T05:07:04.779208+00:00","revoked_by_id":"542a2bbd-8cf4-438e-8717-5f929016ca4e","tenant_id":"b081c211-7a8b-4991-89d3-f5496e927624","revoke_reason":"changed my mind","updated_at":"2026-04-20T05:07:04.779208+00:00"},{"id":"993a7268-ca54-48c0-8a22-589ee4c4d068","email":"invite-db3fafb0@sunrise.ccms.app","name":"Test Invitee","role":"staff","phone":null,"location_ids":["b3d2a4cd-41c7-4570-806a-5897d52a742f"],"status":"accepted","invited_by_id":"542a2bbd-8cf4-438e-8717-5f929016ca4e","invited_by_email":"group-admin@sunrise.ccms.app","created_at":"2026-04-20T05:07:03.154394+00:00","expires_at":"2026-04-23T05:07:03.154394+00:00","accepted_at":"2026-04-20T05:07:03.200315+00:00","accepted_user_id":"b956d71d-80f9-4bff-a251-109b837a855e","revoked_at":null,"revoked_by_id":null,"tenant_id":"b081c211-7a8b-4991-89d3-f5496e927624","updated_at":"2026-04-20T05:07:03.200315+00:00"},{"id":"d0c31d35-896a-4675-866f-108c45f67066","email":"invite-7e181f88@sunrise.ccms.app","name":"Termination target","role":"staff","phone":null,"location_ids":["b3d2a4cd-41c7-4570-806a-5897d52a742f"],"status":"accepted","invited_by_id":"542a2bbd-8cf4-438e-8717-5f929016ca4e","invited_by_email":"group-admin@sunrise.ccms.app","created_at":"2026-04-20T05:05:44.868400+00:00","expires_at":"2026-04-23T05:05:44.868400+00:00","accepted_at":"2026-04-20T05:05:44.914248+00:00","accepted_user_id":"a1bb8de3-2481-429a-9718-6dbe70156c55","revoked_at":null,"revoked_by_id":null,"tenant_id":"b081c211-7a8b-4991-89d3-f5496e927624","updated_at":"2026-04-20T05:05:44.914248+00:00"},{"id":"fac7cb3a-4fd9-4525-a444-430827498889","email":"invite-bcac2828@sunrise.ccms.app","name":"Revocation target","role":"staff","phone":null,"location_ids":[],"status":"accepted","invited_by_id":"542a2bbd-8cf4-438e-8717-5f929016ca4e","invited_by_email":"group-admin@sunrise.ccms.app","created_at":"2026-04-20T05:05:43.149496+00:00","expires_at":"2026-04-23T05:05:43.149496+00:00","accepted_at":"2026-04-20T05:05:43.195185+00:00","accepted_user_id":"d530e32d-30e8-441d-aa74-c6e96db93941","revoked_at":null,"revoked_by_id":null,"tenant_id":"b081c211-7a8b-4991-89d3-f5496e927624","updated_at":"2026-04-20T05:05:43.195185+00:00"},{"id":"e2480892-0562-49e5-a270-d2bb0dbfc04d","email":"invite-dcc52236@sunrise.ccms.app","name":"Iso","role":"staff","phone":null,"location_ids":[],"status":"pending","invited_by_id":"542a2bbd-8cf4-438e-8717-5f929016ca4e","invited_by_email":"group-admin@sunrise.ccms.app","created_at":"2026-04-20T05:05:41.004637+00:00","expires_at":"2026-04-23T05:05:41.004637+00:00","accepted_at":null,"accepted_user_id":null,"revoked_at":null,"revoked_by_id":null,"tenant_id":"b081c211-7a8b-4991-89d3-f5496e927624"},{"id":"771bf640-b14c-4b3e-94eb-dfc7a2bb6fa7","email":"invite-abb108b1@sunrise.ccms.app","name":"To be revoked","role":"staff","phone":null,"location_ids":[],"status":"revoked","invited_by_id":"542a2bbd-8cf4-438e-8717-5f929016ca4e","invited_by_email":"group-admin@sunrise.ccms.app","created_at":"2026-04-20T05:05:40.401250+00:00","expires_at":"2026-04-23T05:05:40.401250+00:00","accepted_at":null,"accepted_user_id":null,"revoked_at":"2026-04-20T05:05:40.448047+00:00","revoked_by_id":"542a2bbd-8cf4-438e-8717-5f929016ca4e","tenant_id":"b081c211-7a8b-4991-89d3-f5496e927624","revoke_reason":"changed my mind","updated_at":"2026-04-20T05:05:40.448047+00:00"},{"id":"d8f7eaa1-a067-44b3-87e0-686dc0ad6fed","email":"invite-26dfbb66@sunrise.ccms.app","name":"Test Invitee","role":"staff","phone":null,"location_ids":["b3d2a4cd-41c7-4570-806a-5897d52a742f"],"status":"accepted","invited_by_id":"542a2bbd-8cf4-438e-8717-5f929016ca4e","invited_by_email":"group-admin@sunrise.ccms.app","created_at":"2026-04-20T05:05:38.829209+00:00","expires_at":"2026-04-23T05:05:38.829209+00:00","accepted_at":"2026-04-20T05:05:38.874101+00:00","accepted_user_id":"bfff549c-00fe-49d2-bd66-e49e3758d970","revoked_at":null,"revoked_by_id":null,"tenant_id":"b081c211-7a8b-4991-89d3-f5496e927624","updated_at":"2026-04-20T05:05:38.874101+00:00"},{"id":"a7b3e539-0428-4e93-a21c-94cd56a1f952","email":"invite-c65357cf@sunrise.ccms.app","name":"Suspicious test","role":"staff","phone":null,"location_ids":[],"status":"accepted","invited_by_id":"542a2bbd-8cf4-438e-8717-5f929016ca4e","invited_by_email":"group-admin@sunrise.ccms.app","created_at":"2026-04-20T05:05:20.233376+00:00","expires_at":"2026-04-23T05:05:20.233376+00:00","accepted_at":"2026-04-20T05:05:20.278157+00:00","accepted_user_id":"b1918ff3-0f8f-4dbb-8488-7f3e4475ae63","revoked_at":null,"revoked_by_id":null,"tenant_id":"b081c211-7a8b-4991-89d3-f5496e927624","updated_at":"2026-04-20T05:05:20.278157+00:00"},{"id":"14225b42-c3bd-4632-89b2-8d0f6863d6b2","email":"invite-9a3cf555@sunrise.ccms.app","name":"Temp Doc","role":"doctor","phone":null,"location_ids":["b3d2a4cd-41c7-4570-806a-5897d52a742f"],"status":"accepted","invited_by_id":"542a2bbd-8cf4-438e-8717-5f929016ca4e","invited_by_email":"group-admin@sunrise.ccms.app","created_at":"2026-04-20T05:05:17.932676+00:00","expires_at":"2026-04-23T05:05:17.932676+00:00","accepted_at":"2026-04-20T05:05:17.978077+00:00","accepted_user_id":"b3eda23e-1644-4aa6-93a1-9ec882904f03","revoked_at":null,"revoked_by_id":null,"tenant_id":"b081c211-7a8b-4991-89d3-f5496e927624","updated_at":"2026-04-20T05:05:17.978077+00:00"},{"id":"47cc1baf-0e6b-4fc8-9567-f57fd3faab8a","email":"invite-d1ca1c7a@sunrise.ccms.app","name":"Termination target","role":"staff","phone":null,"location_ids":["b3d2a4cd-41c7-4570-806a-5897d52a742f"],"status":"accepted","invited_by_id":"542a2bbd-8cf4-438e-8717-5f929016ca4e","invited_by_email":"group-admin@sunrise.ccms.app","created_at":"2026-04-20T05:05:16.268443+00:00","expires_at":"2026-04-23T05:05:16.268443+00:00","accepted_at":"2026-04-20T05:05:16.314024+00:00","accepted_user_id":"79722fb0-4338-42e1-919c-ff0b5e4a0edf","revoked_at":null,"revoked_by_id":null,"tenant_id":"b081c211-7a8b-4991-89d3-f5496e927624","updated_at":"2026-04-20T05:05:16.314024+00:00"},{"id":"17230ff2-1429-45f0-aa6e-eaf28ce3fb7b","email":"invite-1db21482@sunrise.ccms.app","name":"Revocation target","role":"staff","phone":null,"location_ids":[],"status":"accepted","invited_by_id":"542a2bbd-8cf4-438e-8717-5f929016ca4e","invited_by_email":"group-admin@sunrise.ccms.app","created_at":"2026-04-20T05:05:14.560222+00:00","expires_at":"2026-04-23T05:05:14.560222+00:00","accepted_at":"2026-04-20T05:05:14.605077+00:00","accepted_user_id":"1f67508d-1263-446c-b51d-33c5e31b4241","revoked_at":null,"revoked_by_id":null,"tenant_id":"b081c211-7a8b-4991-89d3-f5496e927624","updated_at":"2026-04-20T05:05:14.605077+00:00"},{"id":"0b6e9196-1f3f-42b7-8cd5-14e9c08a5f8a","email":"invite-dafdea74@sunrise.ccms.app","name":"Iso","role":"staff","phone":null,"location_ids":[],"status":"pending","invited_by_id":"542a2bbd-8cf4-438e-8717-5f929016ca4e","invited_by_email":"group-admin@sunrise.ccms.app","created_at":"2026-04-20T05:05:12.406313+00:00","expires_at":"2026-04-23T05:05:12.406313+00:00","accepted_at":null,"accepted_user_id":null,"revoked_at":null,"revoked_by_id":null,"tenant_id":"b081c211-7a8b-4991-89d3-f5496e927624"},{"id":"bbe05814-6229-4dd8-968d-a412fab05f2b","email":"invite-a6459899@sunrise.ccms.app","name":"To be revoked","role":"staff","phone":null,"location_ids":[],"status":"revoked","invited_by_id":"542a2bbd-8cf4-438e-8717-5f929016ca4e","invited_by_email":"group-admin@sunrise.ccms.app","created_at":"2026-04-20T05:05:11.800857+00:00","expires_at":"2026-04-23T05:05:11.800857+00:00","accepted_at":null,"accepted_user_id":null,"revoked_at":"2026-04-20T05:05:11.849527+00:00","revoked_by_id":"542a2bbd-8cf4-438e-8717-5f929016ca4e","tenant_id":"b081c211-7a8b-4991-89d3-f5496e927624","revoke_reason":"changed my mind","updated_at":"2026-04-20T05:05:11.849527+00:00"},{"id":"8174523f-bd3b-4032-bb85-d5a778f1f229","email":"invite-0f97131d@sunrise.ccms.app","name":"Test Invitee","role":"staff","phone":null,"location_ids":["b3d2a4cd-41c7-4570-806a-5897d52a742f"],"status":"accepted","invited_by_id":"542a2bbd-8cf4-438e-8717-5f929016ca4e","invited_by_email":"group-admin@sunrise.ccms.app","created_at":"2026-04-20T05:05:10.181695+00:00","expires_at":"2026-04-23T05:05:10.181695+00:00","accepted_at":"2026-04-20T05:05:10.266466+00:00","accepted_user_id":"504acc05-a0e5-4c0a-a8cb-873c2432daf1","revoked_at":null,"revoked_by_id":null,"tenant_id":"b081c211-7a8b-4991-89d3-f5496e927624","updated_at":"2026-04-20T05:05:10.266466+00:00"},{"id":"fd5c063f-0685-4d72-b2de-106fa3d04bcb","email":"invite-eca8697c@sunrise.ccms.app","name":"Suspicious test","role":"staff","phone":null,"location_ids":[],"status":"accepted","invited_by_id":"542a2bbd-8cf4-438e-8717-5f929016ca4e","invited_by_email":"group-admin@sunrise.ccms.app","created_at":"2026-04-20T03:50:34.371552+00:00","expires_at":"2026-04-23T03:50:34.371552+00:00","accepted_at":"2026-04-20T03:50:34.484113+00:00","accepted_user_id":"38d4a9f6-54ce-4415-bc02-54cb3cd3c482","revoked_at":null,"revoked_by_id":null,"tenant_id":"b081c211-7a8b-4991-89d3-f5496e927624","updated_at":"2026-04-20T03:50:34.484113+00:00"},{"id":"284e1875-073f-4cdd-836e-c80ceda73d99","email":"invite-fa569662@sunrise.ccms.app","name":"Temp Doc","role":"doctor","phone":null,"location_ids":["b3d2a4cd-41c7-4570-806a-5897d52a742f"],"status":"accepted","invited_by_id":"542a2bbd-8cf4-438e-8717-5f929016ca4e","invited_by_email":"group-admin@sunrise.ccms.app","created_at":"2026-04-20T03:50:31.057721+00:00","expires_at":"2026-04-23T03:50:31.057721+00:00","accepted_at":"2026-04-20T03:50:31.167885+00:00","accepted_user_id":"0ac7e4e6-3345-42db-9190-bb9098458507","revoked_at":null,"revoked_by_id":null,"tenant_id":"b081c211-7a8b-4991-89d3-f5496e927624","updated_at":"2026-04-20T03:50:31.167885+00:00"},{"id":"03fe3361-9026-4f9f-97e8-b2a21ed7aa86","email":"invite-78492ada@sunrise.ccms.app","name":"Termination target","role":"staff","phone":null,"location_ids":["b3d2a4cd-41c7-4570-806a-5897d52a742f"],"status":"accepted","invited_by_id":"542a2bbd-8cf4-438e-8717-5f929016ca4e","invited_by_email":"group-admin@sunrise.ccms.app","created_at":"2026-04-20T03:50:28.813505+00:00","expires_at":"2026-04-23T03:50:28.813505+00:00","accepted_at":"2026-04-20T03:50:28.925106+00:00","accepted_user_id":"9af4bf40-4bdd-4c8e-94f6-d88c6b9dd18e","revoked_at":null,"revoked_by_id":null,"tenant_id":"b081c211-7a8b-4991-89d3-f5496e927624","updated_at":"2026-04-20T03:50:28.925106+00:00"},{"id":"c4784d9d-3157-4721-a3b9-68d23e6d19a7","email":"invite-7c80bddd@sunrise.ccms.app","name":"Revocation target","role":"staff","phone":null,"location_ids":[],"status":"accepted","invited_by_id":"542a2bbd-8cf4-438e-8717-5f929016ca4e","invited_by_email":"group-admin@sunrise.ccms.app","created_at":"2026-04-20T03:50:26.507450+00:00","expires_at":"2026-04-23T03:50:26.507450+00:00","accepted_at":"2026-04-20T03:50:26.621100+00:00","accepted_user_id":"a711fa8d-5efa-4c73-a5de-5b50050f79c1","revoked_at":null,"revoked_by_id":null,"tenant_id":"b081c211-7a8b-4991-89d3-f5496e927624","updated_at":"2026-04-20T03:50:26.621100+00:00"},{"id":"4eee0750-eb28-4848-8f2c-8c2db5ab9417","email":"invite-f206afbd@sunrise.ccms.app","name":"Iso","role":"staff","phone":null,"location_ids":[],"status":"pending","invited_by_id":"542a2bbd-8cf4-438e-8717-5f929016ca4e","invited_by_email":"group-admin@sunrise.ccms.app","created_at":"2026-04-20T03:50:23.708075+00:00","expires_at":"2026-04-23T03:50:23.708075+00:00","accepted_at":null,"accepted_user_id":null,"revoked_at":null,"revoked_by_id":null,"tenant_id":"b081c211-7a8b-4991-89d3-f5496e927624"},{"id":"d7b8f4f0-ea38-40d7-90c9-23d8d8c5687c","email":"invite-439ffba6@sunrise.ccms.app","name":"To be revoked","role":"staff","phone":null,"location_ids":[],"status":"revoked","invited_by_id":"542a2bbd-8cf4-438e-8717-5f929016ca4e","invited_by_email":"group-admin@sunrise.ccms.app","created_at":"2026-04-20T03:50:22.861561+00:00","expires_at":"2026-04-23T03:50:22.861561+00:00","accepted_at":null,"accepted_user_id":null,"revoked_at":"2026-04-20T03:50:22.925768+00:00","revoked_by_id":"542a2bbd-8cf4-438e-8717-5f929016ca4e","tenant_id":"b081c211-7a8b-4991-89d3-f5496e927624","revoke_reason":"changed my mind","updated_at":"2026-04-20T03:50:22.925768+00:00"},{"id":"0fd64604-30e5-41f3-a67c-83fca0ea3c5b","email":"invite-b50e7414@sunrise.ccms.app","name":"Test Invitee","role":"staff","phone":null,"location_ids":["b3d2a4cd-41c7-4570-806a-5897d52a742f"],"status":"accepted","invited_by_id":"542a2bbd-8cf4-438e-8717-5f929016ca4e","invited_by_email":"group-admin@sunrise.ccms.app","created_at":"2026-04-20T03:50:20.743776+00:00","expires_at":"2026-04-23T03:50:20.743776+00:00","accepted_at":"2026-04-20T03:50:20.863810+00:00","accepted_user_id":"579a6836-1056-407b-af45-111606dd4bb4","revoked_at":null,"revoked_by_id":null,"tenant_id":"b081c211-7a8b-4991-89d3-f5496e927624","updated_at":"2026-04-20T03:50:20.863810+00:00"},{"id":"85e95443-d025-42ca-ace7-36f8af9c05e3","email":"invite-d0dd4341@sunrise.ccms.app","name":"Suspicious test","role":"staff","phone":null,"location_ids":[],"status":"accepted","invited_by_id":"542a2bbd-8cf4-438e-8717-5f929016ca4e","invited_by_email":"group-admin@sunrise.ccms.app","created_at":"2026-04-20T03:45:35.182185+00:00","expires_at":"2026-04-23T03:45:35.182185+00:00","accepted_at":"2026-04-20T03:45:35.310114+00:00","accepted_user_id":"6ac2c30f-1921-4040-8b9f-fed63c458f54","revoked_at":null,"revoked_by_id":null,"tenant_id":"b081c211-7a8b-4991-89d3-f5496e927624","updated_at":"2026-04-20T03:45:35.310114+00:00"},{"id":"2a862eb7-a69d-4a57-bc66-04a88ea3b469","email":"invite-e3e826ed@sunrise.ccms.app","name":"Termination target","role":"staff","phone":null,"location_ids":["b3d2a4cd-41c7-4570-806a-5897d52a742f"],"status":"accepted","invited_by_id":"542a2bbd-8cf4-438e-8717-5f929016ca4e","invited_by_email":"group-admin@sunrise.ccms.app","created_at":"2026-04-20T03:45:29.937614+00:00","expires_at":"2026-04-23T03:45:29.937614+00:00","accepted_at":"2026-04-20T03:45:30.052328+00:00","accepted_user_id":"f8c1eea5-da9c-4056-91cf-348bc2329095","revoked_at":null,"revoked_by_id":null,"tenant_id":"b081c211-7a8b-4991-89d3-f5496e927624","updated_at":"2026-04-20T03:45:30.052328+00:00"},{"id":"2e3cd710-a2d4-488f-a3e6-1602204471a7","email":"invite-c7802b36@sunrise.ccms.app","name":"Revocation target","role":"staff","phone":null,"location_ids":[],"status":"accepted","invited_by_id":"542a2bbd-8cf4-438e-8717-5f929016ca4e","invited_by_email":"group-admin@sunrise.ccms.app","created_at":"2026-04-20T03:45:27.478417+00:00","expires_at":"2026-04-23T03:45:27.478417+00:00","accepted_at":"2026-04-20T03:45:27.591890+00:00","accepted_user_id":"610f174f-46d3-4039-bec3-423297cc7bb3","revoked_at":null,"revoked_by_id":null,"tenant_id":"b081c211-7a8b-4991-89d3-f5496e927624","updated_at":"2026-04-20T03:45:27.591890+00:00"},{"id":"5e530b89-c793-4108-8845-92ea2a0e0ab4","email":"invite-59bb50b2@sunrise.ccms.app","name":"Iso","role":"staff","phone":null,"location_ids":[],"status":"pending","invited_by_id":"542a2bbd-8cf4-438e-8717-5f929016ca4e","invited_by_email":"group-admin@sunrise.ccms.app","created_at":"2026-04-20T03:45:24.673736+00:00","expires_at":"2026-04-23T03:45:24.673736+00:00","accepted_at":null,"accepted_user_id":null,"revoked_at":null,"revoked_by_id":null,"tenant_id":"b081c211-7a8b-4991-89d3-f5496e927624"},{"id":"8b0c9599-d6b2-4cf6-84c6-fa1f63ce16ee","email":"invite-2806bde8@sunrise.ccms.app","name":"To be revoked","role":"staff","phone":null,"location_ids":[],"status":"revoked","invited_by_id":"542a2bbd-8cf4-438e-8717-5f929016ca4e","invited_by_email":"group-admin@sunrise.ccms.app","created_at":"2026-04-20T03:45:23.829817+00:00","expires_at":"2026-04-23T03:45:23.829817+00:00","accepted_at":null,"accepted_user_id":null,"revoked_at":"2026-04-20T03:45:23.881701+00:00","revoked_by_id":"542a2bbd-8cf4-438e-8717-5f929016ca4e","tenant_id":"b081c211-7a8b-4991-89d3-f5496e927624","revoke_reason":"changed my mind","updated_at":"2026-04-20T03:45:23.881701+00:00"},{"id":"9e88c466-6d64-4fea-b53d-e40e85b15166","email":"invite-75f08e7a@sunrise.ccms.app","name":"Test Invitee","role":"staff","phone":null,"location_ids":["b3d2a4cd-41c7-4570-806a-5897d52a742f"],"status":"accepted","invited_by_id":"542a2bbd-8cf4-438e-8717-5f929016ca4e","invited_by_email":"group-admin@sunrise.ccms.app","created_at":"2026-04-20T03:45:21.705746+00:00","expires_at":"2026-04-23T03:45:21.705746+00:00","accepted_at":"2026-04-20T03:45:21.832096+00:00","accepted_user_id":"176ec091-f54f-4335-a7b8-0dbf138a0d53","revoked_at":null,"revoked_by_id":null,"tenant_id":"b081c211-7a8b-4991-89d3-f5496e927624","updated_at":"2026-04-20T03:45:21.832096+00:00"},{"id":"c1860830-47a5-45a3-86bb-1dfe4819e0f9","email":"invite-c081ae58@sunrise.ccms.app","name":"Suspicious test","role":"staff","phone":null,"location_ids":[],"status":"accepted","invited_by_id":"542a2bbd-8cf4-438e-8717-5f929016ca4e","invited_by_email":"group-admin@sunrise.ccms.app","created_at":"2026-04-20T03:43:23.955593+00:00","expires_at":"2026-04-23T03:43:23.955593+00:00","accepted_at":"2026-04-20T03:43:24.068167+00:00","accepted_user_id":"0898d458-6cd5-4c61-bb29-2eafd4f5c98b","revoked_at":null,"revoked_by_id":null,"tenant_id":"b081c211-7a8b-4991-89d3-f5496e927624","updated_at":"2026-04-20T03:43:24.068167+00:00"},{"id":"642a826c-8ca7-45e8-b470-d2df363a59d1","email":"invite-05a5bc6a@sunrise.ccms.app","name":"Termination target","role":"staff","phone":null,"location_ids":["b3d2a4cd-41c7-4570-806a-5897d52a742f"],"status":"accepted","invited_by_id":"542a2bbd-8cf4-438e-8717-5f929016ca4e","invited_by_email":"group-admin@sunrise.ccms.app","created_at":"2026-04-20T03:43:18.798969+00:00","expires_at":"2026-04-23T03:43:18.798969+00:00","accepted_at":"2026-04-20T03:43:18.903920+00:00","accepted_user_id":"1ac32681-f7a4-4490-946e-cf24bfa94df4","revoked_at":null,"revoked_by_id":null,"tenant_id":"b081c211-7a8b-4991-89d3-f5496e927624","updated_at":"2026-04-20T03:43:18.903920+00:00"},{"id":"01ffce30-c13c-4dad-8b0a-58ae13ef4119","email":"invite-6d64b113@sunrise.ccms.app","name":"Revocation target","role":"staff","phone":null,"location_ids":[],"status":"accepted","invited_by_id":"542a2bbd-8cf4-438e-8717-5f929016ca4e","invited_by_email":"group-admin@sunrise.ccms.app","created_at":"2026-04-20T03:43:16.482552+00:00","expires_at":"2026-04-23T03:43:16.482552+00:00","accepted_at":"2026-04-20T03:43:16.598240+00:00","accepted_user_id":"4025d459-bb70-401f-be95-94be4fcbc7d1","revoked_at":null,"revoked_by_id":null,"tenant_id":"b081c211-7a8b-4991-89d3-f5496e927624","updated_at":"2026-04-20T03:43:16.598240+00:00"},{"id":"120cc308-cc59-4323-8e16-09e223145af2","email":"invite-f4c4bde0@sunrise.ccms.app","name":"Iso","role":"staff","phone":null,"location_ids":[],"status":"pending","invited_by_id":"542a2bbd-8cf4-438e-8717-5f929016ca4e","invited_by_email":"group-admin@sunrise.ccms.app","created_at":"2026-04-20T03:43:13.919984+00:00","expires_at":"2026-04-23T03:43:13.919984+00:00","accepted_at":null,"accepted_user_id":null,"revoked_at":null,"revoked_by_id":null,"tenant_id":"b081c211-7a8b-4991-89d3-f5496e927624"},{"id":"10e7d9a2-136d-40ad-8a78-7d9bca4670b2","email":"invite-28a524e1@sunrise.ccms.app","name":"To be revoked","role":"staff","phone":null,"location_ids":[],"status":"revoked","invited_by_id":"542a2bbd-8cf4-438e-8717-5f929016ca4e","invited_by_email":"group-admin@sunrise.ccms.app","created_at":"2026-04-20T03:43:13.065907+00:00","expires_at":"2026-04-23T03:43:13.065907+00:00","accepted_at":null,"accepted_user_id":null,"revoked_at":"2026-04-20T03:43:13.122401+00:00","revoked_by_id":"542a2bbd-8cf4-438e-8717-5f929016ca4e","tenant_id":"b081c211-7a8b-4991-89d3-f5496e927624","revoke_reason":"changed my mind","updated_at":"2026-04-20T03:43:13.122401+00:00"},{"id":"8bd98074-ded0-4598-b2ca-d9d299f1bbfb","email":"invite-de30fd86@sunrise.ccms.app","name":"Test Invitee","role":"staff","phone":null,"location_ids":["b3d2a4cd-41c7-4570-806a-5897d52a742f"],"status":"accepted","invited_by_id":"542a2bbd-8cf4-438e-8717-5f929016ca4e","invited_by_email":"group-admin@sunrise.ccms.app","created_at":"2026-04-20T03:43:10.939475+00:00","expires_at":"2026-04-23T03:43:10.939475+00:00","accepted_at":"2026-04-20T03:43:11.049870+00:00","accepted_user_id":"096d2b31-dcc3-4c54-bbc2-7f76f7d589ec","revoked_at":null,"revoked_by_id":null,"tenant_id":"b081c211-7a8b-4991-89d3-f5496e927624","updated_at":"2026-04-20T03:43:11.049870+00:00"},{"id":"b0e95c67-4537-4ea5-98cd-611629cbf489","email":"invite-ea1824da@sunrise.ccms.app","name":"Termination target","role":"staff","phone":null,"location_ids":["b3d2a4cd-41c7-4570-806a-5897d52a742f"],"status":"accepted","invited_by_id":"542a2bbd-8cf4-438e-8717-5f929016ca4e","invited_by_email":"group-admin@sunrise.ccms.app","created_at":"2026-04-20T03:41:52.532037+00:00","expires_at":"2026-04-23T03:41:52.532037+00:00","accepted_at":"2026-04-20T03:41:52.637613+00:00","accepted_user_id":"6cf1a808-dc87-404c-ac15-37ae889ae2ee","revoked_at":null,"revoked_by_id":null,"tenant_id":"b081c211-7a8b-4991-89d3-f5496e927624","updated_at":"2026-04-20T03:41:52.637613+00:00"},{"id":"d729aaab-b72f-4f92-b3a7-7771869e91ea","email":"invite-97b8d763@sunrise.ccms.app","name":"Revocation target","role":"staff","phone":null,"location_ids":[],"status":"accepted","invited_by_id":"542a2bbd-8cf4-438e-8717-5f929016ca4e","invited_by_email":"group-admin@sunrise.ccms.app","created_at":"2026-04-20T03:41:50.170663+00:00","expires_at":"2026-04-23T03:41:50.170663+00:00","accepted_at":"2026-04-20T03:41:50.284440+00:00","accepted_user_id":"9c21dda9-2ac3-4775-8ace-5a59b795cc91","revoked_at":null,"revoked_by_id":null,"tenant_id":"b081c211-7a8b-4991-89d3-f5496e927624","updated_at":"2026-04-20T03:41:50.284440+00:00"},{"id":"22056b1b-9326-41b0-ad79-7ba742fb74f3","email":"invite-d07049d1@sunrise.ccms.app","name":"Iso","role":"staff","phone":null,"location_ids":[],"status":"pending","invited_by_id":"542a2bbd-8cf4-438e-8717-5f929016ca4e","invited_by_email":"group-admin@sunrise.ccms.app","created_at":"2026-04-20T03:41:47.589884+00:00","expires_at":"2026-04-23T03:41:47.589884+00:00","accepted_at":null,"accepted_user_id":null,"revoked_at":null,"revoked_by_id":null,"tenant_id":"b081c211-7a8b-4991-89d3-f5496e927624"},{"id":"fc86bf25-97ba-49f5-bbd6-3b57d2c415b9","email":"invite-8f1d0685@sunrise.ccms.app","name":"To be revoked","role":"staff","phone":null,"location_ids":[],"status":"revoked","invited_by_id":"542a2bbd-8cf4-438e-8717-5f929016ca4e","invited_by_email":"group-admin@sunrise.ccms.app","created_at":"2026-04-20T03:41:46.721183+00:00","expires_at":"2026-04-23T03:41:46.721183+00:00","accepted_at":null,"accepted_user_id":null,"revoked_at":"2026-04-20T03:41:46.787803+00:00","revoked_by_id":"542a2bbd-8cf4-438e-8717-5f929016ca4e","tenant_id":"b081c211-7a8b-4991-89d3-f5496e927624","revoke_reason":"changed my mind","updated_at":"2026-04-20T03:41:46.787803+00:00"},{"id":"e0eaad1f-038b-46c1-be10-6c3944bd8569","email":"invite-770dfbb6@sunrise.ccms.app","name":"Test Invitee","role":"staff","phone":null,"location_ids":["b3d2a4cd-41c7-4570-806a-5897d52a742f"],"status":"accepted","invited_by_id":"542a2bbd-8cf4-438e-8717-5f929016ca4e","invited_by_email":"group-admin@sunrise.ccms.app","created_at":"2026-04-20T03:41:44.660468+00:00","expires_at":"2026-04-23T03:41:44.660468+00:00","accepted_at":"2026-04-20T03:41:44.771135+00:00","accepted_user_id":"7a6dd2f6-db4f-4c6c-99a6-c1c30ebefdbb","revoked_at":null,"revoked_by_id":null,"tenant_id":"b081c211-7a8b-4991-89d3-f5496e927624","updated_at":"2026-04-20T03:41:44.771135+00:00"},{"id":"24641eb9-2393-489a-8667-ad46b636aa16","email":"invite-b786fa10@sunrise.ccms.app","name":"Suspicious test","role":"staff","phone":null,"location_ids":[],"status":"accepted","invited_by_id":"542a2bbd-8cf4-438e-8717-5f929016ca4e","invited_by_email":"group-admin@sunrise.ccms.app","created_at":"2026-04-20T03:41:34.567736+00:00","expires_at":"2026-04-23T03:41:34.567736+00:00","accepted_at":"2026-04-20T03:41:34.673606+00:00","accepted_user_id":"0f4ebc54-caf8-4bf8-881a-cc1626efc3d3","revoked_at":null,"revoked_by_id":null,"tenant_id":"b081c211-7a8b-4991-89d3-f5496e927624","updated_at":"2026-04-20T03:41:34.673606+00:00"},{"id":"eb9bc5ee-f7b1-421f-b684-130ee23c6c2c","email":"invite-d90e4a8d@sunrise.ccms.app","name":"Termination target","role":"staff","phone":null,"location_ids":["b3d2a4cd-41c7-4570-806a-5897d52a742f"],"status":"accepted","invited_by_id":"542a2bbd-8cf4-438e-8717-5f929016ca4e","invited_by_email":"group-admin@sunrise.ccms.app","created_at":"2026-04-20T03:41:29.880576+00:00","expires_at":"2026-04-23T03:41:29.880576+00:00","accepted_at":"2026-04-20T03:41:30.003208+00:00","accepted_user_id":"fb42dd70-53b4-4149-9a95-f1098aac131c","revoked_at":null,"revoked_by_id":null,"tenant_id":"b081c211-7a8b-4991-89d3-f5496e927624","updated_at":"2026-04-20T03:41:30.003208+00:00"},{"id":"585b6236-ece3-40d1-9929-e31032cef28e","email":"invite-904ec9f7@sunrise.ccms.app","name":"Revocation target","role":"staff","phone":null,"location_ids":[],"status":"accepted","invited_by_id":"542a2bbd-8cf4-438e-8717-5f929016ca4e","invited_by_email":"group-admin@sunrise.ccms.app","created_at":"2026-04-20T03:41:27.549503+00:00","expires_at":"2026-04-23T03:41:27.549503+00:00","accepted_at":"2026-04-20T03:41:27.670729+00:00","accepted_user_id":"1f157d3f-a039-4da0-83dd-ee6f1eb0d6bd","revoked_at":null,"revoked_by_id":null,"tenant_id":"b081c211-7a8b-4991-89d3-f5496e927624","updated_at":"2026-04-20T03:41:27.670729+00:00"},{"id":"8eb025b5-d55f-480b-8c88-6be0c754692f","email":"invite-58248b49@sunrise.ccms.app","name":"Iso","role":"staff","phone":null,"location_ids":[],"status":"pending","invited_by_id":"542a2bbd-8cf4-438e-8717-5f929016ca4e","invited_by_email":"group-admin@sunrise.ccms.app","created_at":"2026-04-20T03:41:24.934998+00:00","expires_at":"2026-04-23T03:41:24.934998+00:00","accepted_at":null,"accepted_user_id":null,"revoked_at":null,"revoked_by_id":null,"tenant_id":"b081c211-7a8b-4991-89d3-f5496e927624"},{"id":"4a0d5ec9-acbe-4b1c-9116-7da581c5d2d8","email":"invite-da70b35f@sunrise.ccms.app","name":"To be revoked","role":"staff","phone":null,"location_ids":[],"status":"revoked","invited_by_id":"542a2bbd-8cf4-438e-8717-5f929016ca4e","invited_by_email":"group-admin@sunrise.ccms.app","created_at":"2026-04-20T03:41:24.048502+00:00","expires_at":"2026-04-23T03:41:24.048502+00:00","accepted_at":null,"accepted_user_id":null,"revoked_at":"2026-04-20T03:41:24.104323+00:00","revoked_by_id":"542a2bbd-8cf4-438e-8717-5f929016ca4e","tenant_id":"b081c211-7a8b-4991-89d3-f5496e927624","revoke_reason":"changed my mind","updated_at":"2026-04-20T03:41:24.104323+00:00"},{"id":"26d225de-97ac-4fa4-a72a-ea79d435948b","email":"invite-dfb9c16b@sunrise.ccms.app","name":"Test Invitee","role":"staff","phone":null,"location_ids":["b3d2a4cd-41c7-4570-806a-5897d52a742f"],"status":"accepted","invited_by_id":"542a2bbd-8cf4-438e-8717-5f929016ca4e","invited_by_email":"group-admin@sunrise.ccms.app","created_at":"2026-04-20T03:41:21.959221+00:00","expires_at":"2026-04-23T03:41:21.959221+00:00","accepted_at":"2026-04-20T03:41:22.072600+00:00","accepted_user_id":"bb1d6216-4ad3-42ea-b426-270b73abc362","revoked_at":null,"revoked_by_id":null,"tenant_id":"b081c211-7a8b-4991-89d3-f5496e927624","updated_at":"2026-04-20T03:41:22.072600+00:00"},{"id":"8ee29dac-f8ff-4492-8251-9de61ff3de11","email":"invite-7a0a0b69@sunrise.ccms.app","name":"Termination target","role":"staff","phone":null,"location_ids":["b3d2a4cd-41c7-4570-806a-5897d52a742f"],"status":"accepted","invited_by_id":"542a2bbd-8cf4-438e-8717-5f929016ca4e","invited_by_email":"group-admin@sunrise.ccms.app","created_at":"2026-04-20T03:40:11.619425+00:00","expires_at":"2026-04-23T03:40:11.619425+00:00","accepted_at":"2026-04-20T03:40:11.728962+00:00","accepted_user_id":"4cd97c31-2354-4c1b-b227-fe29c7600ce5","revoked_at":null,"revoked_by_id":null,"tenant_id":"b081c211-7a8b-4991-89d3-f5496e927624","updated_at":"2026-04-20T03:40:11.728962+00:00"},{"id":"9d6655fe-53a8-42da-88ea-09b4d90f96fa","email":"invite-39c919ed@sunrise.ccms.app","name":"Suspicious test","role":"staff","phone":null,"location_ids":[],"status":"accepted","invited_by_id":"542a2bbd-8cf4-438e-8717-5f929016ca4e","invited_by_email":"group-admin@sunrise.ccms.app","created_at":"2026-04-20T03:39:53.819888+00:00","expires_at":"2026-04-23T03:39:53.819888+00:00","accepted_at":"2026-04-20T03:39:53.959706+00:00","accepted_user_id":"07a2e9f8-519b-4b63-b0cc-03cfe64c2457","revoked_at":null,"revoked_by_id":null,"tenant_id":"b081c211-7a8b-4991-89d3-f5496e927624","updated_at":"2026-04-20T03:39:53.959706+00:00"},{"id":"49805bc8-d834-47d9-88ba-fdd2b36ed2b6","email":"invite-6c718d56@sunrise.ccms.app","name":"Termination target","role":"staff","phone":null,"location_ids":["b3d2a4cd-41c7-4570-806a-5897d52a742f"],"status":"accepted","invited_by_id":"542a2bbd-8cf4-438e-8717-5f929016ca4e","invited_by_email":"group-admin@sunrise.ccms.app","created_at":"2026-04-20T03:39:49.062007+00:00","expires_at":"2026-04-23T03:39:49.062007+00:00","accepted_at":"2026-04-20T03:39:49.195655+00:00","accepted_user_id":"058bf534-3692-438e-8dea-4a00b20ebbd6","revoked_at":null,"revoked_by_id":null,"tenant_id":"b081c211-7a8b-4991-89d3-f5496e927624","updated_at":"2026-04-20T03:39:49.195655+00:00"},{"id":"416f62ea-2ce0-4e2e-99e4-dd0fa1758250","email":"invite-41dd973e@sunrise.ccms.app","name":"Revocation target","role":"staff","phone":null,"location_ids":[],"status":"accepted","invited_by_id":"542a2bbd-8cf4-438e-8717-5f929016ca4e","invited_by_email":"group-admin@sunrise.ccms.app","created_at":"2026-04-20T03:39:46.641739+00:00","expires_at":"2026-04-23T03:39:46.641739+00:00","accepted_at":"2026-04-20T03:39:46.831373+00:00","accepted_user_id":"aa6204e8-ce30-402f-8c87-2bf61cd808ff","revoked_at":null,"revoked_by_id":null,"tenant_id":"b081c211-7a8b-4991-89d3-f5496e927624","updated_at":"2026-04-20T03:39:46.831373+00:00"},{"id":"508a6f63-474f-431d-97e7-9f96486e08d0","email":"invite-064d2e1b@sunrise.ccms.app","name":"Iso","role":"staff","phone":null,"location_ids":[],"status":"pending","invited_by_id":"542a2bbd-8cf4-438e-8717-5f929016ca4e","invited_by_email":"group-admin@sunrise.ccms.app","created_at":"2026-04-20T03:39:43.760169+00:00","expires_at":"2026-04-23T03:39:43.760169+00:00","accepted_at":null,"accepted_user_id":null,"revoked_at":null,"revoked_by_id":null,"tenant_id":"b081c211-7a8b-4991-89d3-f5496e927624"},{"id":"3466d05c-05b6-4488-bb3a-73675e7dc3c2","email":"invite-badfc5ad@sunrise.ccms.app","name":"To be revoked","role":"staff","phone":null,"location_ids":[],"status":"revoked","invited_by_id":"542a2bbd-8cf4-438e-8717-5f929016ca4e","invited_by_email":"group-admin@sunrise.ccms.app","created_at":"2026-04-20T03:39:42.833558+00:00","expires_at":"2026-04-23T03:39:42.833558+00:00","accepted_at":null,"accepted_user_id":null,"revoked_at":"2026-04-20T03:39:42.897635+00:00","revoked_by_id":"542a2bbd-8cf4-438e-8717-5f929016ca4e","tenant_id":"b081c211-7a8b-4991-89d3-f5496e927624","revoke_reason":"changed my mind","updated_at":"2026-04-20T03:39:42.897635+00:00"},{"id":"d3b749f5-cdd0-4ba4-a18f-8867d0236336","email":"invite-87fb8fa3@sunrise.ccms.app","name":"Test Invitee","role":"staff","phone":null,"location_ids":["b3d2a4cd-41c7-4570-806a-5897d52a742f"],"status":"accepted","invited_by_id":"542a2bbd-8cf4-438e-8717-5f929016ca4e","invited_by_email":"group-admin@sunrise.ccms.app","created_at":"2026-04-20T03:39:40.695148+00:00","expires_at":"2026-04-23T03:39:40.695148+00:00","accepted_at":"2026-04-20T03:39:40.820786+00:00","accepted_user_id":"a19111bd-61d0-4aaf-b92b-22f872aa59e9","revoked_at":null,"revoked_by_id":null,"tenant_id":"b081c211-7a8b-4991-89d3-f5496e927624","updated_at":"2026-04-20T03:39:40.820786+00:00"},{"id":"6ebfa05e-35e7-4e72-81ce-5da793d4b6fa","email":"invite-e363cea3@sunrise.ccms.app","name":"Test Invitee","role":"staff","phone":null,"location_ids":["b3d2a4cd-41c7-4570-806a-5897d52a742f"],"status":"pending","invited_by_id":"542a2bbd-8cf4-438e-8717-5f929016ca4e","invited_by_email":"group-admin@sunrise.ccms.app","created_at":"2026-04-20T03:39:13.529563+00:00","expires_at":"2026-04-23T03:39:13.529563+00:00","accepted_at":null,"accepted_user_id":null,"revoked_at":null,"revoked_by_id":null,"tenant_id":"b081c211-7a8b-4991-89d3-f5496e927624"}]
E   assert 200 == 401
E    +  where 200 = &lt;Response [200]&gt;.status_code</failure></testcase><testcase classname="backend.tests.test_iteration19_workforce" name="test_suspicious_login_new_ip_sets_step_up_flag" time="1.065"><failure message="KeyError: 'step_up_required'">backend/tests/test_iteration19_workforce.py:539: in test_suspicious_login_new_ip_sets_step_up_flag
    assert me["step_up_required"] is True, me
           ^^^^^^^^^^^^^^^^^^^^^^
E   KeyError: 'step_up_required'</failure></testcase></testsuite></testsuites>