<?xml version="1.0" encoding="utf-8"?><testsuites name="pytest tests"><testsuite name="pytest" errors="0" failures="0" skipped="0" tests="27" time="9.315" timestamp="2026-04-20T01:03:30.320427+00:00" hostname="agent-env-e9e0b22c-c7c0-463a-9839-8c9025625def"><testcase classname="backend.tests.test_iteration7_privacy.TestDataInventory" name="test_admin_sees_8_categories" time="0.516" /><testcase classname="backend.tests.test_iteration7_privacy.TestDataInventory" name="test_non_admin_forbidden[doctor_sess]" time="0.435" /><testcase classname="backend.tests.test_iteration7_privacy.TestDataInventory" name="test_non_admin_forbidden[staff_sess]" time="0.468" /><testcase classname="backend.tests.test_iteration7_privacy.TestDataInventory" name="test_non_admin_forbidden[patient_sess]" time="0.396" /><testcase classname="backend.tests.test_iteration7_privacy.TestDataInventory" name="test_anon_unauthorized" time="0.106" /><testcase classname="backend.tests.test_iteration7_privacy.TestPrivacyRequests" name="test_patient_self_request_ok" time="0.102" /><testcase classname="backend.tests.test_iteration7_privacy.TestPrivacyRequests" name="test_patient_cannot_request_for_other" time="0.111" /><testcase classname="backend.tests.test_iteration7_privacy.TestPrivacyRequests" name="test_doctor_forbidden" time="0.112" /><testcase classname="backend.tests.test_iteration7_privacy.TestPrivacyRequests" name="test_staff_can_create_for_patient" time="0.142" /><testcase classname="backend.tests.test_iteration7_privacy.TestPrivacyRequests" name="test_admin_can_create_for_anyone" time="0.112" /><testcase classname="backend.tests.test_iteration7_privacy.TestPrivacyRequests" name="test_admin_list_with_filters" time="0.052" /><testcase classname="backend.tests.test_iteration7_privacy.TestPrivacyRequests" name="test_non_admin_cannot_list" time="0.052" /><testcase classname="backend.tests.test_iteration7_privacy.TestPrivacyRequests" name="test_my_requests_returns_self" time="0.111" /><testcase classname="backend.tests.test_iteration7_privacy.TestPrivacyRequests" name="test_get_request_admin_and_related" time="0.291" /><testcase classname="backend.tests.test_iteration7_privacy.TestPrivacyRequests" name="test_state_machine_valid_transitions" time="0.328" /><testcase classname="backend.tests.test_iteration7_privacy.TestPrivacyRequests" name="test_state_machine_terminal_rejects" time="0.245" /><testcase classname="backend.tests.test_iteration7_privacy.TestPrivacyRequests" name="test_state_machine_invalid_jump" time="0.158" /><testcase classname="backend.tests.test_iteration7_privacy.TestLegalHoldFulfillDelete" name="test_fulfill_delete_requires_reauth" time="1.011" /><testcase classname="backend.tests.test_iteration7_privacy.TestLegalHoldFulfillDelete" name="test_legal_hold_blocks_fulfill_and_delete" time="1.207" /><testcase classname="backend.tests.test_iteration7_privacy.TestLegalHoldFulfillDelete" name="test_clear_hold_then_fulfill_ok" time="0.913" /><testcase classname="backend.tests.test_iteration7_privacy.TestConsentsAndPrefs" name="test_accept_consent_then_list" time="0.128" /><testcase classname="backend.tests.test_iteration7_privacy.TestConsentsAndPrefs" name="test_comm_prefs_defaults" time="0.754" /><testcase classname="backend.tests.test_iteration7_privacy.TestConsentsAndPrefs" name="test_comm_prefs_partial_update" time="0.111" /><testcase classname="backend.tests.test_iteration7_privacy.TestSelfExport" name="test_export_shape_and_no_secrets" time="0.065" /><testcase classname="backend.tests.test_iteration7_privacy.TestAuditRegression" name="test_patient_created_audit_no_phi" time="0.386" /><testcase classname="backend.tests.test_iteration7_privacy.TestAuditRegression" name="test_compliance_overview_admin_only" time="0.129" /><testcase classname="backend.tests.test_iteration7_privacy.TestRegisterConsent" name="test_register_then_accept_consent_v1" time="0.801" /></testsuite></testsuites>