<?xml version="1.0" encoding="utf-8"?><testsuites name="pytest tests"><testsuite name="pytest" errors="0" failures="0" skipped="1" tests="61" time="48.331" timestamp="2026-04-21T15:54:50.855863+00:00" hostname="agent-env-6c035615-c11a-4f81-b545-3c63b8324508"><testcase classname="tests.test_npi_validation.TestComputeCheckDigit" name="test_matches_published_examples[123456789-3]" time="0.161" /><testcase classname="tests.test_npi_validation.TestComputeCheckDigit" name="test_matches_published_examples[000000000-6]" time="0.126" /><testcase classname="tests.test_npi_validation.TestComputeCheckDigit" name="test_rejects_wrong_length" time="0.132" /><testcase classname="tests.test_npi_validation.TestComputeCheckDigit" name="test_rejects_non_digits" time="0.115" /><testcase classname="tests.test_npi_validation.TestIsValidNpi" name="test_known_valid_npis[1234567893]" time="0.119" /><testcase classname="tests.test_npi_validation.TestIsValidNpi" name="test_known_valid_npis[0000000006]" time="0.149" /><testcase classname="tests.test_npi_validation.TestIsValidNpi" name="test_known_valid_npis[1679576722]" time="0.130" /><testcase classname="tests.test_npi_validation.TestIsValidNpi" name="test_known_invalid_npis[]" time="0.115" /><testcase classname="tests.test_npi_validation.TestIsValidNpi" name="test_known_invalid_npis[1234567890]" time="0.138" /><testcase classname="tests.test_npi_validation.TestIsValidNpi" name="test_known_invalid_npis[1234567892]" time="0.111" /><testcase classname="tests.test_npi_validation.TestIsValidNpi" name="test_known_invalid_npis[123456789]" time="0.112" /><testcase classname="tests.test_npi_validation.TestIsValidNpi" name="test_known_invalid_npis[12345678934]" time="0.122" /><testcase classname="tests.test_npi_validation.TestIsValidNpi" name="test_known_invalid_npis[12345 7893]" time="0.129" /><testcase classname="tests.test_npi_validation.TestIsValidNpi" name="test_known_invalid_npis[123-456-789]" time="0.147" /><testcase classname="tests.test_npi_validation.TestIsValidNpi" name="test_known_invalid_npis[123456789A]" time="0.139" /><testcase classname="tests.test_npi_validation.TestIsValidNpi" name="test_known_invalid_npis[ 1234567893]" time="0.109"><skipped type="pytest.skip" message="covered by test_trims_whitespace">/app/backend/tests/test_npi_validation.py:92: covered by test_trims_whitespace</skipped></testcase><testcase classname="tests.test_npi_validation.TestIsValidNpi" name="test_trims_whitespace" time="0.137" /><testcase classname="tests.test_npi_validation.TestIsValidNpi" name="test_none_is_invalid" time="0.136" /><testcase classname="tests.test_npi_validation.TestValidateNpiOrRaise" name="test_happy_path_returns_trimmed" time="0.134" /><testcase classname="tests.test_npi_validation.TestValidateNpiOrRaise" name="test_empty_raises" time="0.141" /><testcase classname="tests.test_npi_validation.TestValidateNpiOrRaise" name="test_wrong_chars_specific_message" time="0.107" /><testcase classname="tests.test_npi_validation.TestValidateNpiOrRaise" name="test_wrong_length_specific_message" time="0.104" /><testcase classname="tests.test_npi_validation.TestValidateNpiOrRaise" name="test_checksum_mismatch_specific_message" time="0.127" /><testcase classname="tests.test_npi_validation.TestBackendNpiEnforcement" name="test_accepts_valid_npi" time="1.238" /><testcase classname="tests.test_npi_validation.TestBackendNpiEnforcement" name="test_rejects_luhn_failure" time="1.154" /><testcase classname="tests.test_npi_validation.TestBackendNpiEnforcement" name="test_rejects_non_numeric" time="1.351" /><testcase classname="tests.test_npi_validation.TestBackendNpiEnforcement" name="test_rejects_wrong_length" time="1.164" /><testcase classname="tests.test_npi_validation.TestBackendNpiEnforcement" name="test_trims_whitespace_server_side" time="1.153" /><testcase classname="tests.test_npi_validation.TestBackendNpiEnforcement" name="test_empty_string_clears_value" time="1.193" /><testcase classname="tests.test_npi_validation.TestNpiAudit" name="test_npi_write_is_audited" time="1.853" /><testcase classname="tests.test_professional_licenses.TestNpiOnProfile" name="test_profile_initially_has_no_npi" time="1.144" /><testcase classname="tests.test_professional_licenses.TestNpiOnProfile" name="test_set_valid_npi" time="1.192" /><testcase classname="tests.test_professional_licenses.TestNpiOnProfile" name="test_reject_non_digit_npi" time="1.148" /><testcase classname="tests.test_professional_licenses.TestNpiOnProfile" name="test_reject_short_npi" time="1.203" /><testcase classname="tests.test_professional_licenses.TestNpiOnProfile" name="test_empty_string_clears_npi" time="1.242" /><testcase classname="tests.test_professional_licenses.TestLicenseCrud" name="test_list_is_empty_initially" time="1.159" /><testcase classname="tests.test_professional_licenses.TestLicenseCrud" name="test_create_happy_path_and_read_back" time="1.231" /><testcase classname="tests.test_professional_licenses.TestLicenseCrud" name="test_update_partial" time="1.207" /><testcase classname="tests.test_professional_licenses.TestLicenseCrud" name="test_delete" time="1.259" /><testcase classname="tests.test_professional_licenses.TestLicenseCrud" name="test_duplicate_returns_409" time="1.193" /><testcase classname="tests.test_professional_licenses.TestLicenseCrud" name="test_update_missing_license_404" time="1.147" /><testcase classname="tests.test_professional_licenses.TestLicenseCrud" name="test_delete_missing_license_404" time="1.398" /><testcase classname="tests.test_professional_licenses.TestValidation" name="test_bad_state_length" time="1.221" /><testcase classname="tests.test_professional_licenses.TestValidation" name="test_bad_state_non_alpha" time="1.124" /><testcase classname="tests.test_professional_licenses.TestValidation" name="test_bad_expiration_format" time="1.196" /><testcase classname="tests.test_professional_licenses.TestValidation" name="test_bad_license_type" time="1.172" /><testcase classname="tests.test_professional_licenses.TestRoleGating" name="test_staff_can_read_empty_list" time="1.170" /><testcase classname="tests.test_professional_licenses.TestRoleGating" name="test_staff_cannot_create" time="1.293" /><testcase classname="tests.test_professional_licenses.TestRoleGating" name="test_staff_cannot_update_existing" time="2.194" /><testcase classname="tests.test_professional_licenses" name="test_licenses_are_user_scoped" time="3.324" /><testcase classname="tests.test_professional_licenses" name="test_unauthenticated_rejected" time="0.363" /><testcase classname="tests.test_professional_licenses" name="test_license_number_never_surfaces_in_audit_metadata" time="1.866" /><testcase classname="tests.test_profile_self_service.TestProfileSelfService" name="test_me_includes_profile_fields" time="0.490" /><testcase classname="tests.test_profile_self_service.TestProfileSelfService" name="test_patch_profile_persists_and_syncs_name" time="0.652" /><testcase classname="tests.test_profile_self_service.TestProfileSelfService" name="test_name_falls_back_to_first_last_when_display_cleared" time="0.611" /><testcase classname="tests.test_profile_self_service.TestProfileSelfService" name="test_empty_clears_field" time="0.615" /><testcase classname="tests.test_profile_self_service.TestProfileSelfService" name="test_patch_empty_payload_rejected" time="0.558" /><testcase classname="tests.test_profile_self_service.TestProfileSelfService" name="test_unauthenticated_patch_rejected" time="0.257" /><testcase classname="tests.test_profile_self_service.TestProfileSelfService" name="test_email_change_without_reauth_rejected" time="0.510" /><testcase classname="tests.test_profile_self_service.TestProfileSelfService" name="test_email_change_with_reauth_succeeds_and_rotates_session" time="1.978" /><testcase classname="tests.test_profile_self_service.TestProfileSelfService" name="test_email_collision_returns_409" time="1.106" /></testsuite></testsuites>