<?xml version="1.0" encoding="utf-8"?><testsuites name="pytest tests"><testsuite name="pytest" errors="0" failures="0" skipped="0" tests="3" time="2.327" timestamp="2026-05-04T18:49:21.780108+00:00" hostname="agent-env-80664a0b-9030-4c08-8ccf-fb08e78e385e"><testcase classname="tests.test_quick_submit.TestQuickSubmit" name="test_404_for_unknown_claim" time="0.550" /><testcase classname="tests.test_quick_submit.TestQuickSubmit" name="test_role_gate" time="0.475" /><testcase classname="tests.test_quick_submit.TestQuickSubmit" name="test_happy_path_via_scribe_send_to_claim" time="1.280" /></testsuite></testsuites>