<?xml version="1.0" encoding="utf-8"?><testsuites name="pytest tests"><testsuite name="pytest" errors="0" failures="0" skipped="1" tests="30" time="12.376" timestamp="2026-04-21T15:38:45.481782+00:00" hostname="agent-env-6c035615-c11a-4f81-b545-3c63b8324508"><testcase classname="tests.test_npi_validation.TestComputeCheckDigit" name="test_matches_published_examples[123456789-3]" time="0.251" /><testcase classname="tests.test_npi_validation.TestComputeCheckDigit" name="test_matches_published_examples[000000000-6]" time="0.123" /><testcase classname="tests.test_npi_validation.TestComputeCheckDigit" name="test_rejects_wrong_length" time="0.115" /><testcase classname="tests.test_npi_validation.TestComputeCheckDigit" name="test_rejects_non_digits" time="0.118" /><testcase classname="tests.test_npi_validation.TestIsValidNpi" name="test_known_valid_npis[1234567893]" time="0.129" /><testcase classname="tests.test_npi_validation.TestIsValidNpi" name="test_known_valid_npis[0000000006]" time="0.156" /><testcase classname="tests.test_npi_validation.TestIsValidNpi" name="test_known_valid_npis[1679576722]" time="0.133" /><testcase classname="tests.test_npi_validation.TestIsValidNpi" name="test_known_invalid_npis[]" time="0.119" /><testcase classname="tests.test_npi_validation.TestIsValidNpi" name="test_known_invalid_npis[1234567890]" time="0.108" /><testcase classname="tests.test_npi_validation.TestIsValidNpi" name="test_known_invalid_npis[1234567892]" time="0.144" /><testcase classname="tests.test_npi_validation.TestIsValidNpi" name="test_known_invalid_npis[123456789]" time="0.139" /><testcase classname="tests.test_npi_validation.TestIsValidNpi" name="test_known_invalid_npis[12345678934]" time="0.118" /><testcase classname="tests.test_npi_validation.TestIsValidNpi" name="test_known_invalid_npis[12345 7893]" time="0.103" /><testcase classname="tests.test_npi_validation.TestIsValidNpi" name="test_known_invalid_npis[123-456-789]" time="0.130" /><testcase classname="tests.test_npi_validation.TestIsValidNpi" name="test_known_invalid_npis[123456789A]" time="0.118" /><testcase classname="tests.test_npi_validation.TestIsValidNpi" name="test_known_invalid_npis[ 1234567893]" time="0.130"><skipped type="pytest.skip" message="covered by test_trims_whitespace">/app/backend/tests/test_npi_validation.py:92: covered by test_trims_whitespace</skipped></testcase><testcase classname="tests.test_npi_validation.TestIsValidNpi" name="test_trims_whitespace" time="0.131" /><testcase classname="tests.test_npi_validation.TestIsValidNpi" name="test_none_is_invalid" time="0.127" /><testcase classname="tests.test_npi_validation.TestValidateNpiOrRaise" name="test_happy_path_returns_trimmed" time="0.115" /><testcase classname="tests.test_npi_validation.TestValidateNpiOrRaise" name="test_empty_raises" time="0.141" /><testcase classname="tests.test_npi_validation.TestValidateNpiOrRaise" name="test_wrong_chars_specific_message" time="0.107" /><testcase classname="tests.test_npi_validation.TestValidateNpiOrRaise" name="test_wrong_length_specific_message" time="0.141" /><testcase classname="tests.test_npi_validation.TestValidateNpiOrRaise" name="test_checksum_mismatch_specific_message" time="0.117" /><testcase classname="tests.test_npi_validation.TestBackendNpiEnforcement" name="test_accepts_valid_npi" time="1.180" /><testcase classname="tests.test_npi_validation.TestBackendNpiEnforcement" name="test_rejects_luhn_failure" time="1.289" /><testcase classname="tests.test_npi_validation.TestBackendNpiEnforcement" name="test_rejects_non_numeric" time="1.177" /><testcase classname="tests.test_npi_validation.TestBackendNpiEnforcement" name="test_rejects_wrong_length" time="1.147" /><testcase classname="tests.test_npi_validation.TestBackendNpiEnforcement" name="test_trims_whitespace_server_side" time="1.166" /><testcase classname="tests.test_npi_validation.TestBackendNpiEnforcement" name="test_empty_string_clears_value" time="1.231" /><testcase classname="tests.test_npi_validation.TestNpiAudit" name="test_npi_write_is_audited" time="2.143" /></testsuite></testsuites>