<?xml version="1.0" encoding="utf-8"?><testsuites name="pytest tests"><testsuite name="pytest" errors="0" failures="0" skipped="0" tests="15" time="7.210" timestamp="2026-04-21T01:47:04.919830+00:00" hostname="agent-env-65a08368-ea66-49af-93aa-b9d2dbd964c5"><testcase classname="backend.tests.test_clinical_phase2" name="test_history_autoseeds_from_latest_completed_intake" time="1.035" /><testcase classname="backend.tests.test_clinical_phase2" name="test_history_empty_when_no_completed_intake" time="0.139" /><testcase classname="backend.tests.test_clinical_phase2" name="test_history_patch_marks_provider_edit" time="0.307" /><testcase classname="backend.tests.test_clinical_phase2" name="test_history_patch_exclude_unset" time="0.284" /><testcase classname="backend.tests.test_clinical_phase2" name="test_history_import_skips_provider_edited_fields" time="0.465" /><testcase classname="backend.tests.test_clinical_phase2" name="test_history_import_rejects_noncompleted_form" time="0.229" /><testcase classname="backend.tests.test_clinical_phase2" name="test_history_import_without_any_completed_form" time="0.212" /><testcase classname="backend.tests.test_clinical_phase2" name="test_history_tenant_isolation" time="1.066" /><testcase classname="backend.tests.test_clinical_phase2" name="test_history_patch_requires_reauth" time="0.702" /><testcase classname="backend.tests.test_clinical_phase2" name="test_diagnosis_full_lifecycle" time="0.520" /><testcase classname="backend.tests.test_clinical_phase2" name="test_primary_uniqueness_within_episode_group" time="0.411" /><testcase classname="backend.tests.test_clinical_phase2" name="test_invalid_episode_linkage_rejected" time="0.290" /><testcase classname="backend.tests.test_clinical_phase2" name="test_list_filters_and_tenant_isolation" time="0.395" /><testcase classname="backend.tests.test_clinical_phase2" name="test_patient_role_cannot_access_diagnoses" time="0.624" /><testcase classname="backend.tests.test_clinical_phase2" name="test_summary_reflects_history_present_and_dx_counts" time="0.452" /></testsuite></testsuites>