<?xml version="1.0" encoding="utf-8"?><testsuites name="pytest tests"><testsuite name="pytest" errors="0" failures="0" skipped="0" tests="8" time="3.939" timestamp="2026-05-04T12:57:16.242978+00:00" hostname="agent-env-0612e927-9b52-41b6-8150-d7d0215be77a"><testcase classname="backend.tests.test_integrations_wave3.TestEmailSettings" name="test_unconfigured_state_logs_only" time="0.482" /><testcase classname="backend.tests.test_integrations_wave3.TestEmailSettings" name="test_save_then_send_test_logs_when_disabled" time="0.537" /><testcase classname="backend.tests.test_integrations_wave3.TestEmailSettings" name="test_delete_credentials" time="0.541" /><testcase classname="backend.tests.test_integrations_wave3.TestGoogleAuth" name="test_availability_public" time="0.142" /><testcase classname="backend.tests.test_integrations_wave3.TestGoogleAuth" name="test_settings_round_trip" time="0.636" /><testcase classname="backend.tests.test_integrations_wave3.TestGoogleAuth" name="test_exchange_rejects_unknown_session" time="0.238" /><testcase classname="backend.tests.test_integrations_wave3.TestGoogleAuth" name="test_exchange_unit_blocks_disabled_tenant" time="0.769" /><testcase classname="backend.tests.test_integrations_wave3.TestSmsInbox" name="test_send_creates_thread_and_log" time="0.563" /></testsuite></testsuites>