<?xml version="1.0" encoding="utf-8"?><testsuites name="pytest tests"><testsuite name="pytest" errors="0" failures="0" skipped="0" tests="32" time="7.382" timestamp="2026-04-20T01:01:48.068328+00:00" hostname="agent-env-e9e0b22c-c7c0-463a-9839-8c9025625def"><testcase classname="backend.tests.test_iteration8_security_config.TestSecurityConfigRBAC" name="test_anon_is_401" time="0.171" /><testcase classname="backend.tests.test_iteration8_security_config.TestSecurityConfigRBAC" name="test_patient_is_403" time="0.408" /><testcase classname="backend.tests.test_iteration8_security_config.TestSecurityConfigRBAC" name="test_doctor_is_403" time="0.406" /><testcase classname="backend.tests.test_iteration8_security_config.TestSecurityConfigRBAC" name="test_staff_is_403" time="0.423" /><testcase classname="backend.tests.test_iteration8_security_config.TestSecurityConfigRBAC" name="test_admin_200_and_payload_shape" time="0.399" /><testcase classname="backend.tests.test_iteration8_security_config.TestSecurityConfigRBAC" name="test_no_full_secrets_in_response" time="0.056" /><testcase classname="backend.tests.test_iteration8_security_config.TestComplianceOverviewRegression" name="test_anon_401" time="0.173" /><testcase classname="backend.tests.test_iteration8_security_config.TestComplianceOverviewRegression" name="test_patient_403" time="0.060" /><testcase classname="backend.tests.test_iteration8_security_config.TestComplianceOverviewRegression" name="test_doctor_403" time="0.057" /><testcase classname="backend.tests.test_iteration8_security_config.TestComplianceOverviewRegression" name="test_admin_200" time="0.065" /><testcase classname="backend.tests.test_iteration8_security_config.TestDOBEncryption" name="test_create_unmask_get_and_dob_roundtrip" time="0.481" /><testcase classname="backend.tests.test_iteration8_security_config.TestDOBEncryption" name="test_raw_db_dob_is_ciphertext" time="0.750" /><testcase classname="backend.tests.test_iteration8_security_config.TestLegacyPlaintextPassthrough" name="test_decrypt_text_passes_plaintext_through" time="0.056" /><testcase classname="backend.tests.test_iteration8_security_config.TestEnsureRequiredFailFast" name="test_missing_dek_raises" time="0.078" /><testcase classname="backend.tests.test_iteration8_security_config.TestEnsureRequiredFailFast" name="test_all_present_does_not_raise" time="0.054" /><testcase classname="backend.tests.test_iteration11_security_headers" name="test_security_headers_on_health" time="0.135" /><testcase classname="backend.tests.test_iteration11_security_headers" name="test_security_headers_on_401_unauth_me" time="0.127" /><testcase classname="backend.tests.test_iteration11_security_headers" name="test_security_headers_on_authenticated_patients" time="0.406" /><testcase classname="backend.tests.test_iteration11_security_headers" name="test_security_headers_on_404" time="0.171" /><testcase classname="backend.tests.test_iteration11_security_headers" name="test_security_headers_on_post_login" time="0.113" /><testcase classname="backend.tests.test_iteration11_security_headers" name="test_transport_requires_auth" time="0.103" /><testcase classname="backend.tests.test_iteration11_security_headers" name="test_transport_forbids_non_admin" time="0.409" /><testcase classname="backend.tests.test_iteration11_security_headers" name="test_transport_admin_ok" time="0.053" /><testcase classname="backend.tests.test_iteration11_security_headers" name="test_regression_login_all_roles" time="1.568" /><testcase classname="backend.tests.test_iteration11_security_headers" name="test_regression_compliance_overview" time="0.066" /><testcase classname="backend.tests.test_iteration11_security_headers" name="test_regression_compliance_security_config" time="0.048" /><testcase classname="backend.tests.test_iteration11_security_headers" name="test_regression_compliance_monitoring_hooks" time="0.050" /><testcase classname="backend.tests.test_iteration11_security_headers" name="test_regression_patients_list_masked" time="0.088" /><testcase classname="backend.tests.test_iteration11_security_headers" name="test_regression_audit_logs" time="0.050" /><testcase classname="backend.tests.test_iteration11_security_headers" name="test_regression_privacy_requests" time="0.062" /><testcase classname="backend.tests.test_iteration11_security_headers" name="test_regression_appointments_list" time="0.067" /><testcase classname="backend.tests.test_iteration11_security_headers" name="test_regression_password_reset_request_dev_token" time="0.148" /></testsuite></testsuites>