<?xml version="1.0" encoding="utf-8"?><testsuites name="pytest tests"><testsuite name="pytest" errors="0" failures="0" skipped="0" tests="20" time="11.886" timestamp="2026-04-19T22:19:06.884473+00:00" hostname="agent-env-a98867fe-9b3c-42d0-8bea-669747b9787b"><testcase classname="backend.tests.test_iteration4.TestPatchUser" name="test_patch_role_invalidates_providers_cache" time="0.975" /><testcase classname="backend.tests.test_iteration4.TestPatchUser" name="test_patch_status_invalidates_providers_cache" time="0.628" /><testcase classname="backend.tests.test_iteration4.TestPatchUser" name="test_patch_audit_row_written" time="0.431" /><testcase classname="backend.tests.test_iteration4.TestPatchUser" name="test_non_admin_forbidden" time="0.675" /><testcase classname="backend.tests.test_iteration4.TestPatchUser" name="test_cannot_demote_self" time="0.141" /><testcase classname="backend.tests.test_iteration4.TestPatchUser" name="test_cannot_disable_self" time="0.143" /><testcase classname="backend.tests.test_iteration4.TestPatchUser" name="test_empty_body_returns_400" time="0.382" /><testcase classname="backend.tests.test_iteration4.TestPatchUser" name="test_unknown_user_returns_404" time="0.064" /><testcase classname="backend.tests.test_iteration4.TestPatchUser" name="test_extra_fields_return_422" time="0.358" /><testcase classname="backend.tests.test_iteration4.TestNotificationsCache" name="test_masked_populates_cache_second_is_hit" time="0.657" /><testcase classname="backend.tests.test_iteration4.TestNotificationsCache" name="test_booking_invalidates_notifications_prefix" time="1.107" /><testcase classname="backend.tests.test_iteration4.TestNotificationsCache" name="test_unmask_does_not_populate_cache" time="0.311" /><testcase classname="backend.tests.test_iteration4.TestConnectionInfo" name="test_admin_shape" time="0.071" /><testcase classname="backend.tests.test_iteration4.TestConnectionInfo" name="test_non_admin_forbidden" time="0.049" /><testcase classname="backend.tests.test_iteration4.TestMetrics" name="test_unauth_ok_content_type" time="0.140" /><testcase classname="backend.tests.test_iteration4.TestMetrics" name="test_required_metric_names" time="0.144" /><testcase classname="backend.tests.test_iteration4.TestMetrics" name="test_traffic_increases_counters" time="0.794" /><testcase classname="backend.tests.test_iteration4.TestMetrics" name="test_histogram_has_positive_buckets" time="0.321" /><testcase classname="backend.tests.test_iteration4.TestMetrics" name="test_path_prefix_does_not_explode_with_ids" time="0.248" /><testcase classname="backend.tests.test_iteration4.TestMetrics" name="test_redis_up_gauge_flips_when_stopped" time="4.148" /></testsuite></testsuites>