<?xml version="1.0" encoding="utf-8"?><testsuites name="pytest tests"><testsuite name="pytest" errors="0" failures="0" skipped="0" tests="14" time="13.142" timestamp="2026-04-21T04:09:41.825087+00:00" hostname="agent-env-7f6e3a88-8cdc-4a0f-839c-360f25090c99"><testcase classname="backend.tests.test_clinical_phase6" name="test_create_treatment_plan_and_progress" time="1.087" /><testcase classname="backend.tests.test_clinical_phase6" name="test_one_active_plan_per_episode_guard" time="0.377" /><testcase classname="backend.tests.test_clinical_phase6" name="test_plan_patch_and_status_transitions" time="0.357" /><testcase classname="backend.tests.test_clinical_phase6" name="test_plan_diagnosis_linkage_validation" time="0.363" /><testcase classname="backend.tests.test_clinical_phase6" name="test_plan_visit_progress_from_signed_notes" time="0.613" /><testcase classname="backend.tests.test_clinical_phase6" name="test_follow_up_note_exposes_active_plan_summary" time="0.645" /><testcase classname="backend.tests.test_clinical_phase6" name="test_reexam_create_auto_links_and_snapshots" time="1.157" /><testcase classname="backend.tests.test_clinical_phase6" name="test_reexam_cancelled_encounter_rejected" time="1.000" /><testcase classname="backend.tests.test_clinical_phase6" name="test_reexam_patch_goal_progress_and_outcomes" time="1.081" /><testcase classname="backend.tests.test_clinical_phase6" name="test_reexam_sign_emits_modify_plan_audit_without_mutation" time="1.318" /><testcase classname="backend.tests.test_clinical_phase6" name="test_reexam_sign_materializes_new_diagnoses" time="1.289" /><testcase classname="backend.tests.test_clinical_phase6" name="test_reexam_narrative_includes_comparison_and_recommendation" time="1.280" /><testcase classname="backend.tests.test_clinical_phase6" name="test_care_timeline_includes_plan_and_reexam" time="1.124" /><testcase classname="backend.tests.test_clinical_phase6" name="test_tenant_isolation_and_reauth_plan" time="1.382" /></testsuite></testsuites>