<?xml version="1.0" encoding="utf-8"?><testsuites name="pytest tests"><testsuite name="pytest" errors="0" failures="0" skipped="1" tests="15" time="8.363" timestamp="2026-05-03T00:28:37.819668+00:00" hostname="agent-env-0612e927-9b52-41b6-8150-d7d0215be77a"><testcase classname="backend.tests.test_patient_intake_bundle.TestSmsSettings" name="test_settings_not_configured_by_default" time="0.462" /><testcase classname="backend.tests.test_patient_intake_bundle.TestSmsSettings" name="test_send_test_falls_back_to_log_only" time="0.464" /><testcase classname="backend.tests.test_patient_intake_bundle.TestSmsSettings" name="test_staff_send_logs_when_not_configured" time="0.457" /><testcase classname="backend.tests.test_patient_intake_bundle.TestPortalOtp" name="test_request_and_verify_happy_path" time="0.916" /><testcase classname="backend.tests.test_patient_intake_bundle.TestPortalOtp" name="test_bad_code_is_rejected" time="0.515" /><testcase classname="backend.tests.test_patient_intake_bundle.TestPortalOtp" name="test_unknown_phone_never_leaks_existence" time="0.116" /><testcase classname="backend.tests.test_patient_intake_bundle.TestBookingRequests" name="test_portal_create_and_staff_approve" time="1.141" /><testcase classname="backend.tests.test_patient_intake_bundle.TestBookingRequests" name="test_staff_decline" time="1.085" /><testcase classname="backend.tests.test_patient_intake_bundle.TestQuestionnaires" name="test_templates_catalog" time="0.509" /><testcase classname="backend.tests.test_patient_intake_bundle.TestQuestionnaires" name="test_template_detail_contains_items" time="0.406" /><testcase classname="backend.tests.test_patient_intake_bundle.TestQuestionnaires" name="test_assign_and_patient_submit_creates_outcome" time="0.987" /><testcase classname="backend.tests.test_patient_intake_bundle.TestQuestionnaires" name="test_odi_scoring_math" time="0.004" /><testcase classname="backend.tests.test_patient_intake_bundle.TestKiosk" name="test_unknown_patient_returns_404" time="0.127" /><testcase classname="backend.tests.test_patient_intake_bundle.TestKiosk" name="test_patient_without_today_appt_returns_404" time="0.521" /><testcase classname="backend.tests.test_patient_intake_bundle.TestPortalCheckin" name="test_checkin_rejects_other_days" time="0.621"><skipped type="pytest.skip" message="Scheduling API rejected: {&quot;detail&quot;:[{&quot;type&quot;:&quot;missing&quot;,&quot;loc&quot;:[&quot;body&quot;,&quot;provider_id&quot;],&quot;msg&quot;:&quot;Field required&quot;,&quot;input&quot;:{&quot;patient_id&quot;:&quot;fce26be1-e23a-4617-8f7b-a7302b0d8c29&quot;,&quot;start_time&quot;:&quot;2026-05-04T00:28:45.998832+00:00&quot;,&quot;end_time&quot;:&quot;2026-05-04T00:58:45.998832+00:00&quot;},&quot;url&quot;:&quot;https://errors.pydantic.dev/2.12/v/missing&quot;}]}">/app/backend/tests/test_patient_intake_bundle.py:348: Scheduling API rejected: {"detail":[{"type":"missing","loc":["body","provider_id"],"msg":"Field required","input":{"patient_id":"fce26be1-e23a-4617-8f7b-a7302b0d8c29","start_time":"2026-05-04T00:28:45.998832+00:00","end_time":"2026-05-04T00:58:45.998832+00:00"},"url":"https://errors.pydantic.dev/2.12/v/missing"}]}</skipped></testcase></testsuite></testsuites>