<?xml version="1.0" encoding="utf-8"?><testsuites name="pytest tests"><testsuite name="pytest" errors="0" failures="0" skipped="0" tests="82" time="133.736" timestamp="2026-04-21T14:48:10.473265+00:00" hostname="agent-env-6c035615-c11a-4f81-b545-3c63b8324508"><testcase classname="tests.test_password_change_hardening.TestHappyPath" name="test_change_succeeds_and_reports_revocation" time="2.783" /><testcase classname="tests.test_password_change_hardening.TestHappyPath" name="test_other_session_is_invalidated" time="2.508" /><testcase classname="tests.test_password_change_hardening.TestFailurePaths" name="test_wrong_current_password_returns_401" time="1.396" /><testcase classname="tests.test_password_change_hardening.TestFailurePaths" name="test_same_as_current_is_rejected" time="1.387" /><testcase classname="tests.test_password_change_hardening.TestFailurePaths" name="test_policy_rejections" time="2.275" /><testcase classname="tests.test_password_change_hardening.TestFailurePaths" name="test_min_length_enforced_at_schema_layer" time="1.146" /><testcase classname="tests.test_password_change_hardening.TestFailurePaths" name="test_history_reuse_rejected" time="3.973" /><testcase classname="tests.test_password_change_hardening.TestFailureRateLimit" name="test_five_failures_then_429" time="2.601" /><testcase classname="tests.test_password_change_hardening.TestAuditTrail" name="test_success_writes_audit_row" time="2.525" /><testcase classname="tests.test_password_change_hardening.TestAuditTrail" name="test_failure_writes_audit_row" time="2.116" /><testcase classname="tests.test_password_change_hardening" name="test_unauthenticated_returns_401" time="0.233" /><testcase classname="tests.test_professional_licenses.TestNpiOnProfile" name="test_profile_initially_has_no_npi" time="1.120" /><testcase classname="tests.test_professional_licenses.TestNpiOnProfile" name="test_set_valid_npi" time="1.218" /><testcase classname="tests.test_professional_licenses.TestNpiOnProfile" name="test_reject_non_digit_npi" time="1.162" /><testcase classname="tests.test_professional_licenses.TestNpiOnProfile" name="test_reject_short_npi" time="1.105" /><testcase classname="tests.test_professional_licenses.TestNpiOnProfile" name="test_empty_string_clears_npi" time="1.341" /><testcase classname="tests.test_professional_licenses.TestLicenseCrud" name="test_list_is_empty_initially" time="1.150" /><testcase classname="tests.test_professional_licenses.TestLicenseCrud" name="test_create_happy_path_and_read_back" time="1.227" /><testcase classname="tests.test_professional_licenses.TestLicenseCrud" name="test_update_partial" time="1.249" /><testcase classname="tests.test_professional_licenses.TestLicenseCrud" name="test_delete" time="1.285" /><testcase classname="tests.test_professional_licenses.TestLicenseCrud" name="test_duplicate_returns_409" time="1.237" /><testcase classname="tests.test_professional_licenses.TestLicenseCrud" name="test_update_missing_license_404" time="1.133" /><testcase classname="tests.test_professional_licenses.TestLicenseCrud" name="test_delete_missing_license_404" time="1.178" /><testcase classname="tests.test_professional_licenses.TestValidation" name="test_bad_state_length" time="1.123" /><testcase classname="tests.test_professional_licenses.TestValidation" name="test_bad_state_non_alpha" time="1.108" /><testcase classname="tests.test_professional_licenses.TestValidation" name="test_bad_expiration_format" time="1.233" /><testcase classname="tests.test_professional_licenses.TestValidation" name="test_bad_license_type" time="1.123" /><testcase classname="tests.test_professional_licenses.TestRoleGating" name="test_staff_can_read_empty_list" time="1.132" /><testcase classname="tests.test_professional_licenses.TestRoleGating" name="test_staff_cannot_create" time="1.121" /><testcase classname="tests.test_professional_licenses.TestRoleGating" name="test_staff_cannot_update_existing" time="2.154" /><testcase classname="tests.test_professional_licenses" name="test_licenses_are_user_scoped" time="2.306" /><testcase classname="tests.test_professional_licenses" name="test_unauthenticated_rejected" time="0.411" /><testcase classname="tests.test_professional_licenses" name="test_license_number_never_surfaces_in_audit_metadata" time="1.866" /><testcase classname="tests.test_pin_security.TestStatusAndCreate" name="test_default_status_not_configured" time="1.119" /><testcase classname="tests.test_pin_security.TestStatusAndCreate" name="test_auth_me_exposes_pin_configured" time="1.190" /><testcase classname="tests.test_pin_security.TestStatusAndCreate" name="test_create_pin_happy_path" time="1.785" /><testcase classname="tests.test_pin_security.TestStatusAndCreate" name="test_create_rejects_non_digit" time="1.132" /><testcase classname="tests.test_pin_security.TestStatusAndCreate" name="test_create_rejects_wrong_length" time="1.127" /><testcase classname="tests.test_pin_security.TestStatusAndCreate" name="test_create_rejects_wrong_password" time="1.376" /><testcase classname="tests.test_pin_security.TestStatusAndCreate" name="test_create_twice_returns_409" time="1.672" /><testcase classname="tests.test_pin_security.TestChange" name="test_change_happy_path" time="2.883" /><testcase classname="tests.test_pin_security.TestChange" name="test_change_wrong_password" time="1.899" /><testcase classname="tests.test_pin_security.TestChange" name="test_change_wrong_current_pin" time="2.142" /><testcase classname="tests.test_pin_security.TestChange" name="test_change_same_as_current_rejected" time="2.223" /><testcase classname="tests.test_pin_security.TestChange" name="test_change_when_none_configured_returns_404" time="1.217" /><testcase classname="tests.test_pin_security.TestReset" name="test_reset_without_reauth_rejected" time="1.680" /><testcase classname="tests.test_pin_security.TestReset" name="test_reset_with_reauth_succeeds" time="2.696" /><testcase classname="tests.test_pin_security.TestReset" name="test_reset_when_not_configured_creates_new_pin" time="1.664" /><testcase classname="tests.test_pin_security.TestVerifyAndLockout" name="test_verify_happy_path" time="1.877" /><testcase classname="tests.test_pin_security.TestVerifyAndLockout" name="test_verify_wrong_pin_increments_counter" time="2.466" /><testcase classname="tests.test_pin_security.TestVerifyAndLockout" name="test_five_wrong_locks_pin" time="3.106" /><testcase classname="tests.test_pin_security.TestVerifyAndLockout" name="test_successful_verify_clears_counter" time="2.686" /><testcase classname="tests.test_pin_security.TestVerifyAndLockout" name="test_reset_clears_lockout" time="3.637" /><testcase classname="tests.test_pin_security.TestRemove" name="test_remove_happy_path" time="1.994" /><testcase classname="tests.test_pin_security.TestRemove" name="test_remove_wrong_password" time="1.880" /><testcase classname="tests.test_pin_security.TestRemove" name="test_remove_when_not_configured_returns_404" time="1.128" /><testcase classname="tests.test_pin_security" name="test_pin_never_echoed_in_responses" time="3.595" /><testcase classname="tests.test_pin_security" name="test_pin_endpoints_require_auth" time="0.831" /><testcase classname="tests.test_reauth_pin_step_up.TestPasswordPath" name="test_happy_path_password" time="1.350" /><testcase classname="tests.test_reauth_pin_step_up.TestPasswordPath" name="test_wrong_password" time="1.375" /><testcase classname="tests.test_reauth_pin_step_up.TestPinPath" name="test_happy_path_pin" time="1.826" /><testcase classname="tests.test_reauth_pin_step_up.TestPinPath" name="test_pin_without_configured_returns_400" time="1.151" /><testcase classname="tests.test_reauth_pin_step_up.TestPinPath" name="test_wrong_pin_increments_counter" time="2.478" /><testcase classname="tests.test_reauth_pin_step_up.TestPinPath" name="test_five_wrong_locks_and_correct_pin_423" time="3.332" /><testcase classname="tests.test_reauth_pin_step_up.TestPinPath" name="test_successful_pin_resets_counter" time="2.548" /><testcase classname="tests.test_reauth_pin_step_up" name="test_pin_failures_are_shared_with_verify_endpoint" time="3.011" /><testcase classname="tests.test_reauth_pin_step_up.TestPayloadValidation" name="test_both_factors_rejected" time="1.167" /><testcase classname="tests.test_reauth_pin_step_up.TestPayloadValidation" name="test_neither_factor_rejected" time="1.153" /><testcase classname="tests.test_reauth_pin_step_up.TestPayloadValidation" name="test_pin_wrong_shape_rejected" time="1.286" /><testcase classname="tests.test_reauth_pin_step_up" name="test_reason_is_recorded_in_audit_metadata" time="2.084" /><testcase classname="tests.test_reauth_pin_step_up" name="test_pin_reauth_token_unlocks_pin_reset" time="2.192" /><testcase classname="tests.test_reauth_pin_step_up" name="test_unauthenticated_rejected" time="0.230" /><testcase classname="tests.test_reauth_pin_step_up" name="test_delete_pin_rejects_pin_only_payload" time="1.904" /><testcase classname="tests.test_profile_self_service.TestProfileSelfService" name="test_me_includes_profile_fields" time="0.502" /><testcase classname="tests.test_profile_self_service.TestProfileSelfService" name="test_patch_profile_persists_and_syncs_name" time="0.602" /><testcase classname="tests.test_profile_self_service.TestProfileSelfService" name="test_name_falls_back_to_first_last_when_display_cleared" time="0.587" /><testcase classname="tests.test_profile_self_service.TestProfileSelfService" name="test_empty_clears_field" time="0.564" /><testcase classname="tests.test_profile_self_service.TestProfileSelfService" name="test_patch_empty_payload_rejected" time="0.503" /><testcase classname="tests.test_profile_self_service.TestProfileSelfService" name="test_unauthenticated_patch_rejected" time="0.258" /><testcase classname="tests.test_profile_self_service.TestProfileSelfService" name="test_email_change_without_reauth_rejected" time="0.521" /><testcase classname="tests.test_profile_self_service.TestProfileSelfService" name="test_email_change_with_reauth_succeeds_and_rotates_session" time="1.965" /><testcase classname="tests.test_profile_self_service.TestProfileSelfService" name="test_email_collision_returns_409" time="1.129" /></testsuite></testsuites>