<?xml version="1.0" encoding="utf-8"?><testsuites name="pytest tests"><testsuite name="pytest" errors="0" failures="0" skipped="1" tests="19" time="27.612" timestamp="2026-05-04T15:38:24.134303+00:00" hostname="agent-env-75799395-da16-4b76-af01-86fa2a493a57"><testcase classname="tests.test_ai_context_documentation.TestAISettings" name="test_default_values_when_unconfigured" time="0.457" /><testcase classname="tests.test_ai_context_documentation.TestAISettings" name="test_round_trip" time="0.410" /><testcase classname="tests.test_ai_context_documentation.TestContextLoader" name="test_context_hash_is_stable" time="0.697" /><testcase classname="tests.test_ai_context_documentation.TestContextLoader" name="test_exclude_note_produces_different_hash" time="0.482"><skipped type="pytest.skip" message="Patient has no notes to exclude">/app/backend/tests/test_ai_context_documentation.py:104: Patient has no notes to exclude</skipped></testcase><testcase classname="tests.test_ai_context_documentation.TestCache" name="test_upsert_and_invalidate" time="0.427" /><testcase classname="tests.test_ai_context_documentation.TestRoutersStubbed" name="test_chart_brief_round_trip_via_http" time="11.958" /><testcase classname="tests.test_ai_context_documentation.TestRoutersStubbed" name="test_cache_hit_on_second_call" time="0.591" /><testcase classname="tests.test_ai_context_documentation.TestRoutersStubbed" name="test_encounter_scoped_routes_404_for_unknown_note" time="0.479" /><testcase classname="tests.test_ai_context_documentation.TestRoutersStubbed" name="test_encounter_scoped_routes_200_for_real_signed_note" time="0.519" /><testcase classname="tests.test_ai_context_documentation.TestRoutersStubbed" name="test_draft_sections_404_unknown_note" time="0.443" /><testcase classname="tests.test_ai_context_documentation.TestPromptParser" name="test_parse_json_with_markdown_fence" time="0.005" /><testcase classname="tests.test_ai_context_documentation.TestPromptParser" name="test_parse_json_with_bare_object" time="0.004" /><testcase classname="tests.test_ai_context_documentation.TestPromptParser" name="test_parse_json_returns_none_on_garbage" time="0.005" /><testcase classname="tests.test_ai_context_documentation.TestUsageAudit" name="test_usage_row_exists_after_generation" time="0.035" /><testcase classname="tests.test_portal_visit_brief.TestVisitBriefAuth" name="test_admin_role_rejected" time="0.451" /><testcase classname="tests.test_portal_visit_brief.TestVisitBriefAuth" name="test_unauthenticated_rejected" time="0.133" /><testcase classname="tests.test_portal_visit_brief.TestVisitBriefHappyPath" name="test_brief_shape_and_caching" time="0.631" /><testcase classname="tests.test_portal_visit_brief.TestVisitBriefHappyPath" name="test_regenerate_breaks_cache" time="8.324" /><testcase classname="tests.test_portal_visit_brief.TestVisitBriefPHIHygiene" name="test_brief_text_strips_clinical_codes" time="1.521" /></testsuite></testsuites>