<?xml version="1.0" encoding="utf-8"?><testsuites name="pytest tests"><testsuite name="pytest" errors="0" failures="0" skipped="1" tests="126" time="147.605" timestamp="2026-04-21T16:37:25.620702+00:00" hostname="agent-env-6c035615-c11a-4f81-b545-3c63b8324508"><testcase classname="tests.test_profile_self_service.TestProfileSelfService" name="test_me_includes_profile_fields" time="0.578" /><testcase classname="tests.test_profile_self_service.TestProfileSelfService" name="test_patch_profile_persists_and_syncs_name" time="0.573" /><testcase classname="tests.test_profile_self_service.TestProfileSelfService" name="test_name_falls_back_to_first_last_when_display_cleared" time="0.568" /><testcase classname="tests.test_profile_self_service.TestProfileSelfService" name="test_empty_clears_field" time="0.642" /><testcase classname="tests.test_profile_self_service.TestProfileSelfService" name="test_patch_empty_payload_rejected" time="0.661" /><testcase classname="tests.test_profile_self_service.TestProfileSelfService" name="test_unauthenticated_patch_rejected" time="0.245" /><testcase classname="tests.test_profile_self_service.TestProfileSelfService" name="test_email_change_without_reauth_rejected" time="0.543" /><testcase classname="tests.test_profile_self_service.TestProfileSelfService" name="test_email_change_with_reauth_succeeds_and_rotates_session" time="1.993" /><testcase classname="tests.test_profile_self_service.TestProfileSelfService" name="test_email_collision_returns_409" time="1.226" /><testcase classname="tests.test_clinic_profile" name="test_clinic_profile_crud_happy_path" time="0.725" /><testcase classname="tests.test_clinic_profile" name="test_bad_hours_rejected" time="0.709" /><testcase classname="tests.test_clinic_profile" name="test_conflict_when_profile_already_exists" time="0.637" /><testcase classname="tests.test_clinic_profile" name="test_doctor_and_staff_read_but_not_write" time="1.177" /><testcase classname="tests.test_clinic_profile" name="test_tenant_isolation" time="0.894" /><testcase classname="tests.test_clinic_profile" name="test_mutations_emit_audit_rows" time="0.914" /><testcase classname="tests.test_professional_licenses.TestNpiOnProfile" name="test_profile_initially_has_no_npi" time="1.130" /><testcase classname="tests.test_professional_licenses.TestNpiOnProfile" name="test_set_valid_npi" time="1.222" /><testcase classname="tests.test_professional_licenses.TestNpiOnProfile" name="test_reject_non_digit_npi" time="1.181" /><testcase classname="tests.test_professional_licenses.TestNpiOnProfile" name="test_reject_short_npi" time="1.329" /><testcase classname="tests.test_professional_licenses.TestNpiOnProfile" name="test_empty_string_clears_npi" time="1.219" /><testcase classname="tests.test_professional_licenses.TestLicenseCrud" name="test_list_is_empty_initially" time="1.189" /><testcase classname="tests.test_professional_licenses.TestLicenseCrud" name="test_create_happy_path_and_read_back" time="1.350" /><testcase classname="tests.test_professional_licenses.TestLicenseCrud" name="test_update_partial" time="1.328" /><testcase classname="tests.test_professional_licenses.TestLicenseCrud" name="test_delete" time="1.312" /><testcase classname="tests.test_professional_licenses.TestLicenseCrud" name="test_duplicate_returns_409" time="1.222" /><testcase classname="tests.test_professional_licenses.TestLicenseCrud" name="test_update_missing_license_404" time="1.217" /><testcase classname="tests.test_professional_licenses.TestLicenseCrud" name="test_delete_missing_license_404" time="1.225" /><testcase classname="tests.test_professional_licenses.TestValidation" name="test_bad_state_length" time="1.143" /><testcase classname="tests.test_professional_licenses.TestValidation" name="test_bad_state_non_alpha" time="1.153" /><testcase classname="tests.test_professional_licenses.TestValidation" name="test_bad_expiration_format" time="1.173" /><testcase classname="tests.test_professional_licenses.TestValidation" name="test_bad_license_type" time="1.240" /><testcase classname="tests.test_professional_licenses.TestRoleGating" name="test_staff_can_read_empty_list" time="1.158" /><testcase classname="tests.test_professional_licenses.TestRoleGating" name="test_staff_cannot_create" time="1.151" /><testcase classname="tests.test_professional_licenses.TestRoleGating" name="test_staff_cannot_update_existing" time="2.648" /><testcase classname="tests.test_professional_licenses" name="test_licenses_are_user_scoped" time="2.470" /><testcase classname="tests.test_professional_licenses" name="test_unauthenticated_rejected" time="0.362" /><testcase classname="tests.test_professional_licenses" name="test_license_number_never_surfaces_in_audit_metadata" time="1.901" /><testcase classname="tests.test_npi_validation.TestComputeCheckDigit" name="test_matches_published_examples[123456789-3]" time="0.172" /><testcase classname="tests.test_npi_validation.TestComputeCheckDigit" name="test_matches_published_examples[000000000-6]" time="0.107" /><testcase classname="tests.test_npi_validation.TestComputeCheckDigit" name="test_rejects_wrong_length" time="0.118" /><testcase classname="tests.test_npi_validation.TestComputeCheckDigit" name="test_rejects_non_digits" time="0.133" /><testcase classname="tests.test_npi_validation.TestIsValidNpi" name="test_known_valid_npis[1234567893]" time="0.115" /><testcase classname="tests.test_npi_validation.TestIsValidNpi" name="test_known_valid_npis[0000000006]" time="0.140" /><testcase classname="tests.test_npi_validation.TestIsValidNpi" name="test_known_valid_npis[1679576722]" time="0.136" /><testcase classname="tests.test_npi_validation.TestIsValidNpi" name="test_known_invalid_npis[]" time="0.106" /><testcase classname="tests.test_npi_validation.TestIsValidNpi" name="test_known_invalid_npis[1234567890]" time="0.131" /><testcase classname="tests.test_npi_validation.TestIsValidNpi" name="test_known_invalid_npis[1234567892]" time="0.111" /><testcase classname="tests.test_npi_validation.TestIsValidNpi" name="test_known_invalid_npis[123456789]" time="0.115" /><testcase classname="tests.test_npi_validation.TestIsValidNpi" name="test_known_invalid_npis[12345678934]" time="0.155" /><testcase classname="tests.test_npi_validation.TestIsValidNpi" name="test_known_invalid_npis[12345 7893]" time="0.114" /><testcase classname="tests.test_npi_validation.TestIsValidNpi" name="test_known_invalid_npis[123-456-789]" time="0.130" /><testcase classname="tests.test_npi_validation.TestIsValidNpi" name="test_known_invalid_npis[123456789A]" time="0.126" /><testcase classname="tests.test_npi_validation.TestIsValidNpi" name="test_known_invalid_npis[ 1234567893]" time="0.130"><skipped type="pytest.skip" message="covered by test_trims_whitespace">/app/backend/tests/test_npi_validation.py:92: covered by test_trims_whitespace</skipped></testcase><testcase classname="tests.test_npi_validation.TestIsValidNpi" name="test_trims_whitespace" time="0.112" /><testcase classname="tests.test_npi_validation.TestIsValidNpi" name="test_none_is_invalid" time="0.122" /><testcase classname="tests.test_npi_validation.TestValidateNpiOrRaise" name="test_happy_path_returns_trimmed" time="0.114" /><testcase classname="tests.test_npi_validation.TestValidateNpiOrRaise" name="test_empty_raises" time="0.144" /><testcase classname="tests.test_npi_validation.TestValidateNpiOrRaise" name="test_wrong_chars_specific_message" time="0.118" /><testcase classname="tests.test_npi_validation.TestValidateNpiOrRaise" name="test_wrong_length_specific_message" time="0.142" /><testcase classname="tests.test_npi_validation.TestValidateNpiOrRaise" name="test_checksum_mismatch_specific_message" time="0.119" /><testcase classname="tests.test_npi_validation.TestBackendNpiEnforcement" name="test_accepts_valid_npi" time="1.216" /><testcase classname="tests.test_npi_validation.TestBackendNpiEnforcement" name="test_rejects_luhn_failure" time="1.159" /><testcase classname="tests.test_npi_validation.TestBackendNpiEnforcement" name="test_rejects_non_numeric" time="1.256" /><testcase classname="tests.test_npi_validation.TestBackendNpiEnforcement" name="test_rejects_wrong_length" time="1.175" /><testcase classname="tests.test_npi_validation.TestBackendNpiEnforcement" name="test_trims_whitespace_server_side" time="1.157" /><testcase classname="tests.test_npi_validation.TestBackendNpiEnforcement" name="test_empty_string_clears_value" time="1.318" /><testcase classname="tests.test_npi_validation.TestNpiAudit" name="test_npi_write_is_audited" time="1.910" /><testcase classname="tests.test_dea_validation.TestComputeDeaCheckDigit" name="test_cms_example" time="0.104" /><testcase classname="tests.test_dea_validation.TestComputeDeaCheckDigit" name="test_zero_body" time="0.124" /><testcase classname="tests.test_dea_validation.TestComputeDeaCheckDigit" name="test_rejects_wrong_length" time="0.110" /><testcase classname="tests.test_dea_validation.TestComputeDeaCheckDigit" name="test_rejects_non_digit" time="0.112" /><testcase classname="tests.test_dea_validation.TestIsValidDea" name="test_known_valid[AB1234563]" time="0.113" /><testcase classname="tests.test_dea_validation.TestIsValidDea" name="test_known_valid[AB9876547]" time="0.122" /><testcase classname="tests.test_dea_validation.TestIsValidDea" name="test_known_valid[BM9999991]" time="0.125" /><testcase classname="tests.test_dea_validation.TestIsValidDea" name="test_known_valid[CF1000001]" time="0.135" /><testcase classname="tests.test_dea_validation.TestIsValidDea" name="test_wrong_checksum[AB1234567]" time="0.111" /><testcase classname="tests.test_dea_validation.TestIsValidDea" name="test_wrong_checksum[AB1234560]" time="0.147" /><testcase classname="tests.test_dea_validation.TestIsValidDea" name="test_invalid_registrant_letter[IB1234563]" time="0.115" /><testcase classname="tests.test_dea_validation.TestIsValidDea" name="test_invalid_registrant_letter[NA1234563]" time="0.130" /><testcase classname="tests.test_dea_validation.TestIsValidDea" name="test_invalid_registrant_letter[QA1234563]" time="0.136" /><testcase classname="tests.test_dea_validation.TestIsValidDea" name="test_lowercase_is_normalised" time="0.118" /><testcase classname="tests.test_dea_validation.TestIsValidDea" name="test_mixed_case_is_normalised" time="0.114" /><testcase classname="tests.test_dea_validation.TestIsValidDea" name="test_surrounding_whitespace_is_trimmed" time="0.115" /><testcase classname="tests.test_dea_validation.TestIsValidDea" name="test_structurally_garbage[]" time="0.113" /><testcase classname="tests.test_dea_validation.TestIsValidDea" name="test_structurally_garbage[None]" time="0.116" /><testcase classname="tests.test_dea_validation.TestIsValidDea" name="test_structurally_garbage[A1234563]" time="0.111" /><testcase classname="tests.test_dea_validation.TestIsValidDea" name="test_structurally_garbage[AB12345631]" time="0.130" /><testcase classname="tests.test_dea_validation.TestIsValidDea" name="test_structurally_garbage[AB-1234563]" time="0.116" /><testcase classname="tests.test_dea_validation.TestIsValidDea" name="test_structurally_garbage[AB 1234563]" time="0.119" /><testcase classname="tests.test_dea_validation.TestIsValidDea" name="test_structurally_garbage[AB123456X]" time="0.120" /><testcase classname="tests.test_dea_validation.TestIsValidDea" name="test_structurally_garbage[3B1234563]" time="0.101" /><testcase classname="tests.test_dea_validation.TestIsValidDea" name="test_structurally_garbage[A$1234563]" time="0.122" /><testcase classname="tests.test_dea_validation.TestValidateDeaOrRaise" name="test_happy_path_returns_normalised" time="0.131" /><testcase classname="tests.test_dea_validation.TestValidateDeaOrRaise" name="test_empty_raises" time="0.115" /><testcase classname="tests.test_dea_validation.TestValidateDeaOrRaise" name="test_length_mismatch_message" time="0.136" /><testcase classname="tests.test_dea_validation.TestValidateDeaOrRaise" name="test_leading_digit_message" time="0.123" /><testcase classname="tests.test_dea_validation.TestValidateDeaOrRaise" name="test_invalid_registrant_message" time="0.127" /><testcase classname="tests.test_dea_validation.TestValidateDeaOrRaise" name="test_non_digit_body_message" time="0.130" /><testcase classname="tests.test_dea_validation.TestValidateDeaOrRaise" name="test_checksum_mismatch_message" time="0.126" /><testcase classname="tests.test_dea_validation.TestMatchesLastNameInitial" name="test_match" time="0.132" /><testcase classname="tests.test_dea_validation.TestMatchesLastNameInitial" name="test_mismatch" time="0.117" /><testcase classname="tests.test_dea_validation.TestMatchesLastNameInitial" name="test_empty_inputs_are_false" time="0.139" /><testcase classname="tests.test_dea_validation" name="test_registrant_code_set_is_expected" time="0.099" /><testcase classname="tests.test_dea_validation.TestBackendDeaEnforcement" name="test_accepts_valid_dea" time="1.147" /><testcase classname="tests.test_dea_validation.TestBackendDeaEnforcement" name="test_accepts_lowercase_and_normalises_upper" time="11.235" /><testcase classname="tests.test_dea_validation.TestBackendDeaEnforcement" name="test_rejects_checksum_failure" time="12.388" /><testcase classname="tests.test_dea_validation.TestBackendDeaEnforcement" name="test_rejects_invalid_registrant" time="4.277" /><testcase classname="tests.test_dea_validation.TestBackendDeaEnforcement" name="test_rejects_wrong_length" time="21.215" /><testcase classname="tests.test_dea_validation.TestBackendDeaEnforcement" name="test_rejects_non_alphanumeric" time="1.238" /><testcase classname="tests.test_dea_validation.TestBackendDeaEnforcement" name="test_empty_string_clears_value" time="1.360" /><testcase classname="tests.test_dea_validation.TestBackendDeaEnforcement" name="test_optional_expiry_accepted" time="1.168" /><testcase classname="tests.test_dea_validation.TestBackendDeaEnforcement" name="test_bad_expiry_format_rejected" time="1.168" /><testcase classname="tests.test_dea_validation.TestDeaAudit" name="test_dea_write_is_audited" time="1.986" /><testcase classname="tests.test_dea_validation.TestDeaAudit" name="test_dea_clear_is_audited" time="2.147" /><testcase classname="tests.test_security_hardening.TestPinCreateLockout" name="test_five_wrong_passwords_then_429" time="2.812" /><testcase classname="tests.test_security_hardening.TestPinChangeLockout" name="test_mixed_failures_trigger_429" time="3.525" /><testcase classname="tests.test_security_hardening.TestPinRemoveLockout" name="test_five_wrong_passwords_then_429" time="3.178" /><testcase classname="tests.test_security_hardening.TestReauthPasswordLockout" name="test_five_wrong_passwords_then_429" time="2.641" /><testcase classname="tests.test_security_hardening.TestProfileEmailChangeThrottle" name="test_benign_patches_are_not_throttled" time="5.684" /><testcase classname="tests.test_security_hardening.TestProfileEmailChangeThrottle" name="test_email_change_without_reauth_returns_401_not_429" time="1.230" /><testcase classname="tests.test_security_hardening.TestMfaDisableAudit" name="test_wrong_password_writes_failure_audit" time="2.110" /><testcase classname="tests.test_security_hardening.TestPreferencesAudit" name="test_preferences_update_is_audited" time="1.859" /><testcase classname="tests.test_security_hardening.TestAuditReasonsAreMachineReadable" name="test_pin_create_wrong_password_uses_invalid_password_reason" time="2.173" /><testcase classname="tests.test_security_hardening.TestAuditReasonsAreMachineReadable" name="test_reauth_wrong_password_uses_invalid_password_reason" time="2.224" /><testcase classname="tests.test_security_hardening.TestSecretsNeverEchoed" name="test_pin_create_error_never_echoes_secret" time="1.430" /><testcase classname="tests.test_security_hardening.TestSecretsNeverEchoed" name="test_reauth_error_never_echoes_secret" time="1.430" /></testsuite></testsuites>