<?xml version="1.0" encoding="utf-8"?><testsuites name="pytest tests"><testsuite name="pytest" errors="0" failures="0" skipped="0" tests="32" time="10.313" timestamp="2026-04-21T16:37:09.365307+00:00" hostname="agent-env-6c035615-c11a-4f81-b545-3c63b8324508"><testcase classname="tests.test_phone_utils.TestNormalize" name="test_accepts_formatted[6155551212-6155551212]" time="0.190" /><testcase classname="tests.test_phone_utils.TestNormalize" name="test_accepts_formatted[615-555-1212-6155551212]" time="0.119" /><testcase classname="tests.test_phone_utils.TestNormalize" name="test_accepts_formatted[(615) 555-1212-6155551212]" time="0.112" /><testcase classname="tests.test_phone_utils.TestNormalize" name="test_accepts_formatted[(615)5551212-6155551212]" time="0.154" /><testcase classname="tests.test_phone_utils.TestNormalize" name="test_accepts_formatted[615.555.1212-6155551212]" time="0.135" /><testcase classname="tests.test_phone_utils.TestNormalize" name="test_accepts_formatted[ 6155551212 -6155551212]" time="0.164" /><testcase classname="tests.test_phone_utils.TestNormalize" name="test_accepts_formatted[+1 615 555 1212-6155551212]" time="0.123" /><testcase classname="tests.test_phone_utils.TestNormalize" name="test_accepts_formatted[1-615-555-1212-6155551212]" time="0.145" /><testcase classname="tests.test_phone_utils.TestNormalize" name="test_accepts_formatted[1 (615) 555-1212-6155551212]" time="0.128" /><testcase classname="tests.test_phone_utils.TestNormalize" name="test_none_is_none" time="0.123" /><testcase classname="tests.test_phone_utils.TestNormalize" name="test_blank_is_none" time="0.145" /><testcase classname="tests.test_phone_utils.TestNormalize" name="test_rejects_bad_length[555-1212]" time="0.138" /><testcase classname="tests.test_phone_utils.TestNormalize" name="test_rejects_bad_length[12345]" time="0.128" /><testcase classname="tests.test_phone_utils.TestNormalize" name="test_rejects_bad_length[61555512345]" time="0.131" /><testcase classname="tests.test_phone_utils.TestNormalize" name="test_rejects_bad_length[0615-555-1212]" time="0.137" /><testcase classname="tests.test_phone_utils.TestNormalize" name="test_rejects_bad_length[6155551212x99]" time="0.144" /><testcase classname="tests.test_phone_utils.TestNormalize" name="test_rejects_bad_length[61555]" time="0.110" /><testcase classname="tests.test_phone_utils.TestIsValid" name="test_empty_is_valid" time="0.107" /><testcase classname="tests.test_phone_utils.TestIsValid" name="test_10_digit_is_valid" time="0.113" /><testcase classname="tests.test_phone_utils.TestIsValid" name="test_bad_length_is_invalid" time="0.136" /><testcase classname="tests.test_phone_utils.TestFormat" name="test_formats_10_digit" time="0.137" /><testcase classname="tests.test_phone_utils.TestFormat" name="test_passes_through_legacy_strings" time="0.326" /><testcase classname="tests.test_phone_utils.TestFormat" name="test_none_and_empty" time="0.125" /><testcase classname="tests.test_phone_utils.TestSearchNormalize" name="test_strips_non_digits" time="0.149" /><testcase classname="tests.test_phone_utils.TestProfilePatchCanonicalises" name="test_formatted_input_stored_as_digits" time="1.142" /><testcase classname="tests.test_phone_utils.TestProfilePatchCanonicalises" name="test_plus1_prefix_stripped" time="1.215" /><testcase classname="tests.test_phone_utils.TestProfilePatchCanonicalises" name="test_malformed_rejected_422" time="1.220" /><testcase classname="tests.test_phone_utils.TestProfilePatchCanonicalises" name="test_empty_clears" time="1.238" /><testcase classname="tests.test_phone_utils.TestRegistrationNormalises" name="test_register_stores_digits_only" time="0.470" /><testcase classname="tests.test_phone_utils.TestRegistrationNormalises" name="test_register_rejects_malformed" time="0.265" /><testcase classname="tests.test_phone_utils.TestRegistrationNormalises" name="test_admin_create_normalises" time="0.761" /><testcase classname="tests.test_phone_utils.TestPatientSearchAcceptsFormatted" name="test_search_by_formatted_phone_matches" time="0.551" /></testsuite></testsuites>