<?xml version="1.0" encoding="utf-8"?><testsuites name="pytest tests"><testsuite name="pytest" errors="0" failures="0" skipped="0" tests="10" time="7.774" timestamp="2026-04-21T16:44:35.427995+00:00" hostname="agent-env-6c035615-c11a-4f81-b545-3c63b8324508"><testcase classname="tests.test_phone_scenarios.TestProfilePatch" name="test_formatted_canonicalises" time="3.410" /><testcase classname="tests.test_phone_scenarios.TestProfilePatch" name="test_malformed_rejected" time="0.832" /><testcase classname="tests.test_phone_scenarios.TestProfilePatch" name="test_short_rejected" time="0.782" /><testcase classname="tests.test_phone_scenarios.TestProfilePatch" name="test_empty_clears" time="0.951" /><testcase classname="tests.test_phone_scenarios.TestRegister" name="test_register_normalises" time="0.453" /><testcase classname="tests.test_phone_scenarios.TestRegister" name="test_register_rejects_malformed" time="0.211" /><testcase classname="tests.test_phone_scenarios.TestAdminCreate" name="test_admin_create_normalises" time="0.400" /><testcase classname="tests.test_phone_scenarios.TestPatientDemographics" name="test_soft_normalises_formatted" time="0.270" /><testcase classname="tests.test_phone_scenarios.TestPatientDemographics" name="test_soft_preserves_legacy" time="0.181" /><testcase classname="tests.test_phone_scenarios.TestPatientSearch" name="test_formatted_and_digits_equivalent" time="0.251" /></testsuite></testsuites>