<?xml version="1.0" encoding="utf-8"?><testsuites name="pytest tests"><testsuite name="pytest" errors="0" failures="0" skipped="0" tests="24" time="18.789" timestamp="2026-04-19T21:44:38.091549+00:00" hostname="agent-env-a98867fe-9b3c-42d0-8bea-669747b9787b"><testcase classname="tests.backend_test.TestHealth" name="test_health" time="0.194" /><testcase classname="tests.backend_test.TestPasswordPolicy" name="test_register_weak_rejected" time="0.128" /><testcase classname="tests.backend_test.TestPasswordPolicy" name="test_register_common_weak_rejected" time="0.110" /><testcase classname="tests.backend_test.TestPasswordPolicy" name="test_register_strong_auto_login" time="0.422" /><testcase classname="tests.backend_test.TestPasswordPolicy" name="test_change_password_rejects_reuse_and_weak" time="4.473" /><testcase classname="tests.backend_test.TestBruteForce" name="test_brute_force_lockout" time="2.227" /><testcase classname="tests.backend_test.TestMFA" name="test_mfa_full_flow" time="2.432" /><testcase classname="tests.backend_test.TestAuditLog" name="test_admin_only" time="1.624" /><testcase classname="tests.backend_test.TestAuditLog" name="test_audit_rows_have_required_fields_and_phi_flag" time="0.407" /><testcase classname="tests.backend_test.TestEncryptionAtRest" name="test_patient_free_text_encrypted" time="0.486" /><testcase classname="tests.backend_test.TestPHIMasking" name="test_list_masked_by_default_admin" time="0.049" /><testcase classname="tests.backend_test.TestPHIMasking" name="test_unmask_admin_returns_cleartext" time="0.054" /><testcase classname="tests.backend_test.TestBreakGlass" name="test_doctor_detail_requires_reason" time="0.214" /><testcase classname="tests.backend_test.TestBreakGlass" name="test_patient_self_no_reason_needed" time="0.101" /><testcase classname="tests.backend_test.TestStepUpReauth" name="test_add_record_requires_reauth" time="0.770" /><testcase classname="tests.backend_test.TestSoftDelete" name="test_soft_delete_with_reauth_and_reason" time="0.909" /><testcase classname="tests.backend_test.TestExport" name="test_admin_can_export" time="0.097" /><testcase classname="tests.backend_test.TestExport" name="test_doctor_forbidden_staff_forbidden" time="0.153" /><testcase classname="tests.backend_test.TestExport" name="test_patient_self_export" time="0.107" /><testcase classname="tests.backend_test.TestAccountDisable" name="test_disable_and_reenable" time="2.306" /><testcase classname="tests.backend_test.TestNotificationsMasking" name="test_admin_masked_default_and_unmask" time="0.108" /><testcase classname="tests.backend_test.TestSchedulingLifecycle" name="test_lifecycle_six_notifications_and_encrypted_notes" time="1.069" /><testcase classname="tests.backend_test.TestRBAC" name="test_doctor_cannot_list_notifications_or_audit" time="0.098" /><testcase classname="tests.backend_test.TestRBAC" name="test_patient_sees_only_self" time="0.060" /></testsuite></testsuites>