<?xml version="1.0" encoding="utf-8"?><testsuites name="pytest tests"><testsuite name="pytest" errors="0" failures="0" skipped="0" tests="34" time="24.334" timestamp="2026-04-19T22:19:22.801801+00:00" hostname="agent-env-a98867fe-9b3c-42d0-8bea-669747b9787b"><testcase classname="backend.tests.backend_test.TestHealth" name="test_health" time="0.191" /><testcase classname="backend.tests.backend_test.TestPasswordPolicy" name="test_register_weak_rejected" time="0.122" /><testcase classname="backend.tests.backend_test.TestPasswordPolicy" name="test_register_common_weak_rejected" time="0.124" /><testcase classname="backend.tests.backend_test.TestPasswordPolicy" name="test_register_strong_auto_login" time="0.405" /><testcase classname="backend.tests.backend_test.TestPasswordPolicy" name="test_change_password_rejects_reuse_and_weak" time="4.589" /><testcase classname="backend.tests.backend_test.TestBruteForce" name="test_brute_force_lockout" time="2.173" /><testcase classname="backend.tests.backend_test.TestMFA" name="test_mfa_full_flow" time="2.294" /><testcase classname="backend.tests.backend_test.TestAuditLog" name="test_admin_only" time="1.727" /><testcase classname="backend.tests.backend_test.TestAuditLog" name="test_audit_rows_have_required_fields_and_phi_flag" time="0.444" /><testcase classname="backend.tests.backend_test.TestEncryptionAtRest" name="test_patient_free_text_encrypted" time="0.555" /><testcase classname="backend.tests.backend_test.TestPHIMasking" name="test_list_masked_by_default_admin" time="0.062" /><testcase classname="backend.tests.backend_test.TestPHIMasking" name="test_unmask_admin_returns_cleartext" time="0.064" /><testcase classname="backend.tests.backend_test.TestBreakGlass" name="test_doctor_detail_requires_reason" time="0.223" /><testcase classname="backend.tests.backend_test.TestBreakGlass" name="test_patient_self_no_reason_needed" time="0.144" /><testcase classname="backend.tests.backend_test.TestStepUpReauth" name="test_add_record_requires_reauth" time="0.797" /><testcase classname="backend.tests.backend_test.TestSoftDelete" name="test_soft_delete_with_reauth_and_reason" time="0.966" /><testcase classname="backend.tests.backend_test.TestExport" name="test_admin_can_export" time="0.128" /><testcase classname="backend.tests.backend_test.TestExport" name="test_doctor_forbidden_staff_forbidden" time="0.159" /><testcase classname="backend.tests.backend_test.TestExport" name="test_patient_self_export" time="0.126" /><testcase classname="backend.tests.backend_test.TestAccountDisable" name="test_disable_and_reenable" time="1.218" /><testcase classname="backend.tests.backend_test.TestNotificationsMasking" name="test_admin_masked_default_and_unmask" time="0.125" /><testcase classname="backend.tests.backend_test.TestSchedulingLifecycle" name="test_lifecycle_six_notifications_and_encrypted_notes" time="1.113" /><testcase classname="backend.tests.backend_test.TestRBAC" name="test_doctor_cannot_list_notifications_or_audit" time="0.096" /><testcase classname="backend.tests.backend_test.TestRBAC" name="test_patient_sees_only_self" time="0.059" /><testcase classname="backend.tests.test_perf_cache_rate.TestPerfStats" name="test_redis_ping" time="0.002" /><testcase classname="backend.tests.test_perf_cache_rate.TestPerfStats" name="test_stats_admin_ok" time="0.418" /><testcase classname="backend.tests.test_perf_cache_rate.TestPerfStats" name="test_stats_forbidden_for_non_admin" time="1.268" /><testcase classname="backend.tests.test_perf_cache_rate.TestProvidersCache" name="test_providers_cache_hit_and_invalidation" time="0.692" /><testcase classname="backend.tests.test_perf_cache_rate.TestPatientsCache" name="test_masked_cached_unmask_never_cached_and_invalidated_on_write" time="0.397" /><testcase classname="backend.tests.test_perf_cache_rate.TestAppointmentsCacheAndRAW" name="test_list_cache_and_raw_on_update_and_cancel" time="0.648" /><testcase classname="backend.tests.test_perf_cache_rate.TestPatientPutRAW" name="test_put_patient_reflects_new_name_in_body" time="0.129" /><testcase classname="backend.tests.test_perf_cache_rate.TestRateLimit" name="test_login_ip_rate_limit_blocks_31st" time="0.452" /><testcase classname="backend.tests.test_perf_cache_rate.TestRateLimit" name="test_x_forwarded_for_resets_ip_bucket" time="0.157" /><testcase classname="backend.tests.test_perf_cache_rate.TestRedisFallback" name="test_app_healthy_when_redis_stopped" time="2.076" /></testsuite></testsuites>